#
# There is insufficient memory for the Java Runtime Environment to continue.
# Native memory allocation (mmap) failed to map 100663296 bytes for G1 virtual space
# Possible reasons:
#   The system is out of physical RAM or swap space
#   The process is running with CompressedOops enabled, and the Java Heap may be blocking the growth of the native heap
# Possible solutions:
#   Reduce memory load on the system
#   Increase physical memory or swap space
#   Check if swap backing store is full
#   Decrease Java heap size (-Xmx/-Xms)
#   Decrease number of Java threads
#   Decrease Java thread stack sizes (-Xss)
#   Set larger code cache with -XX:ReservedCodeCacheSize=
#   JVM is running with Unscaled Compressed Oops mode in which the Java heap is
#     placed in the first 4GB address space. The Java Heap base address is the
#     maximum limit for the native heap growth. Please use -XX:HeapBaseMinAddress
#     to set the Java Heap base and to place the Java Heap above 4GB virtual address.
# This output file may be truncated or incomplete.
#
#  Out of Memory Error (os_windows.cpp:3532), pid=33016, tid=17748
#
# JRE version:  (17.0.2+8) (build )
# Java VM: Java HotSpot(TM) 64-Bit Server VM (17.0.2+8-LTS-86, mixed mode, sharing, tiered, compressed oops, compressed class ptrs, g1 gc, windows-amd64)
# No core dump will be written. Minidumps are not enabled by default on client versions of Windows
#

---------------  S U M M A R Y ------------

Command Line: -Dfile.encoding=UTF-8 --module-path=C:\Users\91734\Documents\NetBeansProjects\bank management system\build\classes bank.management.system.Login

Host: AMD Ryzen 3 3250U with Radeon Graphics         , 4 cores, 5G,  Windows 10 , 64 bit Build 19041 (10.0.19041.3636)
Time: Mon Jun 17 20:28:42 2024 India Standard Time elapsed time: 0.055215 seconds (0d 0h 0m 0s)

---------------  T H R E A D  ---------------

Current thread (0x0000021896d92820):  JavaThread "Unknown thread" [_thread_in_vm, id=17748, stack(0x0000006c94600000,0x0000006c94700000)]

Stack: [0x0000006c94600000,0x0000006c94700000]
Native frames: (J=compiled Java code, j=interpreted, Vv=VM code, C=native code)
V  [jvm.dll+0x670baa]
V  [jvm.dll+0x7cfcb4]
V  [jvm.dll+0x7d145e]
V  [jvm.dll+0x7d1ac3]
V  [jvm.dll+0x242bc5]
V  [jvm.dll+0x66dac9]
V  [jvm.dll+0x662412]
V  [jvm.dll+0x300c0b]
V  [jvm.dll+0x3081a6]
V  [jvm.dll+0x357d0e]
V  [jvm.dll+0x357f3f]
V  [jvm.dll+0x2d7ec8]
V  [jvm.dll+0x2d8e34]
V  [jvm.dll+0x7a18c1]
V  [jvm.dll+0x365a91]
V  [jvm.dll+0x780d2c]
V  [jvm.dll+0x3e845f]
V  [jvm.dll+0x3e9f01]
C  [jli.dll+0x527b]
C  [ucrtbase.dll+0x21bb2]
C  [KERNEL32.DLL+0x17344]
C  [ntdll.dll+0x526b1]


---------------  P R O C E S S  ---------------

Threads class SMR info:
_java_thread_list=0x00007fffc7659858, length=0, elements={
}

Java Threads: ( => current thread )

Other Threads:
  0x0000021896dc7220 GCTaskThread "GC Thread#0" [stack: 0x0000006c94700000,0x0000006c94800000] [id=34996]
  0x0000021896dd62d0 ConcurrentGCThread "G1 Main Marker" [stack: 0x0000006c94800000,0x0000006c94900000] [id=35268]
  0x0000021896dd7390 ConcurrentGCThread "G1 Conc#0" [stack: 0x0000006c94900000,0x0000006c94a00000] [id=34196]

[error occurred during error reporting (printing all threads), id 0xc0000005, EXCEPTION_ACCESS_VIOLATION (0xc0000005) at pc=0x00007fffc6ea88a7]

VM state: not at safepoint (not fully initialized)

VM Mutex/Monitor currently owned by a thread:  ([mutex/lock_event])
[0x0000021896d8d650] Heap_lock - owner thread: 0x0000021896d92820

Heap address: 0x00000000a0e00000, size: 1522 MB, Compressed Oops mode: 32-bit

CDS archive(s) mapped at: [0x0000000000000000-0x0000000000000000-0x0000000000000000), size 0, SharedBaseAddress: 0x0000000800000000, ArchiveRelocationMode: 0.
Narrow klass base: 0x0000000000000000, Narrow klass shift: 0, Narrow klass range: 0x0

GC Precious Log:
<Empty>

Heap:
 garbage-first heap   total 0K, used 0K [0x00000000a0e00000, 0x0000000100000000)
  region size 1024K, 0 young (0K), 0 survivors (0K)

[error occurred during error reporting (printing heap information), id 0xc0000005, EXCEPTION_ACCESS_VIOLATION (0xc0000005) at pc=0x00007fffc7289f19]

GC Heap History (0 events):
No events

Deoptimization events (0 events):
No events

Classes unloaded (0 events):
No events

Classes redefined (0 events):
No events

Internal exceptions (0 events):
No events

VM Operations (0 events):
No events

Events (1 events):
Event: 0.024 Loaded shared library C:\Program Files\Java\jdk-17.0.2\bin\java.dll


Dynamic libraries:
0x00007ff63f950000 - 0x00007ff63f960000 	C:\Program Files\Java\jdk-17.0.2\bin\java.exe
0x00007ff8432d0000 - 0x00007ff8434c8000 	C:\windows\SYSTEM32\ntdll.dll
0x00007ff842e30000 - 0x00007ff842eed000 	C:\windows\System32\KERNEL32.DLL
0x00007ff840b10000 - 0x00007ff840e06000 	C:\windows\System32\KERNELBASE.dll
0x00007ff840fc0000 - 0x00007ff8410c0000 	C:\windows\System32\ucrtbase.dll
0x00007ff83bf80000 - 0x00007ff83bf9a000 	C:\Program Files\Java\jdk-17.0.2\bin\VCRUNTIME140.dll
0x00007ff825080000 - 0x00007ff825098000 	C:\Program Files\Java\jdk-17.0.2\bin\jli.dll
0x00007ff8421d0000 - 0x00007ff842280000 	C:\windows\System32\ADVAPI32.dll
0x00007ff842b80000 - 0x00007ff842c1e000 	C:\windows\System32\msvcrt.dll
0x00007ff842d90000 - 0x00007ff842e30000 	C:\windows\System32\sechost.dll
0x00007ff842a50000 - 0x00007ff842b75000 	C:\windows\System32\RPCRT4.dll
0x00007ff8412d0000 - 0x00007ff8412f7000 	C:\windows\System32\bcrypt.dll
0x00007ff842360000 - 0x00007ff8424fe000 	C:\windows\System32\USER32.dll
0x00007ff840f00000 - 0x00007ff840f22000 	C:\windows\System32\win32u.dll
0x00007ff82b290000 - 0x00007ff82b52a000 	C:\windows\WinSxS\amd64_microsoft.windows.common-controls_6595b64144ccf1df_6.0.19041.3636_none_60b6a03d71f818d5\COMCTL32.dll
0x00007ff842c30000 - 0x00007ff842c5b000 	C:\windows\System32\GDI32.dll
0x00007ff8409f0000 - 0x00007ff840b07000 	C:\windows\System32\gdi32full.dll
0x00007ff840e10000 - 0x00007ff840ead000 	C:\windows\System32\msvcp_win.dll
0x00007ff836320000 - 0x00007ff83632a000 	C:\windows\SYSTEM32\VERSION.dll
0x00007ff842a10000 - 0x00007ff842a42000 	C:\windows\System32\IMM32.DLL
0x00007ff83c7e0000 - 0x00007ff83c7ec000 	C:\Program Files\Java\jdk-17.0.2\bin\vcruntime140_1.dll
0x00007ff8045e0000 - 0x00007ff80466d000 	C:\Program Files\Java\jdk-17.0.2\bin\msvcp140.dll
0x00007fffc6bc0000 - 0x00007fffc7781000 	C:\Program Files\Java\jdk-17.0.2\bin\server\jvm.dll
0x00007ff843150000 - 0x00007ff843158000 	C:\windows\System32\PSAPI.DLL
0x00007ff8362f0000 - 0x00007ff836317000 	C:\windows\SYSTEM32\WINMM.dll
0x00007ff8244c0000 - 0x00007ff8244c9000 	C:\windows\SYSTEM32\WSOCK32.dll
0x00007ff842640000 - 0x00007ff8426ab000 	C:\windows\System32\WS2_32.dll
0x00007ff83e750000 - 0x00007ff83e762000 	C:\windows\SYSTEM32\kernel.appcore.dll
0x00007ff83c1f0000 - 0x00007ff83c1fa000 	C:\Program Files\Java\jdk-17.0.2\bin\jimage.dll
0x00007ff839780000 - 0x00007ff839964000 	C:\windows\SYSTEM32\DBGHELP.DLL
0x00007ff825a00000 - 0x00007ff825a34000 	C:\windows\SYSTEM32\dbgcore.DLL
0x00007ff840f30000 - 0x00007ff840fb2000 	C:\windows\System32\bcryptPrimitives.dll
0x00007ff825140000 - 0x00007ff825165000 	C:\Program Files\Java\jdk-17.0.2\bin\java.dll

dbghelp: loaded successfully - version: 4.0.5 - missing functions: none
symbol engine: initialized successfully - sym options: 0x614 - pdb path: .;C:\Program Files\Java\jdk-17.0.2\bin;C:\windows\SYSTEM32;C:\windows\WinSxS\amd64_microsoft.windows.common-controls_6595b64144ccf1df_6.0.19041.3636_none_60b6a03d71f818d5;C:\Program Files\Java\jdk-17.0.2\bin\server

VM Arguments:
jvm_args: -Dfile.encoding=UTF-8 --module-path=C:\Users\91734\Documents\NetBeansProjects\bank management system\build\classes 
java_command: bank.management.system.Login
java_class_path (initial): C:\Users\91734\Downloads\jcalendar-tz-1.3.3-4.jar;C:\Java;C:\Users\91734\Downloads\mysql-connector-java-8.0.28.jar;C:\Users\91734\Documents\NetBeansProjects\bank management system\build\classes
Launcher Type: SUN_STANDARD

[Global flags]
     intx CICompilerCount                          = 3                                         {product} {ergonomic}
     uint ConcGCThreads                            = 1                                         {product} {ergonomic}
     uint G1ConcRefinementThreads                  = 4                                         {product} {ergonomic}
   size_t G1HeapRegionSize                         = 1048576                                   {product} {ergonomic}
    uintx GCDrainStackTargetSize                   = 64                                        {product} {ergonomic}
   size_t InitialHeapSize                          = 100663296                                 {product} {ergonomic}
   size_t MarkStackSize                            = 4194304                                   {product} {ergonomic}
   size_t MaxHeapSize                              = 1595932672                                {product} {ergonomic}
   size_t MinHeapDeltaBytes                        = 1048576                                   {product} {ergonomic}
   size_t MinHeapSize                              = 8388608                                   {product} {ergonomic}
    uintx NonNMethodCodeHeapSize                   = 5832780                                {pd product} {ergonomic}
    uintx NonProfiledCodeHeapSize                  = 122912730                              {pd product} {ergonomic}
    uintx ProfiledCodeHeapSize                     = 122912730                              {pd product} {ergonomic}
    uintx ReservedCodeCacheSize                    = 251658240                              {pd product} {ergonomic}
     bool SegmentedCodeCache                       = true                                      {product} {ergonomic}
   size_t SoftMaxHeapSize                          = 1595932672                             {manageable} {ergonomic}
     bool UseCompressedClassPointers               = true                           {product lp64_product} {ergonomic}
     bool UseCompressedOops                        = true                           {product lp64_product} {ergonomic}
     bool UseG1GC                                  = true                                      {product} {ergonomic}
     bool UseLargePagesIndividualAllocation        = false                                  {pd product} {ergonomic}

Logging:
Log output configuration:
 #0: stdout all=warning uptime,level,tags
 #1: stderr all=off uptime,level,tags

Environment Variables:
PATH=C:\Program Files\Common Files\Oracle\Java\javapath;C:\Program Files (x86)\NVIDIA Corporation\PhysX\Common;C:\windows\system32;C:\windows;C:\windows\System32\Wbem;C:\windows\System32\WindowsPowerShell\v1.0\;C:\windows\System32\OpenSSH\;C:\Program Files (x86)\Windows Kits\8.1\Windows Performance Toolkit\;C:\Program Files\HP\HP One Agent;C:\Program Files\Java\jdk-17.0.2\bin;C:\Program Files\Java\jdk-17.0.2\bin;C:\Program Files\MySQL\MySQL Shell 8.0\bin\;C:\Users\91734\AppData\Local\Microsoft\WindowsApps;
USERNAME=91734
OS=Windows_NT
PROCESSOR_IDENTIFIER=AMD64 Family 23 Model 24 Stepping 1, AuthenticAMD



---------------  S Y S T E M  ---------------

OS:
 Windows 10 , 64 bit Build 19041 (10.0.19041.3636)
OS uptime: 4 days 12:47 hours

CPU: total 4 (initial active 4) (4 cores per cpu, 2 threads per core) family 23 model 24 stepping 1 microcode 0x0, cx8, cmov, fxsr, ht, mmx, 3dnowpref, sse, sse2, sse3, ssse3, sse4a, sse4.1, sse4.2, popcnt, lzcnt, tsc, tscinvbit, avx, avx2, aes, clmul, bmi1, bmi2, adx, sha, fma, vzeroupper, clflush, clflushopt

Memory: 4k page, system-wide physical 6086M (715M free)
TotalPageFile size 24518M (AvailPageFile size 42M)
current process WorkingSet (physical memory assigned to process): 10M, peak: 10M
current process commit charge ("private bytes"): 51M, peak: 147M

vm_info: Java HotSpot(TM) 64-Bit Server VM (17.0.2+8-LTS-86) for windows-amd64 JRE (17.0.2+8-LTS-86), built on Dec  7 2021 21:51:03 by "mach5one" with MS VC++ 16.8 / 16.9 (VS2019)

END.
