#
# There is insufficient memory for the Java Runtime Environment to continue.
# Native memory allocation (mmap) failed to map 65536 bytes for Failed to commit metaspace.
# Possible reasons:
#   The system is out of physical RAM or swap space
#   The process is running with CompressedOops enabled, and the Java Heap may be blocking the growth of the native heap
# Possible solutions:
#   Reduce memory load on the system
#   Increase physical memory or swap space
#   Check if swap backing store is full
#   Decrease Java heap size (-Xmx/-Xms)
#   Decrease number of Java threads
#   Decrease Java thread stack sizes (-Xss)
#   Set larger code cache with -XX:ReservedCodeCacheSize=
#   JVM is running with Unscaled Compressed Oops mode in which the Java heap is
#     placed in the first 4GB address space. The Java Heap base address is the
#     maximum limit for the native heap growth. Please use -XX:HeapBaseMinAddress
#     to set the Java Heap base and to place the Java Heap above 4GB virtual address.
# This output file may be truncated or incomplete.
#
#  Out of Memory Error (virtualSpaceNode.cpp:110), pid=31496, tid=29228
#
# JRE version: Java(TM) SE Runtime Environment (17.0.2+8) (build 17.0.2+8-LTS-86)
# Java VM: Java HotSpot(TM) 64-Bit Server VM (17.0.2+8-LTS-86, mixed mode, tiered, compressed oops, compressed class ptrs, g1 gc, windows-amd64)
# No core dump will be written. Minidumps are not enabled by default on client versions of Windows
#

---------------  S U M M A R Y ------------

Command Line: -Dfile.encoding=UTF-8 --module-path=C:\Users\91734\Documents\NetBeansProjects\bank management system\build\classes bank.management.system.Login

Host: AMD Ryzen 3 3250U with Radeon Graphics         , 4 cores, 5G,  Windows 10 , 64 bit Build 19041 (10.0.19041.3636)
Time: Thu Jun 20 15:44:03 2024 India Standard Time elapsed time: 2.957779 seconds (0d 0h 0m 2s)

---------------  T H R E A D  ---------------

Current thread (0x0000019c7dfb11e0):  JavaThread "main" [_thread_in_vm, id=29228, stack(0x00000003cf300000,0x00000003cf400000)]

Stack: [0x00000003cf300000,0x00000003cf400000]
Native frames: (J=compiled Java code, j=interpreted, Vv=VM code, C=native code)
V  [jvm.dll+0x670baa]
V  [jvm.dll+0x7cfcb4]
V  [jvm.dll+0x7d145e]
V  [jvm.dll+0x7d1ac3]
V  [jvm.dll+0x242bc5]
V  [jvm.dll+0x7cbc5b]
V  [jvm.dll+0x616966]
V  [jvm.dll+0x6169ca]
V  [jvm.dll+0x6191da]
V  [jvm.dll+0x617306]
V  [jvm.dll+0x238556]
V  [jvm.dll+0x1e880d]
V  [jvm.dll+0x1de251]
V  [jvm.dll+0x537c30]
V  [jvm.dll+0x1eea37]
V  [jvm.dll+0x74a15b]
V  [jvm.dll+0x74b502]
V  [jvm.dll+0x74b838]
V  [jvm.dll+0x23af1e]
V  [jvm.dll+0x37d0fe]
C  0x0000019c0778f2a3

Java frames: (J=compiled Java code, j=interpreted, Vv=VM code)
j  jdk.internal.access.SharedSecrets.getJavaNetUriAccess()Ljdk/internal/access/JavaNetUriAccess;+8 java.base
j  jdk.internal.module.SystemModuleFinders.<clinit>()V+0 java.base
v  ~StubRoutines::call_stub
j  jdk.internal.module.ModuleBootstrap.boot2()Ljava/lang/ModuleLayer;+228 java.base
j  jdk.internal.module.ModuleBootstrap.boot()Ljava/lang/ModuleLayer;+64 java.base
j  java.lang.System.initPhase2(ZZ)I+0 java.base
v  ~StubRoutines::call_stub

---------------  P R O C E S S  ---------------

Threads class SMR info:
_java_thread_list=0x0000019c1c6326a0, length=10, elements={
0x0000019c7dfb11e0, 0x0000019c1c5fb030, 0x0000019c1c5ffdd0, 0x0000019c1c61e4c0,
0x0000019c1c61ef80, 0x0000019c1c621850, 0x0000019c1c622520, 0x0000019c1c626610,
0x0000019c1c6333f0, 0x0000019c1c647910
}

Java Threads: ( => current thread )
=>0x0000019c7dfb11e0 JavaThread "main" [_thread_in_vm, id=29228, stack(0x00000003cf300000,0x00000003cf400000)]
  0x0000019c1c5fb030 JavaThread "Reference Handler" daemon [_thread_blocked, id=8688, stack(0x00000003cfa00000,0x00000003cfb00000)]
  0x0000019c1c5ffdd0 JavaThread "Finalizer" daemon [_thread_blocked, id=29276, stack(0x00000003cfb00000,0x00000003cfc00000)]
  0x0000019c1c61e4c0 JavaThread "Signal Dispatcher" daemon [_thread_blocked, id=32380, stack(0x00000003cfc00000,0x00000003cfd00000)]
  0x0000019c1c61ef80 JavaThread "Attach Listener" daemon [_thread_blocked, id=30688, stack(0x00000003cfd00000,0x00000003cfe00000)]
  0x0000019c1c621850 JavaThread "Service Thread" daemon [_thread_blocked, id=19116, stack(0x00000003cfe00000,0x00000003cff00000)]
  0x0000019c1c622520 JavaThread "Monitor Deflation Thread" daemon [_thread_blocked, id=3724, stack(0x00000003cff00000,0x00000003d0000000)]
  0x0000019c1c626610 JavaThread "C2 CompilerThread0" daemon [_thread_blocked, id=26960, stack(0x00000003d0000000,0x00000003d0100000)]
  0x0000019c1c6333f0 JavaThread "C1 CompilerThread0" daemon [_thread_blocked, id=30980, stack(0x00000003d0100000,0x00000003d0200000)]
  0x0000019c1c647910 JavaThread "Sweeper thread" daemon [_thread_blocked, id=32476, stack(0x00000003d0200000,0x00000003d0300000)]

Other Threads:
  0x0000019c1c595f20 VMThread "VM Thread" [stack: 0x00000003cf900000,0x00000003cfa00000] [id=22732]
  0x0000019c7dfe8100 GCTaskThread "GC Thread#0" [stack: 0x00000003cf400000,0x00000003cf500000] [id=17336]
  0x0000019c7dff5da0 ConcurrentGCThread "G1 Main Marker" [stack: 0x00000003cf500000,0x00000003cf600000] [id=6728]
  0x0000019c7dff7e70 ConcurrentGCThread "G1 Conc#0" [stack: 0x00000003cf600000,0x00000003cf700000] [id=27444]
  0x0000019c7e05d320 ConcurrentGCThread "G1 Refine#0" [stack: 0x00000003cf700000,0x00000003cf800000] [id=12000]
  0x0000019c7e05ec60 ConcurrentGCThread "G1 Service" [stack: 0x00000003cf800000,0x00000003cf900000] [id=13136]

Threads with active compile tasks:

VM state: not at safepoint (normal execution)

VM Mutex/Monitor currently owned by a thread:  ([mutex/lock_event])
[0x0000019c7dfabdd0] Metaspace_lock - owner thread: 0x0000019c7dfb11e0

Heap address: 0x00000000a0e00000, size: 1522 MB, Compressed Oops mode: 32-bit

CDS archive(s) not mapped
Compressed class space mapped at: 0x0000000100000000-0x0000000140000000, reserved size: 1073741824
Narrow klass base: 0x0000000000000000, Narrow klass shift: 3, Narrow klass range: 0x140000000

GC Precious Log:
 CPUs: 4 total, 4 available
 Memory: 6086M
 Large Page Support: Disabled
 NUMA Support: Disabled
 Compressed Oops: Enabled (32-bit)
 Heap Region Size: 1M
 Heap Min Capacity: 8M
 Heap Initial Capacity: 96M
 Heap Max Capacity: 1522M
 Pre-touch: Disabled
 Parallel Workers: 4
 Concurrent Workers: 1
 Concurrent Refinement Workers: 4
 Periodic GC: Disabled

Heap:
 garbage-first heap   total 98304K, used 0K [0x00000000a0e00000, 0x0000000100000000)
  region size 1024K, 1 young (1024K), 0 survivors (0K)
 Metaspace       used 3112K, committed 3136K, reserved 1056768K
  class space    used 233K, committed 256K, reserved 1048576K

Heap Regions: E=young(eden), S=young(survivor), O=old, HS=humongous(starts), HC=humongous(continues), CS=collection set, F=free, OA=open archive, CA=closed archive, TAMS=top-at-mark-start (previous, next)
|   0|0x00000000a0e00000, 0x00000000a0e00000, 0x00000000a0f00000|  0%| F|  |TAMS 0x00000000a0e00000, 0x00000000a0e00000| Untracked 
|   1|0x00000000a0f00000, 0x00000000a0f00000, 0x00000000a1000000|  0%| F|  |TAMS 0x00000000a0f00000, 0x00000000a0f00000| Untracked 
|   2|0x00000000a1000000, 0x00000000a1000000, 0x00000000a1100000|  0%| F|  |TAMS 0x00000000a1000000, 0x00000000a1000000| Untracked 
|   3|0x00000000a1100000, 0x00000000a1100000, 0x00000000a1200000|  0%| F|  |TAMS 0x00000000a1100000, 0x00000000a1100000| Untracked 
|   4|0x00000000a1200000, 0x00000000a1200000, 0x00000000a1300000|  0%| F|  |TAMS 0x00000000a1200000, 0x00000000a1200000| Untracked 
|   5|0x00000000a1300000, 0x00000000a1300000, 0x00000000a1400000|  0%| F|  |TAMS 0x00000000a1300000, 0x00000000a1300000| Untracked 
|   6|0x00000000a1400000, 0x00000000a1400000, 0x00000000a1500000|  0%| F|  |TAMS 0x00000000a1400000, 0x00000000a1400000| Untracked 
|   7|0x00000000a1500000, 0x00000000a1500000, 0x00000000a1600000|  0%| F|  |TAMS 0x00000000a1500000, 0x00000000a1500000| Untracked 
|   8|0x00000000a1600000, 0x00000000a1600000, 0x00000000a1700000|  0%| F|  |TAMS 0x00000000a1600000, 0x00000000a1600000| Untracked 
|   9|0x00000000a1700000, 0x00000000a1700000, 0x00000000a1800000|  0%| F|  |TAMS 0x00000000a1700000, 0x00000000a1700000| Untracked 
|  10|0x00000000a1800000, 0x00000000a1800000, 0x00000000a1900000|  0%| F|  |TAMS 0x00000000a1800000, 0x00000000a1800000| Untracked 
|  11|0x00000000a1900000, 0x00000000a1900000, 0x00000000a1a00000|  0%| F|  |TAMS 0x00000000a1900000, 0x00000000a1900000| Untracked 
|  12|0x00000000a1a00000, 0x00000000a1a00000, 0x00000000a1b00000|  0%| F|  |TAMS 0x00000000a1a00000, 0x00000000a1a00000| Untracked 
|  13|0x00000000a1b00000, 0x00000000a1b00000, 0x00000000a1c00000|  0%| F|  |TAMS 0x00000000a1b00000, 0x00000000a1b00000| Untracked 
|  14|0x00000000a1c00000, 0x00000000a1c00000, 0x00000000a1d00000|  0%| F|  |TAMS 0x00000000a1c00000, 0x00000000a1c00000| Untracked 
|  15|0x00000000a1d00000, 0x00000000a1d00000, 0x00000000a1e00000|  0%| F|  |TAMS 0x00000000a1d00000, 0x00000000a1d00000| Untracked 
|  16|0x00000000a1e00000, 0x00000000a1e00000, 0x00000000a1f00000|  0%| F|  |TAMS 0x00000000a1e00000, 0x00000000a1e00000| Untracked 
|  17|0x00000000a1f00000, 0x00000000a1f00000, 0x00000000a2000000|  0%| F|  |TAMS 0x00000000a1f00000, 0x00000000a1f00000| Untracked 
|  18|0x00000000a2000000, 0x00000000a2000000, 0x00000000a2100000|  0%| F|  |TAMS 0x00000000a2000000, 0x00000000a2000000| Untracked 
|  19|0x00000000a2100000, 0x00000000a2100000, 0x00000000a2200000|  0%| F|  |TAMS 0x00000000a2100000, 0x00000000a2100000| Untracked 
|  20|0x00000000a2200000, 0x00000000a2200000, 0x00000000a2300000|  0%| F|  |TAMS 0x00000000a2200000, 0x00000000a2200000| Untracked 
|  21|0x00000000a2300000, 0x00000000a2300000, 0x00000000a2400000|  0%| F|  |TAMS 0x00000000a2300000, 0x00000000a2300000| Untracked 
|  22|0x00000000a2400000, 0x00000000a2400000, 0x00000000a2500000|  0%| F|  |TAMS 0x00000000a2400000, 0x00000000a2400000| Untracked 
|  23|0x00000000a2500000, 0x00000000a2500000, 0x00000000a2600000|  0%| F|  |TAMS 0x00000000a2500000, 0x00000000a2500000| Untracked 
|  24|0x00000000a2600000, 0x00000000a2600000, 0x00000000a2700000|  0%| F|  |TAMS 0x00000000a2600000, 0x00000000a2600000| Untracked 
|  25|0x00000000a2700000, 0x00000000a2700000, 0x00000000a2800000|  0%| F|  |TAMS 0x00000000a2700000, 0x00000000a2700000| Untracked 
|  26|0x00000000a2800000, 0x00000000a2800000, 0x00000000a2900000|  0%| F|  |TAMS 0x00000000a2800000, 0x00000000a2800000| Untracked 
|  27|0x00000000a2900000, 0x00000000a2900000, 0x00000000a2a00000|  0%| F|  |TAMS 0x00000000a2900000, 0x00000000a2900000| Untracked 
|  28|0x00000000a2a00000, 0x00000000a2a00000, 0x00000000a2b00000|  0%| F|  |TAMS 0x00000000a2a00000, 0x00000000a2a00000| Untracked 
|  29|0x00000000a2b00000, 0x00000000a2b00000, 0x00000000a2c00000|  0%| F|  |TAMS 0x00000000a2b00000, 0x00000000a2b00000| Untracked 
|  30|0x00000000a2c00000, 0x00000000a2c00000, 0x00000000a2d00000|  0%| F|  |TAMS 0x00000000a2c00000, 0x00000000a2c00000| Untracked 
|  31|0x00000000a2d00000, 0x00000000a2d00000, 0x00000000a2e00000|  0%| F|  |TAMS 0x00000000a2d00000, 0x00000000a2d00000| Untracked 
|  32|0x00000000a2e00000, 0x00000000a2e00000, 0x00000000a2f00000|  0%| F|  |TAMS 0x00000000a2e00000, 0x00000000a2e00000| Untracked 
|  33|0x00000000a2f00000, 0x00000000a2f00000, 0x00000000a3000000|  0%| F|  |TAMS 0x00000000a2f00000, 0x00000000a2f00000| Untracked 
|  34|0x00000000a3000000, 0x00000000a3000000, 0x00000000a3100000|  0%| F|  |TAMS 0x00000000a3000000, 0x00000000a3000000| Untracked 
|  35|0x00000000a3100000, 0x00000000a3100000, 0x00000000a3200000|  0%| F|  |TAMS 0x00000000a3100000, 0x00000000a3100000| Untracked 
|  36|0x00000000a3200000, 0x00000000a3200000, 0x00000000a3300000|  0%| F|  |TAMS 0x00000000a3200000, 0x00000000a3200000| Untracked 
|  37|0x00000000a3300000, 0x00000000a3300000, 0x00000000a3400000|  0%| F|  |TAMS 0x00000000a3300000, 0x00000000a3300000| Untracked 
|  38|0x00000000a3400000, 0x00000000a3400000, 0x00000000a3500000|  0%| F|  |TAMS 0x00000000a3400000, 0x00000000a3400000| Untracked 
|  39|0x00000000a3500000, 0x00000000a3500000, 0x00000000a3600000|  0%| F|  |TAMS 0x00000000a3500000, 0x00000000a3500000| Untracked 
|  40|0x00000000a3600000, 0x00000000a3600000, 0x00000000a3700000|  0%| F|  |TAMS 0x00000000a3600000, 0x00000000a3600000| Untracked 
|  41|0x00000000a3700000, 0x00000000a3700000, 0x00000000a3800000|  0%| F|  |TAMS 0x00000000a3700000, 0x00000000a3700000| Untracked 
|  42|0x00000000a3800000, 0x00000000a3800000, 0x00000000a3900000|  0%| F|  |TAMS 0x00000000a3800000, 0x00000000a3800000| Untracked 
|  43|0x00000000a3900000, 0x00000000a3900000, 0x00000000a3a00000|  0%| F|  |TAMS 0x00000000a3900000, 0x00000000a3900000| Untracked 
|  44|0x00000000a3a00000, 0x00000000a3a00000, 0x00000000a3b00000|  0%| F|  |TAMS 0x00000000a3a00000, 0x00000000a3a00000| Untracked 
|  45|0x00000000a3b00000, 0x00000000a3b00000, 0x00000000a3c00000|  0%| F|  |TAMS 0x00000000a3b00000, 0x00000000a3b00000| Untracked 
|  46|0x00000000a3c00000, 0x00000000a3c00000, 0x00000000a3d00000|  0%| F|  |TAMS 0x00000000a3c00000, 0x00000000a3c00000| Untracked 
|  47|0x00000000a3d00000, 0x00000000a3d00000, 0x00000000a3e00000|  0%| F|  |TAMS 0x00000000a3d00000, 0x00000000a3d00000| Untracked 
|  48|0x00000000a3e00000, 0x00000000a3e00000, 0x00000000a3f00000|  0%| F|  |TAMS 0x00000000a3e00000, 0x00000000a3e00000| Untracked 
|  49|0x00000000a3f00000, 0x00000000a3f00000, 0x00000000a4000000|  0%| F|  |TAMS 0x00000000a3f00000, 0x00000000a3f00000| Untracked 
|  50|0x00000000a4000000, 0x00000000a4000000, 0x00000000a4100000|  0%| F|  |TAMS 0x00000000a4000000, 0x00000000a4000000| Untracked 
|  51|0x00000000a4100000, 0x00000000a4100000, 0x00000000a4200000|  0%| F|  |TAMS 0x00000000a4100000, 0x00000000a4100000| Untracked 
|  52|0x00000000a4200000, 0x00000000a4200000, 0x00000000a4300000|  0%| F|  |TAMS 0x00000000a4200000, 0x00000000a4200000| Untracked 
|  53|0x00000000a4300000, 0x00000000a4300000, 0x00000000a4400000|  0%| F|  |TAMS 0x00000000a4300000, 0x00000000a4300000| Untracked 
|  54|0x00000000a4400000, 0x00000000a4400000, 0x00000000a4500000|  0%| F|  |TAMS 0x00000000a4400000, 0x00000000a4400000| Untracked 
|  55|0x00000000a4500000, 0x00000000a4500000, 0x00000000a4600000|  0%| F|  |TAMS 0x00000000a4500000, 0x00000000a4500000| Untracked 
|  56|0x00000000a4600000, 0x00000000a4600000, 0x00000000a4700000|  0%| F|  |TAMS 0x00000000a4600000, 0x00000000a4600000| Untracked 
|  57|0x00000000a4700000, 0x00000000a4700000, 0x00000000a4800000|  0%| F|  |TAMS 0x00000000a4700000, 0x00000000a4700000| Untracked 
|  58|0x00000000a4800000, 0x00000000a4800000, 0x00000000a4900000|  0%| F|  |TAMS 0x00000000a4800000, 0x00000000a4800000| Untracked 
|  59|0x00000000a4900000, 0x00000000a4900000, 0x00000000a4a00000|  0%| F|  |TAMS 0x00000000a4900000, 0x00000000a4900000| Untracked 
|  60|0x00000000a4a00000, 0x00000000a4a00000, 0x00000000a4b00000|  0%| F|  |TAMS 0x00000000a4a00000, 0x00000000a4a00000| Untracked 
|  61|0x00000000a4b00000, 0x00000000a4b00000, 0x00000000a4c00000|  0%| F|  |TAMS 0x00000000a4b00000, 0x00000000a4b00000| Untracked 
|  62|0x00000000a4c00000, 0x00000000a4c00000, 0x00000000a4d00000|  0%| F|  |TAMS 0x00000000a4c00000, 0x00000000a4c00000| Untracked 
|  63|0x00000000a4d00000, 0x00000000a4d00000, 0x00000000a4e00000|  0%| F|  |TAMS 0x00000000a4d00000, 0x00000000a4d00000| Untracked 
|  64|0x00000000a4e00000, 0x00000000a4e00000, 0x00000000a4f00000|  0%| F|  |TAMS 0x00000000a4e00000, 0x00000000a4e00000| Untracked 
|  65|0x00000000a4f00000, 0x00000000a4f00000, 0x00000000a5000000|  0%| F|  |TAMS 0x00000000a4f00000, 0x00000000a4f00000| Untracked 
|  66|0x00000000a5000000, 0x00000000a5000000, 0x00000000a5100000|  0%| F|  |TAMS 0x00000000a5000000, 0x00000000a5000000| Untracked 
|  67|0x00000000a5100000, 0x00000000a5100000, 0x00000000a5200000|  0%| F|  |TAMS 0x00000000a5100000, 0x00000000a5100000| Untracked 
|  68|0x00000000a5200000, 0x00000000a5200000, 0x00000000a5300000|  0%| F|  |TAMS 0x00000000a5200000, 0x00000000a5200000| Untracked 
|  69|0x00000000a5300000, 0x00000000a5300000, 0x00000000a5400000|  0%| F|  |TAMS 0x00000000a5300000, 0x00000000a5300000| Untracked 
|  70|0x00000000a5400000, 0x00000000a5400000, 0x00000000a5500000|  0%| F|  |TAMS 0x00000000a5400000, 0x00000000a5400000| Untracked 
|  71|0x00000000a5500000, 0x00000000a5500000, 0x00000000a5600000|  0%| F|  |TAMS 0x00000000a5500000, 0x00000000a5500000| Untracked 
|  72|0x00000000a5600000, 0x00000000a5600000, 0x00000000a5700000|  0%| F|  |TAMS 0x00000000a5600000, 0x00000000a5600000| Untracked 
|  73|0x00000000a5700000, 0x00000000a5700000, 0x00000000a5800000|  0%| F|  |TAMS 0x00000000a5700000, 0x00000000a5700000| Untracked 
|  74|0x00000000a5800000, 0x00000000a5800000, 0x00000000a5900000|  0%| F|  |TAMS 0x00000000a5800000, 0x00000000a5800000| Untracked 
|  75|0x00000000a5900000, 0x00000000a5900000, 0x00000000a5a00000|  0%| F|  |TAMS 0x00000000a5900000, 0x00000000a5900000| Untracked 
|  76|0x00000000a5a00000, 0x00000000a5a00000, 0x00000000a5b00000|  0%| F|  |TAMS 0x00000000a5a00000, 0x00000000a5a00000| Untracked 
|  77|0x00000000a5b00000, 0x00000000a5b00000, 0x00000000a5c00000|  0%| F|  |TAMS 0x00000000a5b00000, 0x00000000a5b00000| Untracked 
|  78|0x00000000a5c00000, 0x00000000a5c00000, 0x00000000a5d00000|  0%| F|  |TAMS 0x00000000a5c00000, 0x00000000a5c00000| Untracked 
|  79|0x00000000a5d00000, 0x00000000a5d00000, 0x00000000a5e00000|  0%| F|  |TAMS 0x00000000a5d00000, 0x00000000a5d00000| Untracked 
|  80|0x00000000a5e00000, 0x00000000a5e00000, 0x00000000a5f00000|  0%| F|  |TAMS 0x00000000a5e00000, 0x00000000a5e00000| Untracked 
|  81|0x00000000a5f00000, 0x00000000a5f00000, 0x00000000a6000000|  0%| F|  |TAMS 0x00000000a5f00000, 0x00000000a5f00000| Untracked 
|  82|0x00000000a6000000, 0x00000000a6000000, 0x00000000a6100000|  0%| F|  |TAMS 0x00000000a6000000, 0x00000000a6000000| Untracked 
|  83|0x00000000a6100000, 0x00000000a6100000, 0x00000000a6200000|  0%| F|  |TAMS 0x00000000a6100000, 0x00000000a6100000| Untracked 
|  84|0x00000000a6200000, 0x00000000a6200000, 0x00000000a6300000|  0%| F|  |TAMS 0x00000000a6200000, 0x00000000a6200000| Untracked 
|  85|0x00000000a6300000, 0x00000000a6300000, 0x00000000a6400000|  0%| F|  |TAMS 0x00000000a6300000, 0x00000000a6300000| Untracked 
|  86|0x00000000a6400000, 0x00000000a6400000, 0x00000000a6500000|  0%| F|  |TAMS 0x00000000a6400000, 0x00000000a6400000| Untracked 
|  87|0x00000000a6500000, 0x00000000a6500000, 0x00000000a6600000|  0%| F|  |TAMS 0x00000000a6500000, 0x00000000a6500000| Untracked 
|  88|0x00000000a6600000, 0x00000000a6600000, 0x00000000a6700000|  0%| F|  |TAMS 0x00000000a6600000, 0x00000000a6600000| Untracked 
|  89|0x00000000a6700000, 0x00000000a6700000, 0x00000000a6800000|  0%| F|  |TAMS 0x00000000a6700000, 0x00000000a6700000| Untracked 
|  90|0x00000000a6800000, 0x00000000a6800000, 0x00000000a6900000|  0%| F|  |TAMS 0x00000000a6800000, 0x00000000a6800000| Untracked 
|  91|0x00000000a6900000, 0x00000000a6900000, 0x00000000a6a00000|  0%| F|  |TAMS 0x00000000a6900000, 0x00000000a6900000| Untracked 
|  92|0x00000000a6a00000, 0x00000000a6a00000, 0x00000000a6b00000|  0%| F|  |TAMS 0x00000000a6a00000, 0x00000000a6a00000| Untracked 
|  93|0x00000000a6b00000, 0x00000000a6b00000, 0x00000000a6c00000|  0%| F|  |TAMS 0x00000000a6b00000, 0x00000000a6b00000| Untracked 
|  94|0x00000000a6c00000, 0x00000000a6c00000, 0x00000000a6d00000|  0%| F|  |TAMS 0x00000000a6c00000, 0x00000000a6c00000| Untracked 
|  95|0x00000000a6d00000, 0x00000000a6d85318, 0x00000000a6e00000| 52%| E|  |TAMS 0x00000000a6d00000, 0x00000000a6d00000| Complete 

Card table byte_map: [0x0000019c16a80000,0x0000019c16d80000] _byte_map_base: 0x0000019c16579000

Marking Bits (Prev, Next): (CMBitMap*) 0x0000019c7dfe9630, (CMBitMap*) 0x0000019c7dfe9670
 Prev Bits: [0x0000019c17080000, 0x0000019c18848000)
 Next Bits: [0x0000019c18850000, 0x0000019c1a018000)

Polling page: 0x0000019c7de80000

Metaspace:

Usage:
  Non-class:      2.81 MB used.
      Class:    233.02 KB used.
       Both:      3.04 MB used.

Virtual space:
  Non-class space:        8.00 MB reserved,       2.81 MB ( 35%) committed,  1 nodes.
      Class space:        1.00 GB reserved,     256.00 KB ( <1%) committed,  1 nodes.
             Both:        1.01 GB reserved,       3.06 MB ( <1%) committed. 

Chunk freelists:
   Non-Class:  0 bytes
       Class:  3.75 MB
        Both:  3.75 MB

MaxMetaspaceSize: unlimited
CompressedClassSpaceSize: 1.00 GB
Initial GC threshold: 21.00 MB
Current GC threshold: 21.00 MB
CDS: off
MetaspaceReclaimPolicy: balanced
 - commit_granule_bytes: 65536.
 - commit_granule_words: 8192.
 - virtual_space_node_default_size: 1048576.
 - enlarge_chunks_in_place: 1.
 - new_chunks_are_fully_committed: 0.
 - uncommit_free_chunks: 1.
 - use_allocation_guard: 0.
 - handle_deallocations: 1.


Internal statistics:

num_allocs_failed_limit: 0.
num_arena_births: 2.
num_arena_deaths: 0.
num_vsnodes_births: 2.
num_vsnodes_deaths: 0.
num_space_committed: 49.
num_space_uncommitted: 0.
num_chunks_returned_to_freelist: 0.
num_chunks_taken_from_freelist: 3.
num_chunk_merges: 0.
num_chunk_splits: 1.
num_chunks_enlarged: 0.
num_purges: 0.
num_inconsistent_stats: 0.

CodeHeap 'non-profiled nmethods': size=120000Kb used=0Kb max_used=0Kb free=120000Kb
 bounds [0x0000019c0f250000, 0x0000019c0f4c0000, 0x0000019c16780000]
CodeHeap 'profiled nmethods': size=120000Kb used=6Kb max_used=6Kb free=119993Kb
 bounds [0x0000019c07d20000, 0x0000019c07f90000, 0x0000019c0f250000]
CodeHeap 'non-nmethods': size=5760Kb used=1018Kb max_used=1023Kb free=4741Kb
 bounds [0x0000019c07780000, 0x0000019c079f0000, 0x0000019c07d20000]
 total_blobs=276 nmethods=5 adapters=185
 compilation: enabled
              stopped_count=0, restarted_count=0
 full_count=0

Compilation events (10 events):
Event: 2.723 Thread 0x0000019c1c6333f0    1       3       java.lang.String::isLatin1 (19 bytes)
Event: 2.724 Thread 0x0000019c1c6333f0 nmethod 1 0x0000019c07d20010 code [0x0000019c07d201a0, 0x0000019c07d20318]
Event: 2.762 Thread 0x0000019c1c6333f0    2       3       java.lang.String::charAt (25 bytes)
Event: 2.763 Thread 0x0000019c1c6333f0 nmethod 2 0x0000019c07d20390 code [0x0000019c07d20560, 0x0000019c07d20938]
Event: 2.763 Thread 0x0000019c1c6333f0    3       3       java.lang.StringLatin1::charAt (28 bytes)
Event: 2.763 Thread 0x0000019c1c6333f0 nmethod 3 0x0000019c07d20a90 code [0x0000019c07d20c40, 0x0000019c07d20e48]
Event: 2.763 Thread 0x0000019c1c6333f0    4       3       java.lang.String::hashCode (60 bytes)
Event: 2.763 Thread 0x0000019c1c6333f0 nmethod 4 0x0000019c07d20f90 code [0x0000019c07d21160, 0x0000019c07d214b8]
Event: 2.797 Thread 0x0000019c1c6333f0    5       3       java.lang.Object::<init> (1 bytes)
Event: 2.798 Thread 0x0000019c1c6333f0 nmethod 5 0x0000019c07d21590 code [0x0000019c07d21720, 0x0000019c07d21838]

GC Heap History (0 events):
No events

Deoptimization events (0 events):
No events

Classes unloaded (0 events):
No events

Classes redefined (0 events):
No events

Internal exceptions (0 events):
No events

VM Operations (0 events):
No events

Events (20 events):
Event: 2.798 loading class java/util/jar/JarFile done
Event: 2.798 loading class java/util/zip/ZipFile$1
Event: 2.798 loading class jdk/internal/access/JavaUtilZipFileAccess
Event: 2.798 loading class jdk/internal/access/JavaUtilZipFileAccess done
Event: 2.798 loading class java/util/zip/ZipFile$1 done
Event: 2.798 loading class java/util/jar/JavaUtilJarAccessImpl
Event: 2.798 loading class jdk/internal/access/JavaUtilJarAccess
Event: 2.798 loading class jdk/internal/access/JavaUtilJarAccess done
Event: 2.798 loading class java/util/jar/JavaUtilJarAccessImpl done
Event: 2.798 loading class java/lang/Runtime$Version
Event: 2.798 loading class java/lang/Runtime$Version done
Event: 2.798 loading class java/util/ImmutableCollections$List12
Event: 2.799 loading class java/util/ImmutableCollections$List12 done
Event: 2.799 loading class java/util/Optional
Event: 2.799 loading class java/util/Optional done
Event: 2.799 loading class jdk/internal/module/ArchivedModuleGraph
Event: 2.842 loading class jdk/internal/module/ArchivedModuleGraph done
Event: 2.842 loading class jdk/internal/module/SystemModuleFinders
Event: 2.842 loading class jdk/internal/module/SystemModuleFinders done
Event: 2.842 loading class java/net/URI


Dynamic libraries:
0x00007ff63fd80000 - 0x00007ff63fd90000 	C:\Program Files\Java\jdk-17.0.2\bin\java.exe
0x00007fff0d530000 - 0x00007fff0d728000 	C:\windows\SYSTEM32\ntdll.dll
0x00007fff0cc70000 - 0x00007fff0cd2d000 	C:\windows\System32\KERNEL32.DLL
0x00007fff0ada0000 - 0x00007fff0b096000 	C:\windows\System32\KERNELBASE.dll
0x00007fff0b0a0000 - 0x00007fff0b1a0000 	C:\windows\System32\ucrtbase.dll
0x00007ffef9fb0000 - 0x00007ffef9fca000 	C:\Program Files\Java\jdk-17.0.2\bin\VCRUNTIME140.dll
0x00007ffef3910000 - 0x00007ffef3928000 	C:\Program Files\Java\jdk-17.0.2\bin\jli.dll
0x00007fff0ce70000 - 0x00007fff0cf20000 	C:\windows\System32\ADVAPI32.dll
0x00007fff0b560000 - 0x00007fff0b5fe000 	C:\windows\System32\msvcrt.dll
0x00007fff0bef0000 - 0x00007fff0bf90000 	C:\windows\System32\sechost.dll
0x00007fff0d000000 - 0x00007fff0d125000 	C:\windows\System32\RPCRT4.dll
0x00007fff0ad70000 - 0x00007fff0ad97000 	C:\windows\System32\bcrypt.dll
0x00007fff0ca70000 - 0x00007fff0cc0e000 	C:\windows\System32\USER32.dll
0x00007fff0b1a0000 - 0x00007fff0b1c2000 	C:\windows\System32\win32u.dll
0x00007ffef2ee0000 - 0x00007ffef317a000 	C:\windows\WinSxS\amd64_microsoft.windows.common-controls_6595b64144ccf1df_6.0.19041.3636_none_60b6a03d71f818d5\COMCTL32.dll
0x00007fff0b600000 - 0x00007fff0b62b000 	C:\windows\System32\GDI32.dll
0x00007fff0b440000 - 0x00007fff0b557000 	C:\windows\System32\gdi32full.dll
0x00007fff0b1d0000 - 0x00007fff0b26d000 	C:\windows\System32\msvcp_win.dll
0x00007fff01570000 - 0x00007fff0157a000 	C:\windows\SYSTEM32\VERSION.dll
0x00007fff0b6d0000 - 0x00007fff0b702000 	C:\windows\System32\IMM32.DLL
0x00007ffefb4f0000 - 0x00007ffefb4fc000 	C:\Program Files\Java\jdk-17.0.2\bin\vcruntime140_1.dll
0x00007ffebd630000 - 0x00007ffebd6bd000 	C:\Program Files\Java\jdk-17.0.2\bin\msvcp140.dll
0x00007ffe8eb60000 - 0x00007ffe8f721000 	C:\Program Files\Java\jdk-17.0.2\bin\server\jvm.dll
0x00007fff0cf20000 - 0x00007fff0cf28000 	C:\windows\System32\PSAPI.DLL
0x00007ffef43d0000 - 0x00007ffef43d9000 	C:\windows\SYSTEM32\WSOCK32.dll
0x00007ffef8a90000 - 0x00007ffef8ab7000 	C:\windows\SYSTEM32\WINMM.dll
0x00007fff0cf30000 - 0x00007fff0cf9b000 	C:\windows\System32\WS2_32.dll
0x00007fff089b0000 - 0x00007fff089c2000 	C:\windows\SYSTEM32\kernel.appcore.dll
0x00007ffef9ef0000 - 0x00007ffef9efa000 	C:\Program Files\Java\jdk-17.0.2\bin\jimage.dll
0x00007fff037b0000 - 0x00007fff03994000 	C:\windows\SYSTEM32\DBGHELP.DLL
0x00007fff01b30000 - 0x00007fff01b64000 	C:\windows\SYSTEM32\dbgcore.DLL
0x00007fff0abe0000 - 0x00007fff0ac62000 	C:\windows\System32\bcryptPrimitives.dll
0x00007ffef9d30000 - 0x00007ffef9d55000 	C:\Program Files\Java\jdk-17.0.2\bin\java.dll
0x00007ffebd6c0000 - 0x00007ffebd796000 	C:\Program Files\Java\jdk-17.0.2\bin\jsvml.dll
0x00007fff0c240000 - 0x00007fff0c9ab000 	C:\windows\System32\SHELL32.dll
0x00007fff08c90000 - 0x00007fff0942e000 	C:\windows\SYSTEM32\windows.storage.dll
0x00007fff0d190000 - 0x00007fff0d4e3000 	C:\windows\System32\combase.dll
0x00007fff0a540000 - 0x00007fff0a56e000 	C:\windows\SYSTEM32\Wldp.dll
0x00007fff0bf90000 - 0x00007fff0c05d000 	C:\windows\System32\OLEAUT32.dll
0x00007fff0c9c0000 - 0x00007fff0ca6d000 	C:\windows\System32\SHCORE.dll
0x00007fff0b8c0000 - 0x00007fff0b915000 	C:\windows\System32\shlwapi.dll
0x00007fff0ab10000 - 0x00007fff0ab35000 	C:\windows\SYSTEM32\profapi.dll

dbghelp: loaded successfully - version: 4.0.5 - missing functions: none
symbol engine: initialized successfully - sym options: 0x614 - pdb path: .;C:\Program Files\Java\jdk-17.0.2\bin;C:\windows\SYSTEM32;C:\windows\WinSxS\amd64_microsoft.windows.common-controls_6595b64144ccf1df_6.0.19041.3636_none_60b6a03d71f818d5;C:\Program Files\Java\jdk-17.0.2\bin\server

VM Arguments:
jvm_args: -Dfile.encoding=UTF-8 --module-path=C:\Users\91734\Documents\NetBeansProjects\bank management system\build\classes 
java_command: bank.management.system.Login
java_class_path (initial): C:\Users\91734\Downloads\jcalendar-tz-1.3.3-4.jar;C:\Java;C:\Users\91734\Downloads\mysql-connector-java-8.0.28.jar;C:\Users\91734\Documents\NetBeansProjects\bank management system\build\classes
Launcher Type: SUN_STANDARD

[Global flags]
     intx CICompilerCount                          = 3                                         {product} {ergonomic}
     uint ConcGCThreads                            = 1                                         {product} {ergonomic}
     uint G1ConcRefinementThreads                  = 4                                         {product} {ergonomic}
   size_t G1HeapRegionSize                         = 1048576                                   {product} {ergonomic}
    uintx GCDrainStackTargetSize                   = 64                                        {product} {ergonomic}
   size_t InitialHeapSize                          = 100663296                                 {product} {ergonomic}
   size_t MarkStackSize                            = 4194304                                   {product} {ergonomic}
   size_t MaxHeapSize                              = 1595932672                                {product} {ergonomic}
   size_t MaxNewSize                               = 957349888                                 {product} {ergonomic}
   size_t MinHeapDeltaBytes                        = 1048576                                   {product} {ergonomic}
   size_t MinHeapSize                              = 8388608                                   {product} {ergonomic}
    uintx NonNMethodCodeHeapSize                   = 5832780                                {pd product} {ergonomic}
    uintx NonProfiledCodeHeapSize                  = 122912730                              {pd product} {ergonomic}
    uintx ProfiledCodeHeapSize                     = 122912730                              {pd product} {ergonomic}
    uintx ReservedCodeCacheSize                    = 251658240                              {pd product} {ergonomic}
     bool SegmentedCodeCache                       = true                                      {product} {ergonomic}
   size_t SoftMaxHeapSize                          = 1595932672                             {manageable} {ergonomic}
     bool UseCompressedClassPointers               = true                           {product lp64_product} {ergonomic}
     bool UseCompressedOops                        = true                           {product lp64_product} {ergonomic}
     bool UseG1GC                                  = true                                      {product} {ergonomic}
     bool UseLargePagesIndividualAllocation        = false                                  {pd product} {ergonomic}

Logging:
Log output configuration:
 #0: stdout all=warning uptime,level,tags
 #1: stderr all=off uptime,level,tags

Environment Variables:
PATH=C:\Program Files\Common Files\Oracle\Java\javapath;C:\Program Files (x86)\NVIDIA Corporation\PhysX\Common;C:\windows\system32;C:\windows;C:\windows\System32\Wbem;C:\windows\System32\WindowsPowerShell\v1.0\;C:\windows\System32\OpenSSH\;C:\Program Files (x86)\Windows Kits\8.1\Windows Performance Toolkit\;C:\Program Files\HP\HP One Agent;C:\Program Files\Java\jdk-17.0.2\bin;C:\Program Files\Java\jdk-17.0.2\bin;C:\Program Files\MySQL\MySQL Shell 8.0\bin\;C:\Users\91734\AppData\Local\Microsoft\WindowsApps
USERNAME=91734
OS=Windows_NT
PROCESSOR_IDENTIFIER=AMD64 Family 23 Model 24 Stepping 1, AuthenticAMD



---------------  S Y S T E M  ---------------

OS:
 Windows 10 , 64 bit Build 19041 (10.0.19041.3636)
OS uptime: 2 days 18:03 hours

CPU: total 4 (initial active 4) (4 cores per cpu, 2 threads per core) family 23 model 24 stepping 1 microcode 0x0, cx8, cmov, fxsr, ht, mmx, 3dnowpref, sse, sse2, sse3, ssse3, sse4a, sse4.1, sse4.2, popcnt, lzcnt, tsc, tscinvbit, avx, avx2, aes, clmul, bmi1, bmi2, adx, sha, fma, vzeroupper, clflush, clflushopt

Memory: 4k page, system-wide physical 6086M (317M free)
TotalPageFile size 24518M (AvailPageFile size 11M)
current process WorkingSet (physical memory assigned to process): 22M, peak: 22M
current process commit charge ("private bytes"): 158M, peak: 163M

vm_info: Java HotSpot(TM) 64-Bit Server VM (17.0.2+8-LTS-86) for windows-amd64 JRE (17.0.2+8-LTS-86), built on Dec  7 2021 21:51:03 by "mach5one" with MS VC++ 16.8 / 16.9 (VS2019)

END.
