#
# There is insufficient memory for the Java Runtime Environment to continue.
# Native memory allocation (mmap) failed to map 65536 bytes for Failed to commit metaspace.
# Possible reasons:
#   The system is out of physical RAM or swap space
#   The process is running with CompressedOops enabled, and the Java Heap may be blocking the growth of the native heap
# Possible solutions:
#   Reduce memory load on the system
#   Increase physical memory or swap space
#   Check if swap backing store is full
#   Decrease Java heap size (-Xmx/-Xms)
#   Decrease number of Java threads
#   Decrease Java thread stack sizes (-Xss)
#   Set larger code cache with -XX:ReservedCodeCacheSize=
#   JVM is running with Unscaled Compressed Oops mode in which the Java heap is
#     placed in the first 4GB address space. The Java Heap base address is the
#     maximum limit for the native heap growth. Please use -XX:HeapBaseMinAddress
#     to set the Java Heap base and to place the Java Heap above 4GB virtual address.
# This output file may be truncated or incomplete.
#
#  Out of Memory Error (virtualSpaceNode.cpp:110), pid=31512, tid=5668
#
# JRE version: Java(TM) SE Runtime Environment (17.0.2+8) (build 17.0.2+8-LTS-86)
# Java VM: Java HotSpot(TM) 64-Bit Server VM (17.0.2+8-LTS-86, mixed mode, sharing, tiered, compressed oops, compressed class ptrs, g1 gc, windows-amd64)
# No core dump will be written. Minidumps are not enabled by default on client versions of Windows
#

---------------  S U M M A R Y ------------

Command Line: -Dfile.encoding=UTF-8 --module-path=C:\Users\91734\Documents\NetBeansProjects\bank management system\build\classes bank.management.system.SignupTwo

Host: AMD Ryzen 3 3250U with Radeon Graphics         , 4 cores, 5G,  Windows 10 , 64 bit Build 19041 (10.0.19041.3636)
Time: Mon Jun 17 21:20:25 2024 India Standard Time elapsed time: 0.420046 seconds (0d 0h 0m 0s)

---------------  T H R E A D  ---------------

Current thread (0x0000020227280700):  JavaThread "main" [_thread_in_vm, id=5668, stack(0x00000029c3900000,0x00000029c3a00000)]

Stack: [0x00000029c3900000,0x00000029c3a00000]
Native frames: (J=compiled Java code, j=interpreted, Vv=VM code, C=native code)
V  [jvm.dll+0x670baa]
V  [jvm.dll+0x7cfcb4]
V  [jvm.dll+0x7d145e]
V  [jvm.dll+0x7d1ac3]
V  [jvm.dll+0x242bc5]
V  [jvm.dll+0x7cbc5b]
V  [jvm.dll+0x616966]
V  [jvm.dll+0x6169ca]
V  [jvm.dll+0x6191da]
V  [jvm.dll+0x617306]
V  [jvm.dll+0x24068c]
V  [jvm.dll+0x6c706d]
V  [jvm.dll+0x6c7a9f]
V  [jvm.dll+0x36c4c3]
V  [jvm.dll+0x36b682]
V  [jvm.dll+0x36b628]
V  [jvm.dll+0x559805]
V  [jvm.dll+0x55892d]
V  [jvm.dll+0x37f357]
V  [jvm.dll+0x37e9af]
C  0x000002022eafa602

Java frames: (J=compiled Java code, j=interpreted, Vv=VM code)
j  sun.awt.windows.WToolkit.lazilyLoadDesktopProperty(Ljava/lang/String;)Ljava/lang/Object;+70 java.desktop@17.0.2
j  java.awt.Toolkit.getDesktopProperty(Ljava/lang/String;)Ljava/lang/Object;+70 java.desktop@17.0.2
j  javax.swing.UIManager.<clinit>()V+112 java.desktop@17.0.2
v  ~StubRoutines::call_stub
j  javax.swing.JPanel.updateUI()V+2 java.desktop@17.0.2
j  javax.swing.JPanel.<init>(Ljava/awt/LayoutManager;Z)V+24 java.desktop@17.0.2
j  javax.swing.JPanel.<init>(Z)V+9 java.desktop@17.0.2
j  javax.swing.JPanel.<init>()V+2 java.desktop@17.0.2
j  javax.swing.JRootPane.createGlassPane()Ljava/awt/Component;+4 java.desktop@17.0.2
j  javax.swing.JRootPane.<init>()V+11 java.desktop@17.0.2
j  javax.swing.JFrame.createRootPane()Ljavax/swing/JRootPane;+4 java.desktop@17.0.2
j  javax.swing.JFrame.frameInit()V+16 java.desktop@17.0.2
j  javax.swing.JFrame.<init>()V+20 java.desktop@17.0.2
j  bank.management.system.SignupTwo.<init>()V+1
j  bank.management.system.SignupTwo.main([Ljava/lang/String;)V+4
v  ~StubRoutines::call_stub

---------------  P R O C E S S  ---------------

Threads class SMR info:
_java_thread_list=0x00000202443b5bd0, length=15, elements={
0x0000020227280700, 0x00000202273547e0, 0x0000020227357d10, 0x00000202436c7300,
0x00000202436c8f30, 0x00000202436cbfa0, 0x00000202436cd000, 0x00000202436d1940,
0x00000202436d2a90, 0x00000202436e6aa0, 0x000002024379e660, 0x00000202441b1bf0,
0x00000202443de030, 0x00000202443e0fc0, 0x00000202443e62b0
}

Java Threads: ( => current thread )
=>0x0000020227280700 JavaThread "main" [_thread_in_vm, id=5668, stack(0x00000029c3900000,0x00000029c3a00000)]
  0x00000202273547e0 JavaThread "Reference Handler" daemon [_thread_blocked, id=23180, stack(0x00000029c4000000,0x00000029c4100000)]
  0x0000020227357d10 JavaThread "Finalizer" daemon [_thread_blocked, id=14160, stack(0x00000029c4100000,0x00000029c4200000)]
  0x00000202436c7300 JavaThread "Signal Dispatcher" daemon [_thread_blocked, id=37724, stack(0x00000029c4200000,0x00000029c4300000)]
  0x00000202436c8f30 JavaThread "Attach Listener" daemon [_thread_blocked, id=35984, stack(0x00000029c4300000,0x00000029c4400000)]
  0x00000202436cbfa0 JavaThread "Service Thread" daemon [_thread_blocked, id=36104, stack(0x00000029c4400000,0x00000029c4500000)]
  0x00000202436cd000 JavaThread "Monitor Deflation Thread" daemon [_thread_blocked, id=35884, stack(0x00000029c4500000,0x00000029c4600000)]
  0x00000202436d1940 JavaThread "C2 CompilerThread0" daemon [_thread_blocked, id=33212, stack(0x00000029c4600000,0x00000029c4700000)]
  0x00000202436d2a90 JavaThread "C1 CompilerThread0" daemon [_thread_blocked, id=10964, stack(0x00000029c4700000,0x00000029c4800000)]
  0x00000202436e6aa0 JavaThread "Sweeper thread" daemon [_thread_blocked, id=31828, stack(0x00000029c4800000,0x00000029c4900000)]
  0x000002024379e660 JavaThread "Common-Cleaner" daemon [_thread_blocked, id=37120, stack(0x00000029c4900000,0x00000029c4a00000)]
  0x00000202441b1bf0 JavaThread "Notification Thread" daemon [_thread_blocked, id=16792, stack(0x00000029c4a00000,0x00000029c4b00000)]
  0x00000202443de030 JavaThread "Java2D Disposer" daemon [_thread_blocked, id=37592, stack(0x00000029c4c00000,0x00000029c4d00000)]
  0x00000202443e0fc0 JavaThread "AWT-Shutdown" [_thread_blocked, id=32176, stack(0x00000029c4d00000,0x00000029c4e00000)]
  0x00000202443e62b0 JavaThread "AWT-Windows" daemon [_thread_in_native, id=35556, stack(0x00000029c4e00000,0x00000029c4f00000)]

Other Threads:
  0x000002022734cc60 VMThread "VM Thread" [stack: 0x00000029c3f00000,0x00000029c4000000] [id=13620]
  0x0000020244173cc0 WatcherThread [stack: 0x00000029c4b00000,0x00000029c4c00000] [id=37452]
  0x00000202272b7890 GCTaskThread "GC Thread#0" [stack: 0x00000029c3a00000,0x00000029c3b00000] [id=36924]
  0x00000202272c6540 ConcurrentGCThread "G1 Main Marker" [stack: 0x00000029c3b00000,0x00000029c3c00000] [id=23584]
  0x00000202272c7600 ConcurrentGCThread "G1 Conc#0" [stack: 0x00000029c3c00000,0x00000029c3d00000] [id=26820]
  0x000002022732b8c0 ConcurrentGCThread "G1 Refine#0" [stack: 0x00000029c3d00000,0x00000029c3e00000] [id=28532]
  0x000002022732d200 ConcurrentGCThread "G1 Service" [stack: 0x00000029c3e00000,0x00000029c3f00000] [id=30028]

Threads with active compile tasks:

VM state: not at safepoint (normal execution)

VM Mutex/Monitor currently owned by a thread:  ([mutex/lock_event])
[0x000002022727aa20] Metaspace_lock - owner thread: 0x0000020227280700

Heap address: 0x00000000a0e00000, size: 1522 MB, Compressed Oops mode: 32-bit

CDS archive(s) mapped at: [0x0000000800000000-0x0000000800bc0000-0x0000000800bc0000), size 12320768, SharedBaseAddress: 0x0000000800000000, ArchiveRelocationMode: 0.
Compressed class space mapped at: 0x0000000800c00000-0x0000000840c00000, reserved size: 1073741824
Narrow klass base: 0x0000000800000000, Narrow klass shift: 0, Narrow klass range: 0x100000000

GC Precious Log:
 CPUs: 4 total, 4 available
 Memory: 6086M
 Large Page Support: Disabled
 NUMA Support: Disabled
 Compressed Oops: Enabled (32-bit)
 Heap Region Size: 1M
 Heap Min Capacity: 8M
 Heap Initial Capacity: 96M
 Heap Max Capacity: 1522M
 Pre-touch: Disabled
 Parallel Workers: 4
 Concurrent Workers: 1
 Concurrent Refinement Workers: 4
 Periodic GC: Disabled

Heap:
 garbage-first heap   total 98304K, used 3072K [0x00000000a0e00000, 0x0000000100000000)
  region size 1024K, 4 young (4096K), 0 survivors (0K)
 Metaspace       used 3194K, committed 3328K, reserved 1056768K
  class space    used 321K, committed 384K, reserved 1048576K

Heap Regions: E=young(eden), S=young(survivor), O=old, HS=humongous(starts), HC=humongous(continues), CS=collection set, F=free, OA=open archive, CA=closed archive, TAMS=top-at-mark-start (previous, next)
|   0|0x00000000a0e00000, 0x00000000a0e00000, 0x00000000a0f00000|  0%| F|  |TAMS 0x00000000a0e00000, 0x00000000a0e00000| Untracked 
|   1|0x00000000a0f00000, 0x00000000a0f00000, 0x00000000a1000000|  0%| F|  |TAMS 0x00000000a0f00000, 0x00000000a0f00000| Untracked 
|   2|0x00000000a1000000, 0x00000000a1000000, 0x00000000a1100000|  0%| F|  |TAMS 0x00000000a1000000, 0x00000000a1000000| Untracked 
|   3|0x00000000a1100000, 0x00000000a1100000, 0x00000000a1200000|  0%| F|  |TAMS 0x00000000a1100000, 0x00000000a1100000| Untracked 
|   4|0x00000000a1200000, 0x00000000a1200000, 0x00000000a1300000|  0%| F|  |TAMS 0x00000000a1200000, 0x00000000a1200000| Untracked 
|   5|0x00000000a1300000, 0x00000000a1300000, 0x00000000a1400000|  0%| F|  |TAMS 0x00000000a1300000, 0x00000000a1300000| Untracked 
|   6|0x00000000a1400000, 0x00000000a1400000, 0x00000000a1500000|  0%| F|  |TAMS 0x00000000a1400000, 0x00000000a1400000| Untracked 
|   7|0x00000000a1500000, 0x00000000a1500000, 0x00000000a1600000|  0%| F|  |TAMS 0x00000000a1500000, 0x00000000a1500000| Untracked 
|   8|0x00000000a1600000, 0x00000000a1600000, 0x00000000a1700000|  0%| F|  |TAMS 0x00000000a1600000, 0x00000000a1600000| Untracked 
|   9|0x00000000a1700000, 0x00000000a1700000, 0x00000000a1800000|  0%| F|  |TAMS 0x00000000a1700000, 0x00000000a1700000| Untracked 
|  10|0x00000000a1800000, 0x00000000a1800000, 0x00000000a1900000|  0%| F|  |TAMS 0x00000000a1800000, 0x00000000a1800000| Untracked 
|  11|0x00000000a1900000, 0x00000000a1900000, 0x00000000a1a00000|  0%| F|  |TAMS 0x00000000a1900000, 0x00000000a1900000| Untracked 
|  12|0x00000000a1a00000, 0x00000000a1a00000, 0x00000000a1b00000|  0%| F|  |TAMS 0x00000000a1a00000, 0x00000000a1a00000| Untracked 
|  13|0x00000000a1b00000, 0x00000000a1b00000, 0x00000000a1c00000|  0%| F|  |TAMS 0x00000000a1b00000, 0x00000000a1b00000| Untracked 
|  14|0x00000000a1c00000, 0x00000000a1c00000, 0x00000000a1d00000|  0%| F|  |TAMS 0x00000000a1c00000, 0x00000000a1c00000| Untracked 
|  15|0x00000000a1d00000, 0x00000000a1d00000, 0x00000000a1e00000|  0%| F|  |TAMS 0x00000000a1d00000, 0x00000000a1d00000| Untracked 
|  16|0x00000000a1e00000, 0x00000000a1e00000, 0x00000000a1f00000|  0%| F|  |TAMS 0x00000000a1e00000, 0x00000000a1e00000| Untracked 
|  17|0x00000000a1f00000, 0x00000000a1f00000, 0x00000000a2000000|  0%| F|  |TAMS 0x00000000a1f00000, 0x00000000a1f00000| Untracked 
|  18|0x00000000a2000000, 0x00000000a2000000, 0x00000000a2100000|  0%| F|  |TAMS 0x00000000a2000000, 0x00000000a2000000| Untracked 
|  19|0x00000000a2100000, 0x00000000a2100000, 0x00000000a2200000|  0%| F|  |TAMS 0x00000000a2100000, 0x00000000a2100000| Untracked 
|  20|0x00000000a2200000, 0x00000000a2200000, 0x00000000a2300000|  0%| F|  |TAMS 0x00000000a2200000, 0x00000000a2200000| Untracked 
|  21|0x00000000a2300000, 0x00000000a2300000, 0x00000000a2400000|  0%| F|  |TAMS 0x00000000a2300000, 0x00000000a2300000| Untracked 
|  22|0x00000000a2400000, 0x00000000a2400000, 0x00000000a2500000|  0%| F|  |TAMS 0x00000000a2400000, 0x00000000a2400000| Untracked 
|  23|0x00000000a2500000, 0x00000000a2500000, 0x00000000a2600000|  0%| F|  |TAMS 0x00000000a2500000, 0x00000000a2500000| Untracked 
|  24|0x00000000a2600000, 0x00000000a2600000, 0x00000000a2700000|  0%| F|  |TAMS 0x00000000a2600000, 0x00000000a2600000| Untracked 
|  25|0x00000000a2700000, 0x00000000a2700000, 0x00000000a2800000|  0%| F|  |TAMS 0x00000000a2700000, 0x00000000a2700000| Untracked 
|  26|0x00000000a2800000, 0x00000000a2800000, 0x00000000a2900000|  0%| F|  |TAMS 0x00000000a2800000, 0x00000000a2800000| Untracked 
|  27|0x00000000a2900000, 0x00000000a2900000, 0x00000000a2a00000|  0%| F|  |TAMS 0x00000000a2900000, 0x00000000a2900000| Untracked 
|  28|0x00000000a2a00000, 0x00000000a2a00000, 0x00000000a2b00000|  0%| F|  |TAMS 0x00000000a2a00000, 0x00000000a2a00000| Untracked 
|  29|0x00000000a2b00000, 0x00000000a2b00000, 0x00000000a2c00000|  0%| F|  |TAMS 0x00000000a2b00000, 0x00000000a2b00000| Untracked 
|  30|0x00000000a2c00000, 0x00000000a2c00000, 0x00000000a2d00000|  0%| F|  |TAMS 0x00000000a2c00000, 0x00000000a2c00000| Untracked 
|  31|0x00000000a2d00000, 0x00000000a2d00000, 0x00000000a2e00000|  0%| F|  |TAMS 0x00000000a2d00000, 0x00000000a2d00000| Untracked 
|  32|0x00000000a2e00000, 0x00000000a2e00000, 0x00000000a2f00000|  0%| F|  |TAMS 0x00000000a2e00000, 0x00000000a2e00000| Untracked 
|  33|0x00000000a2f00000, 0x00000000a2f00000, 0x00000000a3000000|  0%| F|  |TAMS 0x00000000a2f00000, 0x00000000a2f00000| Untracked 
|  34|0x00000000a3000000, 0x00000000a3000000, 0x00000000a3100000|  0%| F|  |TAMS 0x00000000a3000000, 0x00000000a3000000| Untracked 
|  35|0x00000000a3100000, 0x00000000a3100000, 0x00000000a3200000|  0%| F|  |TAMS 0x00000000a3100000, 0x00000000a3100000| Untracked 
|  36|0x00000000a3200000, 0x00000000a3200000, 0x00000000a3300000|  0%| F|  |TAMS 0x00000000a3200000, 0x00000000a3200000| Untracked 
|  37|0x00000000a3300000, 0x00000000a3300000, 0x00000000a3400000|  0%| F|  |TAMS 0x00000000a3300000, 0x00000000a3300000| Untracked 
|  38|0x00000000a3400000, 0x00000000a3400000, 0x00000000a3500000|  0%| F|  |TAMS 0x00000000a3400000, 0x00000000a3400000| Untracked 
|  39|0x00000000a3500000, 0x00000000a3500000, 0x00000000a3600000|  0%| F|  |TAMS 0x00000000a3500000, 0x00000000a3500000| Untracked 
|  40|0x00000000a3600000, 0x00000000a3600000, 0x00000000a3700000|  0%| F|  |TAMS 0x00000000a3600000, 0x00000000a3600000| Untracked 
|  41|0x00000000a3700000, 0x00000000a3700000, 0x00000000a3800000|  0%| F|  |TAMS 0x00000000a3700000, 0x00000000a3700000| Untracked 
|  42|0x00000000a3800000, 0x00000000a3800000, 0x00000000a3900000|  0%| F|  |TAMS 0x00000000a3800000, 0x00000000a3800000| Untracked 
|  43|0x00000000a3900000, 0x00000000a3900000, 0x00000000a3a00000|  0%| F|  |TAMS 0x00000000a3900000, 0x00000000a3900000| Untracked 
|  44|0x00000000a3a00000, 0x00000000a3a00000, 0x00000000a3b00000|  0%| F|  |TAMS 0x00000000a3a00000, 0x00000000a3a00000| Untracked 
|  45|0x00000000a3b00000, 0x00000000a3b00000, 0x00000000a3c00000|  0%| F|  |TAMS 0x00000000a3b00000, 0x00000000a3b00000| Untracked 
|  46|0x00000000a3c00000, 0x00000000a3c00000, 0x00000000a3d00000|  0%| F|  |TAMS 0x00000000a3c00000, 0x00000000a3c00000| Untracked 
|  47|0x00000000a3d00000, 0x00000000a3d00000, 0x00000000a3e00000|  0%| F|  |TAMS 0x00000000a3d00000, 0x00000000a3d00000| Untracked 
|  48|0x00000000a3e00000, 0x00000000a3e00000, 0x00000000a3f00000|  0%| F|  |TAMS 0x00000000a3e00000, 0x00000000a3e00000| Untracked 
|  49|0x00000000a3f00000, 0x00000000a3f00000, 0x00000000a4000000|  0%| F|  |TAMS 0x00000000a3f00000, 0x00000000a3f00000| Untracked 
|  50|0x00000000a4000000, 0x00000000a4000000, 0x00000000a4100000|  0%| F|  |TAMS 0x00000000a4000000, 0x00000000a4000000| Untracked 
|  51|0x00000000a4100000, 0x00000000a4100000, 0x00000000a4200000|  0%| F|  |TAMS 0x00000000a4100000, 0x00000000a4100000| Untracked 
|  52|0x00000000a4200000, 0x00000000a4200000, 0x00000000a4300000|  0%| F|  |TAMS 0x00000000a4200000, 0x00000000a4200000| Untracked 
|  53|0x00000000a4300000, 0x00000000a4300000, 0x00000000a4400000|  0%| F|  |TAMS 0x00000000a4300000, 0x00000000a4300000| Untracked 
|  54|0x00000000a4400000, 0x00000000a4400000, 0x00000000a4500000|  0%| F|  |TAMS 0x00000000a4400000, 0x00000000a4400000| Untracked 
|  55|0x00000000a4500000, 0x00000000a4500000, 0x00000000a4600000|  0%| F|  |TAMS 0x00000000a4500000, 0x00000000a4500000| Untracked 
|  56|0x00000000a4600000, 0x00000000a4600000, 0x00000000a4700000|  0%| F|  |TAMS 0x00000000a4600000, 0x00000000a4600000| Untracked 
|  57|0x00000000a4700000, 0x00000000a4700000, 0x00000000a4800000|  0%| F|  |TAMS 0x00000000a4700000, 0x00000000a4700000| Untracked 
|  58|0x00000000a4800000, 0x00000000a4800000, 0x00000000a4900000|  0%| F|  |TAMS 0x00000000a4800000, 0x00000000a4800000| Untracked 
|  59|0x00000000a4900000, 0x00000000a4900000, 0x00000000a4a00000|  0%| F|  |TAMS 0x00000000a4900000, 0x00000000a4900000| Untracked 
|  60|0x00000000a4a00000, 0x00000000a4a00000, 0x00000000a4b00000|  0%| F|  |TAMS 0x00000000a4a00000, 0x00000000a4a00000| Untracked 
|  61|0x00000000a4b00000, 0x00000000a4b00000, 0x00000000a4c00000|  0%| F|  |TAMS 0x00000000a4b00000, 0x00000000a4b00000| Untracked 
|  62|0x00000000a4c00000, 0x00000000a4c00000, 0x00000000a4d00000|  0%| F|  |TAMS 0x00000000a4c00000, 0x00000000a4c00000| Untracked 
|  63|0x00000000a4d00000, 0x00000000a4d00000, 0x00000000a4e00000|  0%| F|  |TAMS 0x00000000a4d00000, 0x00000000a4d00000| Untracked 
|  64|0x00000000a4e00000, 0x00000000a4e00000, 0x00000000a4f00000|  0%| F|  |TAMS 0x00000000a4e00000, 0x00000000a4e00000| Untracked 
|  65|0x00000000a4f00000, 0x00000000a4f00000, 0x00000000a5000000|  0%| F|  |TAMS 0x00000000a4f00000, 0x00000000a4f00000| Untracked 
|  66|0x00000000a5000000, 0x00000000a5000000, 0x00000000a5100000|  0%| F|  |TAMS 0x00000000a5000000, 0x00000000a5000000| Untracked 
|  67|0x00000000a5100000, 0x00000000a5100000, 0x00000000a5200000|  0%| F|  |TAMS 0x00000000a5100000, 0x00000000a5100000| Untracked 
|  68|0x00000000a5200000, 0x00000000a5200000, 0x00000000a5300000|  0%| F|  |TAMS 0x00000000a5200000, 0x00000000a5200000| Untracked 
|  69|0x00000000a5300000, 0x00000000a5300000, 0x00000000a5400000|  0%| F|  |TAMS 0x00000000a5300000, 0x00000000a5300000| Untracked 
|  70|0x00000000a5400000, 0x00000000a5400000, 0x00000000a5500000|  0%| F|  |TAMS 0x00000000a5400000, 0x00000000a5400000| Untracked 
|  71|0x00000000a5500000, 0x00000000a5500000, 0x00000000a5600000|  0%| F|  |TAMS 0x00000000a5500000, 0x00000000a5500000| Untracked 
|  72|0x00000000a5600000, 0x00000000a5600000, 0x00000000a5700000|  0%| F|  |TAMS 0x00000000a5600000, 0x00000000a5600000| Untracked 
|  73|0x00000000a5700000, 0x00000000a5700000, 0x00000000a5800000|  0%| F|  |TAMS 0x00000000a5700000, 0x00000000a5700000| Untracked 
|  74|0x00000000a5800000, 0x00000000a5800000, 0x00000000a5900000|  0%| F|  |TAMS 0x00000000a5800000, 0x00000000a5800000| Untracked 
|  75|0x00000000a5900000, 0x00000000a5900000, 0x00000000a5a00000|  0%| F|  |TAMS 0x00000000a5900000, 0x00000000a5900000| Untracked 
|  76|0x00000000a5a00000, 0x00000000a5a00000, 0x00000000a5b00000|  0%| F|  |TAMS 0x00000000a5a00000, 0x00000000a5a00000| Untracked 
|  77|0x00000000a5b00000, 0x00000000a5b00000, 0x00000000a5c00000|  0%| F|  |TAMS 0x00000000a5b00000, 0x00000000a5b00000| Untracked 
|  78|0x00000000a5c00000, 0x00000000a5c00000, 0x00000000a5d00000|  0%| F|  |TAMS 0x00000000a5c00000, 0x00000000a5c00000| Untracked 
|  79|0x00000000a5d00000, 0x00000000a5d00000, 0x00000000a5e00000|  0%| F|  |TAMS 0x00000000a5d00000, 0x00000000a5d00000| Untracked 
|  80|0x00000000a5e00000, 0x00000000a5e00000, 0x00000000a5f00000|  0%| F|  |TAMS 0x00000000a5e00000, 0x00000000a5e00000| Untracked 
|  81|0x00000000a5f00000, 0x00000000a5f00000, 0x00000000a6000000|  0%| F|  |TAMS 0x00000000a5f00000, 0x00000000a5f00000| Untracked 
|  82|0x00000000a6000000, 0x00000000a6000000, 0x00000000a6100000|  0%| F|  |TAMS 0x00000000a6000000, 0x00000000a6000000| Untracked 
|  83|0x00000000a6100000, 0x00000000a6100000, 0x00000000a6200000|  0%| F|  |TAMS 0x00000000a6100000, 0x00000000a6100000| Untracked 
|  84|0x00000000a6200000, 0x00000000a6200000, 0x00000000a6300000|  0%| F|  |TAMS 0x00000000a6200000, 0x00000000a6200000| Untracked 
|  85|0x00000000a6300000, 0x00000000a6300000, 0x00000000a6400000|  0%| F|  |TAMS 0x00000000a6300000, 0x00000000a6300000| Untracked 
|  86|0x00000000a6400000, 0x00000000a6400000, 0x00000000a6500000|  0%| F|  |TAMS 0x00000000a6400000, 0x00000000a6400000| Untracked 
|  87|0x00000000a6500000, 0x00000000a6500000, 0x00000000a6600000|  0%| F|  |TAMS 0x00000000a6500000, 0x00000000a6500000| Untracked 
|  88|0x00000000a6600000, 0x00000000a6600000, 0x00000000a6700000|  0%| F|  |TAMS 0x00000000a6600000, 0x00000000a6600000| Untracked 
|  89|0x00000000a6700000, 0x00000000a6700000, 0x00000000a6800000|  0%| F|  |TAMS 0x00000000a6700000, 0x00000000a6700000| Untracked 
|  90|0x00000000a6800000, 0x00000000a6800000, 0x00000000a6900000|  0%| F|  |TAMS 0x00000000a6800000, 0x00000000a6800000| Untracked 
|  91|0x00000000a6900000, 0x00000000a6900000, 0x00000000a6a00000|  0%| F|  |TAMS 0x00000000a6900000, 0x00000000a6900000| Untracked 
|  92|0x00000000a6a00000, 0x00000000a6a43500, 0x00000000a6b00000| 26%| E|  |TAMS 0x00000000a6a00000, 0x00000000a6a00000| Complete 
|  93|0x00000000a6b00000, 0x00000000a6c00000, 0x00000000a6c00000|100%| E|CS|TAMS 0x00000000a6b00000, 0x00000000a6b00000| Complete 
|  94|0x00000000a6c00000, 0x00000000a6d00000, 0x00000000a6d00000|100%| E|CS|TAMS 0x00000000a6c00000, 0x00000000a6c00000| Complete 
|  95|0x00000000a6d00000, 0x00000000a6e00000, 0x00000000a6e00000|100%| E|CS|TAMS 0x00000000a6d00000, 0x00000000a6d00000| Complete 

Card table byte_map: [0x000002023dde0000,0x000002023e0e0000] _byte_map_base: 0x000002023d8d9000

Marking Bits (Prev, Next): (CMBitMap*) 0x00000202272b9dd0, (CMBitMap*) 0x00000202272b9e10
 Prev Bits: [0x000002023e3e0000, 0x000002023fba8000)
 Next Bits: [0x000002023fbb0000, 0x0000020241378000)

Polling page: 0x0000020225050000

Metaspace:

Usage:
  Non-class:      2.81 MB used.
      Class:    321.44 KB used.
       Both:      3.12 MB used.

Virtual space:
  Non-class space:        8.00 MB reserved,       2.88 MB ( 36%) committed,  1 nodes.
      Class space:        1.00 GB reserved,     384.00 KB ( <1%) committed,  1 nodes.
             Both:        1.01 GB reserved,       3.25 MB ( <1%) committed. 

Chunk freelists:
   Non-Class:  3.92 MB
       Class:  3.58 MB
        Both:  7.51 MB

MaxMetaspaceSize: unlimited
CompressedClassSpaceSize: 1.00 GB
Initial GC threshold: 21.00 MB
Current GC threshold: 21.00 MB
CDS: on
MetaspaceReclaimPolicy: balanced
 - commit_granule_bytes: 65536.
 - commit_granule_words: 8192.
 - virtual_space_node_default_size: 1048576.
 - enlarge_chunks_in_place: 1.
 - new_chunks_are_fully_committed: 0.
 - uncommit_free_chunks: 1.
 - use_allocation_guard: 0.
 - handle_deallocations: 1.


Internal statistics:

num_allocs_failed_limit: 0.
num_arena_births: 70.
num_arena_deaths: 0.
num_vsnodes_births: 2.
num_vsnodes_deaths: 0.
num_space_committed: 52.
num_space_uncommitted: 0.
num_chunks_returned_to_freelist: 0.
num_chunks_taken_from_freelist: 88.
num_chunk_merges: 0.
num_chunk_splits: 52.
num_chunks_enlarged: 20.
num_purges: 0.
num_inconsistent_stats: 0.

CodeHeap 'non-profiled nmethods': size=120000Kb used=128Kb max_used=128Kb free=119871Kb
 bounds [0x00000202365b0000, 0x0000020236820000, 0x000002023dae0000]
CodeHeap 'profiled nmethods': size=120000Kb used=538Kb max_used=538Kb free=119461Kb
 bounds [0x000002022f080000, 0x000002022f2f0000, 0x00000202365b0000]
CodeHeap 'non-nmethods': size=5760Kb used=1171Kb max_used=1180Kb free=4588Kb
 bounds [0x000002022eae0000, 0x000002022ed50000, 0x000002022f080000]
 total_blobs=868 nmethods=401 adapters=380
 compilation: enabled
              stopped_count=0, restarted_count=0
 full_count=0

Compilation events (20 events):
Event: 0.410 Thread 0x00000202436d2a90  390       3       java.lang.invoke.LambdaFormBuffer::ownedCount (7 bytes)
Event: 0.410 Thread 0x00000202436d2a90 nmethod 390 0x000002022f101090 code [0x000002022f101220, 0x000002022f101338]
Event: 0.410 Thread 0x00000202436d2a90  391       3       java.lang.invoke.LambdaForm$Name::replaceNames (175 bytes)
Event: 0.411 Thread 0x00000202436d2a90 nmethod 391 0x000002022f101410 code [0x000002022f101640, 0x000002022f102258]
Event: 0.411 Thread 0x00000202436d2a90  392       3       java.lang.invoke.LambdaForm::parameterType (9 bytes)
Event: 0.411 Thread 0x00000202436d2a90 nmethod 392 0x000002022f102590 code [0x000002022f102740, 0x000002022f102888]
Event: 0.411 Thread 0x00000202436d2a90  393       3       java.lang.invoke.MemberName::isMethod (8 bytes)
Event: 0.412 Thread 0x00000202436d2a90 nmethod 393 0x000002022f102990 code [0x000002022f102b40, 0x000002022f102d78]
Event: 0.412 Thread 0x00000202436d2a90  394       3       sun.invoke.util.VerifyType::isNullConversion (157 bytes)
Event: 0.413 Thread 0x00000202436d2a90 nmethod 394 0x000002022f102e90 code [0x000002022f1031c0, 0x000002022f1047a8]
Event: 0.413 Thread 0x00000202436d2a90  395       3       sun.invoke.util.VerifyType::isNullType (18 bytes)
Event: 0.414 Thread 0x00000202436d2a90 nmethod 395 0x000002022f104c90 code [0x000002022f104e40, 0x000002022f105018]
Event: 0.414 Thread 0x00000202436d2a90  397       3       jdk.internal.org.objectweb.asm.Frame::pop (44 bytes)
Event: 0.414 Thread 0x00000202436d2a90 nmethod 397 0x000002022f105090 code [0x000002022f105220, 0x000002022f1053b8]
Event: 0.414 Thread 0x00000202436d2a90  396       1       jdk.internal.org.objectweb.asm.SymbolTable::getMajorVersion (5 bytes)
Event: 0.414 Thread 0x00000202436d2a90 nmethod 396 0x00000202365cf990 code [0x00000202365cfb20, 0x00000202365cfbf8]
Event: 0.414 Thread 0x00000202436d2a90  398       3       java.lang.invoke.LambdaForm$BasicType::basicType (187 bytes)
Event: 0.415 Thread 0x00000202436d2a90 nmethod 398 0x000002022f105490 code [0x000002022f105720, 0x000002022f106268]
Event: 0.415 Thread 0x00000202436d2a90  399       3       java.util.ArrayList$Itr::hasNext (20 bytes)
Event: 0.415 Thread 0x00000202436d2a90 nmethod 399 0x000002022f106510 code [0x000002022f1066a0, 0x000002022f106818]

GC Heap History (0 events):
No events

Deoptimization events (4 events):
Event: 0.122 Thread 0x0000020227280700 Uncommon trap: trap_request=0xffffff45 fr.pc=0x00000202365bee74 relative=0x0000000000000894
Event: 0.122 Thread 0x0000020227280700 Uncommon trap: reason=unstable_if action=reinterpret pc=0x00000202365bee74 method=java.util.HashMap.putVal(ILjava/lang/Object;Ljava/lang/Object;ZZ)Ljava/lang/Object; @ 81 c2
Event: 0.122 Thread 0x0000020227280700 DEOPT PACKING pc=0x00000202365bee74 sp=0x00000029c39fe370
Event: 0.122 Thread 0x0000020227280700 DEOPT UNPACKING pc=0x000002022eb323a3 sp=0x00000029c39fe310 mode 2

Classes unloaded (0 events):
No events

Classes redefined (0 events):
No events

Internal exceptions (8 events):
Event: 0.087 Thread 0x0000020227280700 Exception <a 'sun/nio/fs/WindowsException'{0x00000000a6c30a58}> (0x00000000a6c30a58) 
thrown [t:\workspace\open\src\hotspot\share\prims\jni.cpp, line 516]
Event: 0.087 Thread 0x0000020227280700 Exception <a 'sun/nio/fs/WindowsException'{0x00000000a6c30fd0}> (0x00000000a6c30fd0) 
thrown [t:\workspace\open\src\hotspot\share\prims\jni.cpp, line 516]
Event: 0.089 Thread 0x0000020227280700 Exception <a 'sun/nio/fs/WindowsException'{0x00000000a6c333e0}> (0x00000000a6c333e0) 
thrown [t:\workspace\open\src\hotspot\share\prims\jni.cpp, line 516]
Event: 0.090 Thread 0x0000020227280700 Exception <a 'sun/nio/fs/WindowsException'{0x00000000a6c33ee0}> (0x00000000a6c33ee0) 
thrown [t:\workspace\open\src\hotspot\share\prims\jni.cpp, line 516]
Event: 0.149 Thread 0x0000020227280700 Exception <a 'java/lang/ClassNotFoundException'{0x00000000a6b08528}: sun/awt/resources/spi/awtProvider> (0x00000000a6b08528) 
thrown [t:\workspace\open\src\hotspot\share\classfile\systemDictionary.cpp, line 256]
Event: 0.177 Thread 0x0000020227280700 Exception <a 'java/io/FileNotFoundException'{0x00000000a6b5b858}> (0x00000000a6b5b858) 
thrown [t:\workspace\open\src\hotspot\share\prims\jni.cpp, line 516]
Event: 0.193 Thread 0x0000020227280700 Exception <a 'java/io/FileNotFoundException'{0x00000000a6b88a50}> (0x00000000a6b88a50) 
thrown [t:\workspace\open\src\hotspot\share\prims\jni.cpp, line 516]
Event: 0.264 Thread 0x0000020227280700 Exception <a 'java/lang/NoSuchMethodError'{0x00000000a6bccd48}: 'java.lang.Object java.lang.invoke.DirectMethodHandle$Holder.invokeStaticInit(java.lang.Object)'> (0x00000000a6bccd48) 
thrown [t:\workspace\open\src\hotspot\share\interpreter\linkResolver.cpp, line 766]

VM Operations (2 events):
Event: 0.091 Executing VM operation: HandshakeAllThreads
Event: 0.091 Executing VM operation: HandshakeAllThreads done

Events (20 events):
Event: 0.409 loading class javax/swing/JPanel
Event: 0.409 loading class javax/swing/JPanel done
Event: 0.409 loading class java/awt/FlowLayout
Event: 0.409 loading class java/awt/FlowLayout done
Event: 0.409 loading class javax/swing/UIManager
Event: 0.409 loading class javax/swing/UIManager done
Event: 0.409 loading class javax/swing/UIManager$LookAndFeelInfo
Event: 0.409 loading class javax/swing/UIManager$LookAndFeelInfo done
Event: 0.409 loading class sun/awt/OSInfo
Event: 0.410 loading class sun/awt/OSInfo done
Event: 0.410 loading class sun/awt/OSInfo$WindowsVersion
Event: 0.410 loading class sun/awt/OSInfo$WindowsVersion done
Event: 0.415 loading class sun/awt/OSInfo$1
Event: 0.415 loading class sun/awt/OSInfo$1 done
Event: 0.415 loading class sun/awt/OSInfo$OSType
Event: 0.416 loading class sun/awt/OSInfo$OSType done
Event: 0.416 loading class sun/awt/HeadlessToolkit
Event: 0.416 loading class sun/awt/HeadlessToolkit done
Event: 0.416 loading class sun/awt/windows/WDesktopProperties
Event: 0.416 loading class sun/awt/windows/WDesktopProperties done


Dynamic libraries:
0x00007ff63f950000 - 0x00007ff63f960000 	C:\Program Files\Java\jdk-17.0.2\bin\java.exe
0x00007ff8432d0000 - 0x00007ff8434c8000 	C:\windows\SYSTEM32\ntdll.dll
0x00007ff842e30000 - 0x00007ff842eed000 	C:\windows\System32\KERNEL32.DLL
0x00007ff840b10000 - 0x00007ff840e06000 	C:\windows\System32\KERNELBASE.dll
0x00007ff840fc0000 - 0x00007ff8410c0000 	C:\windows\System32\ucrtbase.dll
0x00007ff83bf80000 - 0x00007ff83bf9a000 	C:\Program Files\Java\jdk-17.0.2\bin\VCRUNTIME140.dll
0x00007ff825080000 - 0x00007ff825098000 	C:\Program Files\Java\jdk-17.0.2\bin\jli.dll
0x00007ff8421d0000 - 0x00007ff842280000 	C:\windows\System32\ADVAPI32.dll
0x00007ff842b80000 - 0x00007ff842c1e000 	C:\windows\System32\msvcrt.dll
0x00007ff842d90000 - 0x00007ff842e30000 	C:\windows\System32\sechost.dll
0x00007ff842a50000 - 0x00007ff842b75000 	C:\windows\System32\RPCRT4.dll
0x00007ff8412d0000 - 0x00007ff8412f7000 	C:\windows\System32\bcrypt.dll
0x00007ff842360000 - 0x00007ff8424fe000 	C:\windows\System32\USER32.dll
0x00007ff840f00000 - 0x00007ff840f22000 	C:\windows\System32\win32u.dll
0x00007ff842c30000 - 0x00007ff842c5b000 	C:\windows\System32\GDI32.dll
0x00007ff8409f0000 - 0x00007ff840b07000 	C:\windows\System32\gdi32full.dll
0x00007ff840e10000 - 0x00007ff840ead000 	C:\windows\System32\msvcp_win.dll
0x00007ff82b290000 - 0x00007ff82b52a000 	C:\windows\WinSxS\amd64_microsoft.windows.common-controls_6595b64144ccf1df_6.0.19041.3636_none_60b6a03d71f818d5\COMCTL32.dll
0x00007ff836320000 - 0x00007ff83632a000 	C:\windows\SYSTEM32\VERSION.dll
0x00007ff842a10000 - 0x00007ff842a42000 	C:\windows\System32\IMM32.DLL
0x00007ff83c7e0000 - 0x00007ff83c7ec000 	C:\Program Files\Java\jdk-17.0.2\bin\vcruntime140_1.dll
0x00007ff8045e0000 - 0x00007ff80466d000 	C:\Program Files\Java\jdk-17.0.2\bin\msvcp140.dll
0x00007fffc6bc0000 - 0x00007fffc7781000 	C:\Program Files\Java\jdk-17.0.2\bin\server\jvm.dll
0x00007ff843150000 - 0x00007ff843158000 	C:\windows\System32\PSAPI.DLL
0x00007ff8244c0000 - 0x00007ff8244c9000 	C:\windows\SYSTEM32\WSOCK32.dll
0x00007ff8362f0000 - 0x00007ff836317000 	C:\windows\SYSTEM32\WINMM.dll
0x00007ff842640000 - 0x00007ff8426ab000 	C:\windows\System32\WS2_32.dll
0x00007ff83e750000 - 0x00007ff83e762000 	C:\windows\SYSTEM32\kernel.appcore.dll
0x00007ff83c1f0000 - 0x00007ff83c1fa000 	C:\Program Files\Java\jdk-17.0.2\bin\jimage.dll
0x00007ff839780000 - 0x00007ff839964000 	C:\windows\SYSTEM32\DBGHELP.DLL
0x00007ff825a00000 - 0x00007ff825a34000 	C:\windows\SYSTEM32\dbgcore.DLL
0x00007ff840f30000 - 0x00007ff840fb2000 	C:\windows\System32\bcryptPrimitives.dll
0x00007ff825140000 - 0x00007ff825165000 	C:\Program Files\Java\jdk-17.0.2\bin\java.dll
0x00007ff801ae0000 - 0x00007ff801bb6000 	C:\Program Files\Java\jdk-17.0.2\bin\jsvml.dll
0x00007ff841a60000 - 0x00007ff8421cb000 	C:\windows\System32\SHELL32.dll
0x00007ff83ea30000 - 0x00007ff83f1ce000 	C:\windows\SYSTEM32\windows.storage.dll
0x00007ff8426b0000 - 0x00007ff842a03000 	C:\windows\System32\combase.dll
0x00007ff8402e0000 - 0x00007ff84030e000 	C:\windows\SYSTEM32\Wldp.dll
0x00007ff842cc0000 - 0x00007ff842d8d000 	C:\windows\System32\OLEAUT32.dll
0x00007ff841360000 - 0x00007ff84140d000 	C:\windows\System32\SHCORE.dll
0x00007ff842ef0000 - 0x00007ff842f45000 	C:\windows\System32\shlwapi.dll
0x00007ff8408b0000 - 0x00007ff8408d5000 	C:\windows\SYSTEM32\profapi.dll
0x00007ff825340000 - 0x00007ff825359000 	C:\Program Files\Java\jdk-17.0.2\bin\net.dll
0x00007ff8382f0000 - 0x00007ff8383fa000 	C:\windows\SYSTEM32\WINHTTP.dll
0x00007ff840040000 - 0x00007ff8400aa000 	C:\windows\system32\mswsock.dll
0x00007ff824d20000 - 0x00007ff824d36000 	C:\Program Files\Java\jdk-17.0.2\bin\nio.dll
0x00007ff824980000 - 0x00007ff824998000 	C:\Program Files\Java\jdk-17.0.2\bin\zip.dll
0x00007fffff100000 - 0x00007fffff28f000 	C:\Program Files\Java\jdk-17.0.2\bin\awt.dll
0x00007ff83e290000 - 0x00007ff83e320000 	C:\windows\SYSTEM32\apphelp.dll
0x00007ff83e720000 - 0x00007ff83e74f000 	C:\windows\system32\DWMAPI.DLL
0x00007ff83e460000 - 0x00007ff83e4fe000 	C:\windows\system32\uxtheme.dll
0x00007ffffe710000 - 0x00007ffffe835000 	C:\windows\system32\opengl32.dll
0x00007ff806f10000 - 0x00007ff806f3c000 	C:\windows\SYSTEM32\GLU32.dll
0x00007ff842f50000 - 0x00007ff843065000 	C:\windows\System32\MSCTF.dll
0x00007ff843160000 - 0x00007ff84328b000 	C:\windows\System32\ole32.dll
0x00007ffffe2e0000 - 0x00007ffffe4ad000 	C:\windows\system32\d3d9.dll
0x00007ff833a80000 - 0x00007ff833c5b000 	C:\windows\System32\DriverStore\FileRepository\u0369008.inf_amd64_ee6506488a5aaa50\B366469\aticfx64.dll
0x00007fffff7e0000 - 0x00007fffff813000 	C:\windows\System32\DriverStore\FileRepository\u0369008.inf_amd64_ee6506488a5aaa50\B366469\atiu9p64.dll
0x00007fffc5e90000 - 0x00007fffc6bb1000 	C:\windows\System32\DriverStore\FileRepository\u0369008.inf_amd64_ee6506488a5aaa50\B366469\atiumd64.dll
0x0000000064780000 - 0x0000000065643000 	C:\windows\System32\DriverStore\FileRepository\u0369008.inf_amd64_ee6506488a5aaa50\B366469\atiumd6a.dll
0x00007ff8407e0000 - 0x00007ff84082b000 	C:\windows\SYSTEM32\POWRPROF.dll
0x00007ff8407c0000 - 0x00007ff8407d2000 	C:\windows\SYSTEM32\UMPDC.dll
0x00007ff831980000 - 0x00007ff8319b0000 	C:\windows\SYSTEM32\amdihk64.dll

dbghelp: loaded successfully - version: 4.0.5 - missing functions: none
symbol engine: initialized successfully - sym options: 0x614 - pdb path: .;C:\Program Files\Java\jdk-17.0.2\bin;C:\windows\SYSTEM32;C:\windows\WinSxS\amd64_microsoft.windows.common-controls_6595b64144ccf1df_6.0.19041.3636_none_60b6a03d71f818d5;C:\Program Files\Java\jdk-17.0.2\bin\server;C:\windows\System32\DriverStore\FileRepository\u0369008.inf_amd64_ee6506488a5aaa50\B366469

VM Arguments:
jvm_args: -Dfile.encoding=UTF-8 --module-path=C:\Users\91734\Documents\NetBeansProjects\bank management system\build\classes 
java_command: bank.management.system.SignupTwo
java_class_path (initial): C:\Users\91734\Downloads\jcalendar-tz-1.3.3-4.jar;C:\Java;C:\Users\91734\Downloads\mysql-connector-java-8.0.28.jar;C:\Users\91734\Documents\NetBeansProjects\bank management system\build\classes
Launcher Type: SUN_STANDARD

[Global flags]
     intx CICompilerCount                          = 3                                         {product} {ergonomic}
     uint ConcGCThreads                            = 1                                         {product} {ergonomic}
     uint G1ConcRefinementThreads                  = 4                                         {product} {ergonomic}
   size_t G1HeapRegionSize                         = 1048576                                   {product} {ergonomic}
    uintx GCDrainStackTargetSize                   = 64                                        {product} {ergonomic}
   size_t InitialHeapSize                          = 100663296                                 {product} {ergonomic}
   size_t MarkStackSize                            = 4194304                                   {product} {ergonomic}
   size_t MaxHeapSize                              = 1595932672                                {product} {ergonomic}
   size_t MaxNewSize                               = 957349888                                 {product} {ergonomic}
   size_t MinHeapDeltaBytes                        = 1048576                                   {product} {ergonomic}
   size_t MinHeapSize                              = 8388608                                   {product} {ergonomic}
    uintx NonNMethodCodeHeapSize                   = 5832780                                {pd product} {ergonomic}
    uintx NonProfiledCodeHeapSize                  = 122912730                              {pd product} {ergonomic}
    uintx ProfiledCodeHeapSize                     = 122912730                              {pd product} {ergonomic}
    uintx ReservedCodeCacheSize                    = 251658240                              {pd product} {ergonomic}
     bool SegmentedCodeCache                       = true                                      {product} {ergonomic}
   size_t SoftMaxHeapSize                          = 1595932672                             {manageable} {ergonomic}
     bool UseCompressedClassPointers               = true                           {product lp64_product} {ergonomic}
     bool UseCompressedOops                        = true                           {product lp64_product} {ergonomic}
     bool UseG1GC                                  = true                                      {product} {ergonomic}
     bool UseLargePagesIndividualAllocation        = false                                  {pd product} {ergonomic}

Logging:
Log output configuration:
 #0: stdout all=warning uptime,level,tags
 #1: stderr all=off uptime,level,tags

Environment Variables:
PATH=C:\Program Files\Common Files\Oracle\Java\javapath;C:\Program Files (x86)\NVIDIA Corporation\PhysX\Common;C:\windows\system32;C:\windows;C:\windows\System32\Wbem;C:\windows\System32\WindowsPowerShell\v1.0\;C:\windows\System32\OpenSSH\;C:\Program Files (x86)\Windows Kits\8.1\Windows Performance Toolkit\;C:\Program Files\HP\HP One Agent;C:\Program Files\Java\jdk-17.0.2\bin;C:\Program Files\Java\jdk-17.0.2\bin;C:\Program Files\MySQL\MySQL Shell 8.0\bin\;C:\Users\91734\AppData\Local\Microsoft\WindowsApps;
USERNAME=91734
OS=Windows_NT
PROCESSOR_IDENTIFIER=AMD64 Family 23 Model 24 Stepping 1, AuthenticAMD



---------------  S Y S T E M  ---------------

OS:
 Windows 10 , 64 bit Build 19041 (10.0.19041.3636)
OS uptime: 4 days 13:39 hours

CPU: total 4 (initial active 4) (4 cores per cpu, 2 threads per core) family 23 model 24 stepping 1 microcode 0x0, cx8, cmov, fxsr, ht, mmx, 3dnowpref, sse, sse2, sse3, ssse3, sse4a, sse4.1, sse4.2, popcnt, lzcnt, tsc, tscinvbit, avx, avx2, aes, clmul, bmi1, bmi2, adx, sha, fma, vzeroupper, clflush, clflushopt

Memory: 4k page, system-wide physical 6086M (458M free)
TotalPageFile size 24518M (AvailPageFile size 7M)
current process WorkingSet (physical memory assigned to process): 47M, peak: 47M
current process commit charge ("private bytes"): 183M, peak: 183M

vm_info: Java HotSpot(TM) 64-Bit Server VM (17.0.2+8-LTS-86) for windows-amd64 JRE (17.0.2+8-LTS-86), built on Dec  7 2021 21:51:03 by "mach5one" with MS VC++ 16.8 / 16.9 (VS2019)

END.
