#
# There is insufficient memory for the Java Runtime Environment to continue.
# Native memory allocation (malloc) failed to allocate 1669136 bytes for Chunk::new
# Possible reasons:
#   The system is out of physical RAM or swap space
#   The process is running with CompressedOops enabled, and the Java Heap may be blocking the growth of the native heap
# Possible solutions:
#   Reduce memory load on the system
#   Increase physical memory or swap space
#   Check if swap backing store is full
#   Decrease Java heap size (-Xmx/-Xms)
#   Decrease number of Java threads
#   Decrease Java thread stack sizes (-Xss)
#   Set larger code cache with -XX:ReservedCodeCacheSize=
#   JVM is running with Unscaled Compressed Oops mode in which the Java heap is
#     placed in the first 4GB address space. The Java Heap base address is the
#     maximum limit for the native heap growth. Please use -XX:HeapBaseMinAddress
#     to set the Java Heap base and to place the Java Heap above 4GB virtual address.
# This output file may be truncated or incomplete.
#
#  Out of Memory Error (arena.cpp:189), pid=28256, tid=8292
#
# JRE version: Java(TM) SE Runtime Environment (17.0.2+8) (build 17.0.2+8-LTS-86)
# Java VM: Java HotSpot(TM) 64-Bit Server VM (17.0.2+8-LTS-86, mixed mode, sharing, tiered, compressed oops, compressed class ptrs, g1 gc, windows-amd64)
# No core dump will be written. Minidumps are not enabled by default on client versions of Windows
#

---------------  S U M M A R Y ------------

Command Line: -Dfile.encoding=UTF-8 --module-path=C:\Users\91734\Documents\NetBeansProjects\bank management system\build\classes bank.management.system.Login

Host: AMD Ryzen 3 3250U with Radeon Graphics         , 4 cores, 5G,  Windows 10 , 64 bit Build 19041 (10.0.19041.3636)
Time: Wed Jun 19 09:25:08 2024 India Standard Time elapsed time: 11.833059 seconds (0d 0h 0m 11s)

---------------  T H R E A D  ---------------

Current thread (0x00000266e7bd6b40):  JavaThread "C2 CompilerThread0" daemon [_thread_in_native, id=8292, stack(0x000000929b400000,0x000000929b500000)]


Current CompileTask:
C2:  11833 2117       4       java.util.HashMap::putVal (300 bytes)

Stack: [0x000000929b400000,0x000000929b500000]
Native frames: (J=compiled Java code, j=interpreted, Vv=VM code, C=native code)
V  [jvm.dll+0x670baa]
V  [jvm.dll+0x7cfcb4]
V  [jvm.dll+0x7d145e]
V  [jvm.dll+0x7d1ac3]
V  [jvm.dll+0x242bc5]
V  [jvm.dll+0xaa57b]
V  [jvm.dll+0xaab0c]
V  [jvm.dll+0x35fcb2]
V  [jvm.dll+0x32a331]
V  [jvm.dll+0x3297da]
V  [jvm.dll+0x215c91]
V  [jvm.dll+0x2150b1]
V  [jvm.dll+0x1a1bbd]
V  [jvm.dll+0x224908]
V  [jvm.dll+0x222a6c]
V  [jvm.dll+0x7859bb]
V  [jvm.dll+0x77ff7a]
V  [jvm.dll+0x66fa35]
C  [ucrtbase.dll+0x21bb2]
C  [KERNEL32.DLL+0x17344]
C  [ntdll.dll+0x526b1]


---------------  P R O C E S S  ---------------

Threads class SMR info:
_java_thread_list=0x00000266ed89f650, length=21, elements={
0x00000266e7bc03c0, 0x00000266e7bc1040, 0x00000266e7bd1010, 0x00000266e7bd18d0,
0x00000266e7bd2190, 0x00000266e7bd5f50, 0x00000266e7bd6b40, 0x00000266e7be1510,
0x00000266e7bf4620, 0x00000266c97d5d10, 0x00000266e88d19f0, 0x00000266e8af4340,
0x00000266e8af7ae0, 0x00000266e8afb5d0, 0x00000266ed2bc3a0, 0x00000266c9711690,
0x00000266ed2ae1a0, 0x00000266ed3224b0, 0x00000266ed322e50, 0x00000266ed3237f0,
0x00000266ed321fe0
}

Java Threads: ( => current thread )
  0x00000266e7bc03c0 JavaThread "Reference Handler" daemon [_thread_blocked, id=26136, stack(0x000000929ae00000,0x000000929af00000)]
  0x00000266e7bc1040 JavaThread "Finalizer" daemon [_thread_blocked, id=27068, stack(0x000000929af00000,0x000000929b000000)]
  0x00000266e7bd1010 JavaThread "Signal Dispatcher" daemon [_thread_blocked, id=18676, stack(0x000000929b000000,0x000000929b100000)]
  0x00000266e7bd18d0 JavaThread "Attach Listener" daemon [_thread_blocked, id=29212, stack(0x000000929b100000,0x000000929b200000)]
  0x00000266e7bd2190 JavaThread "Service Thread" daemon [_thread_blocked, id=20072, stack(0x000000929b200000,0x000000929b300000)]
  0x00000266e7bd5f50 JavaThread "Monitor Deflation Thread" daemon [_thread_blocked, id=15036, stack(0x000000929b300000,0x000000929b400000)]
=>0x00000266e7bd6b40 JavaThread "C2 CompilerThread0" daemon [_thread_in_native, id=8292, stack(0x000000929b400000,0x000000929b500000)]
  0x00000266e7be1510 JavaThread "C1 CompilerThread0" daemon [_thread_blocked, id=12200, stack(0x000000929b500000,0x000000929b600000)]
  0x00000266e7bf4620 JavaThread "Sweeper thread" daemon [_thread_blocked, id=26924, stack(0x000000929b600000,0x000000929b700000)]
  0x00000266c97d5d10 JavaThread "Common-Cleaner" daemon [_thread_blocked, id=28032, stack(0x000000929b700000,0x000000929b800000)]
  0x00000266e88d19f0 JavaThread "Notification Thread" daemon [_thread_blocked, id=20452, stack(0x000000929b800000,0x000000929b900000)]
  0x00000266e8af4340 JavaThread "Java2D Disposer" daemon [_thread_blocked, id=20380, stack(0x000000929ba00000,0x000000929bb00000)]
  0x00000266e8af7ae0 JavaThread "AWT-Shutdown" [_thread_blocked, id=29620, stack(0x000000929bb00000,0x000000929bc00000)]
  0x00000266e8afb5d0 JavaThread "AWT-Windows" daemon [_thread_in_native, id=29088, stack(0x000000929bc00000,0x000000929bd00000)]
  0x00000266ed2bc3a0 JavaThread "AWT-EventQueue-0" [_thread_blocked, id=20108, stack(0x000000929c400000,0x000000929c500000)]
  0x00000266c9711690 JavaThread "DestroyJavaVM" [_thread_blocked, id=19136, stack(0x000000929a700000,0x000000929a800000)]
  0x00000266ed2ae1a0 JavaThread "D3D Screen Updater" daemon [_thread_blocked, id=25568, stack(0x000000929c600000,0x000000929c700000)]
  0x00000266ed3224b0 JavaThread "TimerQueue" daemon [_thread_blocked, id=26272, stack(0x000000929cb00000,0x000000929cc00000)]
  0x00000266ed322e50 JavaThread "mysql-cj-abandoned-connection-cleanup" daemon [_thread_blocked, id=21572, stack(0x000000929c300000,0x000000929c400000)]
  0x00000266ed3237f0 JavaThread "Image Fetcher 0" daemon [_thread_blocked, id=29200, stack(0x000000929ce00000,0x000000929cf00000)]
  0x00000266ed321fe0 JavaThread "Image Fetcher 1" daemon [_thread_blocked, id=19192, stack(0x000000929cf00000,0x000000929d000000)]

Other Threads:
  0x00000266c97e53b0 VMThread "VM Thread" [stack: 0x000000929ad00000,0x000000929ae00000] [id=27036]
  0x00000266c97670e0 WatcherThread [stack: 0x000000929b900000,0x000000929ba00000] [id=27780]
  0x00000266c9747690 GCTaskThread "GC Thread#0" [stack: 0x000000929a800000,0x000000929a900000] [id=28308]
  0x00000266ed333490 GCTaskThread "GC Thread#1" [stack: 0x000000929c700000,0x000000929c800000] [id=24724]
  0x00000266ed333740 GCTaskThread "GC Thread#2" [stack: 0x000000929c800000,0x000000929c900000] [id=29340]
  0x00000266ed3339f0 GCTaskThread "GC Thread#3" [stack: 0x000000929c900000,0x000000929ca00000] [id=12068]
  0x00000266c9755330 ConcurrentGCThread "G1 Main Marker" [stack: 0x000000929a900000,0x000000929aa00000] [id=492]
  0x00000266c97563f0 ConcurrentGCThread "G1 Conc#0" [stack: 0x000000929aa00000,0x000000929ab00000] [id=21904]
  0x00000266c97bd530 ConcurrentGCThread "G1 Refine#0" [stack: 0x000000929ab00000,0x000000929ac00000] [id=7720]
  0x00000266e89e4860 ConcurrentGCThread "G1 Refine#1" [stack: 0x000000929ca00000,0x000000929cb00000] [id=28544]
  0x00000266c97bee70 ConcurrentGCThread "G1 Service" [stack: 0x000000929ac00000,0x000000929ad00000] [id=27148]

Threads with active compile tasks:
C2 CompilerThread0    11887 2117       4       java.util.HashMap::putVal (300 bytes)

VM state: not at safepoint (normal execution)

VM Mutex/Monitor currently owned by a thread: None

Heap address: 0x00000000a0e00000, size: 1522 MB, Compressed Oops mode: 32-bit

CDS archive(s) mapped at: [0x0000000800000000-0x0000000800bc0000-0x0000000800bc0000), size 12320768, SharedBaseAddress: 0x0000000800000000, ArchiveRelocationMode: 0.
Compressed class space mapped at: 0x0000000800c00000-0x0000000840c00000, reserved size: 1073741824
Narrow klass base: 0x0000000800000000, Narrow klass shift: 0, Narrow klass range: 0x100000000

GC Precious Log:
 CPUs: 4 total, 4 available
 Memory: 6086M
 Large Page Support: Disabled
 NUMA Support: Disabled
 Compressed Oops: Enabled (32-bit)
 Heap Region Size: 1M
 Heap Min Capacity: 8M
 Heap Initial Capacity: 96M
 Heap Max Capacity: 1522M
 Pre-touch: Disabled
 Parallel Workers: 4
 Concurrent Workers: 1
 Concurrent Refinement Workers: 4
 Periodic GC: Disabled

Heap:
 garbage-first heap   total 98304K, used 16565K [0x00000000a0e00000, 0x0000000100000000)
  region size 1024K, 5 young (5120K), 3 survivors (3072K)
 Metaspace       used 17699K, committed 17920K, reserved 1064960K
  class space    used 1994K, committed 2112K, reserved 1048576K

Heap Regions: E=young(eden), S=young(survivor), O=old, HS=humongous(starts), HC=humongous(continues), CS=collection set, F=free, OA=open archive, CA=closed archive, TAMS=top-at-mark-start (previous, next)
|   0|0x00000000a0e00000, 0x00000000a0f00000, 0x00000000a0f00000|100%| O|  |TAMS 0x00000000a0e00000, 0x00000000a0e00000| Untracked 
|   1|0x00000000a0f00000, 0x00000000a1000000, 0x00000000a1000000|100%| O|  |TAMS 0x00000000a0f00000, 0x00000000a0f00000| Untracked 
|   2|0x00000000a1000000, 0x00000000a1100000, 0x00000000a1100000|100%| O|  |TAMS 0x00000000a1000000, 0x00000000a1000000| Untracked 
|   3|0x00000000a1100000, 0x00000000a1200000, 0x00000000a1200000|100%| O|  |TAMS 0x00000000a1100000, 0x00000000a1100000| Untracked 
|   4|0x00000000a1200000, 0x00000000a123b000, 0x00000000a1300000| 23%| O|  |TAMS 0x00000000a1200000, 0x00000000a1200000| Untracked 
|   5|0x00000000a1300000, 0x00000000a1400000, 0x00000000a1400000|100%|HS|  |TAMS 0x00000000a1300000, 0x00000000a1300000| Complete 
|   6|0x00000000a1400000, 0x00000000a1500000, 0x00000000a1500000|100%|HC|  |TAMS 0x00000000a1400000, 0x00000000a1400000| Complete 
|   7|0x00000000a1500000, 0x00000000a1600000, 0x00000000a1600000|100%|HC|  |TAMS 0x00000000a1500000, 0x00000000a1500000| Complete 
|   8|0x00000000a1600000, 0x00000000a1700000, 0x00000000a1700000|100%|HC|  |TAMS 0x00000000a1600000, 0x00000000a1600000| Complete 
|   9|0x00000000a1700000, 0x00000000a1800000, 0x00000000a1800000|100%|HS|  |TAMS 0x00000000a1700000, 0x00000000a1700000| Complete 
|  10|0x00000000a1800000, 0x00000000a1900000, 0x00000000a1900000|100%|HC|  |TAMS 0x00000000a1800000, 0x00000000a1800000| Complete 
|  11|0x00000000a1900000, 0x00000000a1a00000, 0x00000000a1a00000|100%|HC|  |TAMS 0x00000000a1900000, 0x00000000a1900000| Complete 
|  12|0x00000000a1a00000, 0x00000000a1b00000, 0x00000000a1b00000|100%|HC|  |TAMS 0x00000000a1a00000, 0x00000000a1a00000| Complete 
|  13|0x00000000a1b00000, 0x00000000a1b00000, 0x00000000a1c00000|  0%| F|  |TAMS 0x00000000a1b00000, 0x00000000a1b00000| Untracked 
|  14|0x00000000a1c00000, 0x00000000a1c00000, 0x00000000a1d00000|  0%| F|  |TAMS 0x00000000a1c00000, 0x00000000a1c00000| Untracked 
|  15|0x00000000a1d00000, 0x00000000a1d00000, 0x00000000a1e00000|  0%| F|  |TAMS 0x00000000a1d00000, 0x00000000a1d00000| Untracked 
|  16|0x00000000a1e00000, 0x00000000a1e00000, 0x00000000a1f00000|  0%| F|  |TAMS 0x00000000a1e00000, 0x00000000a1e00000| Untracked 
|  17|0x00000000a1f00000, 0x00000000a1f00000, 0x00000000a2000000|  0%| F|  |TAMS 0x00000000a1f00000, 0x00000000a1f00000| Untracked 
|  18|0x00000000a2000000, 0x00000000a2000000, 0x00000000a2100000|  0%| F|  |TAMS 0x00000000a2000000, 0x00000000a2000000| Untracked 
|  19|0x00000000a2100000, 0x00000000a2100000, 0x00000000a2200000|  0%| F|  |TAMS 0x00000000a2100000, 0x00000000a2100000| Untracked 
|  20|0x00000000a2200000, 0x00000000a2200000, 0x00000000a2300000|  0%| F|  |TAMS 0x00000000a2200000, 0x00000000a2200000| Untracked 
|  21|0x00000000a2300000, 0x00000000a2300000, 0x00000000a2400000|  0%| F|  |TAMS 0x00000000a2300000, 0x00000000a2300000| Untracked 
|  22|0x00000000a2400000, 0x00000000a2400000, 0x00000000a2500000|  0%| F|  |TAMS 0x00000000a2400000, 0x00000000a2400000| Untracked 
|  23|0x00000000a2500000, 0x00000000a2500000, 0x00000000a2600000|  0%| F|  |TAMS 0x00000000a2500000, 0x00000000a2500000| Untracked 
|  24|0x00000000a2600000, 0x00000000a2600000, 0x00000000a2700000|  0%| F|  |TAMS 0x00000000a2600000, 0x00000000a2600000| Untracked 
|  25|0x00000000a2700000, 0x00000000a2700000, 0x00000000a2800000|  0%| F|  |TAMS 0x00000000a2700000, 0x00000000a2700000| Untracked 
|  26|0x00000000a2800000, 0x00000000a2800000, 0x00000000a2900000|  0%| F|  |TAMS 0x00000000a2800000, 0x00000000a2800000| Untracked 
|  27|0x00000000a2900000, 0x00000000a2900000, 0x00000000a2a00000|  0%| F|  |TAMS 0x00000000a2900000, 0x00000000a2900000| Untracked 
|  28|0x00000000a2a00000, 0x00000000a2a00000, 0x00000000a2b00000|  0%| F|  |TAMS 0x00000000a2a00000, 0x00000000a2a00000| Untracked 
|  29|0x00000000a2b00000, 0x00000000a2b00000, 0x00000000a2c00000|  0%| F|  |TAMS 0x00000000a2b00000, 0x00000000a2b00000| Untracked 
|  30|0x00000000a2c00000, 0x00000000a2c00000, 0x00000000a2d00000|  0%| F|  |TAMS 0x00000000a2c00000, 0x00000000a2c00000| Untracked 
|  31|0x00000000a2d00000, 0x00000000a2d00000, 0x00000000a2e00000|  0%| F|  |TAMS 0x00000000a2d00000, 0x00000000a2d00000| Untracked 
|  32|0x00000000a2e00000, 0x00000000a2e00000, 0x00000000a2f00000|  0%| F|  |TAMS 0x00000000a2e00000, 0x00000000a2e00000| Untracked 
|  33|0x00000000a2f00000, 0x00000000a2f00000, 0x00000000a3000000|  0%| F|  |TAMS 0x00000000a2f00000, 0x00000000a2f00000| Untracked 
|  34|0x00000000a3000000, 0x00000000a3000000, 0x00000000a3100000|  0%| F|  |TAMS 0x00000000a3000000, 0x00000000a3000000| Untracked 
|  35|0x00000000a3100000, 0x00000000a3100000, 0x00000000a3200000|  0%| F|  |TAMS 0x00000000a3100000, 0x00000000a3100000| Untracked 
|  36|0x00000000a3200000, 0x00000000a3200000, 0x00000000a3300000|  0%| F|  |TAMS 0x00000000a3200000, 0x00000000a3200000| Untracked 
|  37|0x00000000a3300000, 0x00000000a3300000, 0x00000000a3400000|  0%| F|  |TAMS 0x00000000a3300000, 0x00000000a3300000| Untracked 
|  38|0x00000000a3400000, 0x00000000a3400000, 0x00000000a3500000|  0%| F|  |TAMS 0x00000000a3400000, 0x00000000a3400000| Untracked 
|  39|0x00000000a3500000, 0x00000000a3500000, 0x00000000a3600000|  0%| F|  |TAMS 0x00000000a3500000, 0x00000000a3500000| Untracked 
|  40|0x00000000a3600000, 0x00000000a3600000, 0x00000000a3700000|  0%| F|  |TAMS 0x00000000a3600000, 0x00000000a3600000| Untracked 
|  41|0x00000000a3700000, 0x00000000a3700000, 0x00000000a3800000|  0%| F|  |TAMS 0x00000000a3700000, 0x00000000a3700000| Untracked 
|  42|0x00000000a3800000, 0x00000000a3800000, 0x00000000a3900000|  0%| F|  |TAMS 0x00000000a3800000, 0x00000000a3800000| Untracked 
|  43|0x00000000a3900000, 0x00000000a3900000, 0x00000000a3a00000|  0%| F|  |TAMS 0x00000000a3900000, 0x00000000a3900000| Untracked 
|  44|0x00000000a3a00000, 0x00000000a3a00000, 0x00000000a3b00000|  0%| F|  |TAMS 0x00000000a3a00000, 0x00000000a3a00000| Untracked 
|  45|0x00000000a3b00000, 0x00000000a3b00000, 0x00000000a3c00000|  0%| F|  |TAMS 0x00000000a3b00000, 0x00000000a3b00000| Untracked 
|  46|0x00000000a3c00000, 0x00000000a3c00000, 0x00000000a3d00000|  0%| F|  |TAMS 0x00000000a3c00000, 0x00000000a3c00000| Untracked 
|  47|0x00000000a3d00000, 0x00000000a3d00000, 0x00000000a3e00000|  0%| F|  |TAMS 0x00000000a3d00000, 0x00000000a3d00000| Untracked 
|  48|0x00000000a3e00000, 0x00000000a3e00000, 0x00000000a3f00000|  0%| F|  |TAMS 0x00000000a3e00000, 0x00000000a3e00000| Untracked 
|  49|0x00000000a3f00000, 0x00000000a3f00000, 0x00000000a4000000|  0%| F|  |TAMS 0x00000000a3f00000, 0x00000000a3f00000| Untracked 
|  50|0x00000000a4000000, 0x00000000a4000000, 0x00000000a4100000|  0%| F|  |TAMS 0x00000000a4000000, 0x00000000a4000000| Untracked 
|  51|0x00000000a4100000, 0x00000000a4100000, 0x00000000a4200000|  0%| F|  |TAMS 0x00000000a4100000, 0x00000000a4100000| Untracked 
|  52|0x00000000a4200000, 0x00000000a4200000, 0x00000000a4300000|  0%| F|  |TAMS 0x00000000a4200000, 0x00000000a4200000| Untracked 
|  53|0x00000000a4300000, 0x00000000a4300000, 0x00000000a4400000|  0%| F|  |TAMS 0x00000000a4300000, 0x00000000a4300000| Untracked 
|  54|0x00000000a4400000, 0x00000000a4400000, 0x00000000a4500000|  0%| F|  |TAMS 0x00000000a4400000, 0x00000000a4400000| Untracked 
|  55|0x00000000a4500000, 0x00000000a4500000, 0x00000000a4600000|  0%| F|  |TAMS 0x00000000a4500000, 0x00000000a4500000| Untracked 
|  56|0x00000000a4600000, 0x00000000a4600000, 0x00000000a4700000|  0%| F|  |TAMS 0x00000000a4600000, 0x00000000a4600000| Untracked 
|  57|0x00000000a4700000, 0x00000000a4700000, 0x00000000a4800000|  0%| F|  |TAMS 0x00000000a4700000, 0x00000000a4700000| Untracked 
|  58|0x00000000a4800000, 0x00000000a4800000, 0x00000000a4900000|  0%| F|  |TAMS 0x00000000a4800000, 0x00000000a4800000| Untracked 
|  59|0x00000000a4900000, 0x00000000a4900000, 0x00000000a4a00000|  0%| F|  |TAMS 0x00000000a4900000, 0x00000000a4900000| Untracked 
|  60|0x00000000a4a00000, 0x00000000a4a00000, 0x00000000a4b00000|  0%| F|  |TAMS 0x00000000a4a00000, 0x00000000a4a00000| Untracked 
|  61|0x00000000a4b00000, 0x00000000a4b00000, 0x00000000a4c00000|  0%| F|  |TAMS 0x00000000a4b00000, 0x00000000a4b00000| Untracked 
|  62|0x00000000a4c00000, 0x00000000a4c00000, 0x00000000a4d00000|  0%| F|  |TAMS 0x00000000a4c00000, 0x00000000a4c00000| Untracked 
|  63|0x00000000a4d00000, 0x00000000a4d00000, 0x00000000a4e00000|  0%| F|  |TAMS 0x00000000a4d00000, 0x00000000a4d00000| Untracked 
|  64|0x00000000a4e00000, 0x00000000a4e00000, 0x00000000a4f00000|  0%| F|  |TAMS 0x00000000a4e00000, 0x00000000a4e00000| Untracked 
|  65|0x00000000a4f00000, 0x00000000a4ff2718, 0x00000000a5000000| 94%| S|CS|TAMS 0x00000000a4f00000, 0x00000000a4f00000| Complete 
|  66|0x00000000a5000000, 0x00000000a5100000, 0x00000000a5100000|100%| S|CS|TAMS 0x00000000a5000000, 0x00000000a5000000| Complete 
|  67|0x00000000a5100000, 0x00000000a5200000, 0x00000000a5200000|100%| S|CS|TAMS 0x00000000a5100000, 0x00000000a5100000| Complete 
|  68|0x00000000a5200000, 0x00000000a5200000, 0x00000000a5300000|  0%| F|  |TAMS 0x00000000a5200000, 0x00000000a5200000| Untracked 
|  69|0x00000000a5300000, 0x00000000a5300000, 0x00000000a5400000|  0%| F|  |TAMS 0x00000000a5300000, 0x00000000a5300000| Untracked 
|  70|0x00000000a5400000, 0x00000000a5400000, 0x00000000a5500000|  0%| F|  |TAMS 0x00000000a5400000, 0x00000000a5400000| Untracked 
|  71|0x00000000a5500000, 0x00000000a5500000, 0x00000000a5600000|  0%| F|  |TAMS 0x00000000a5500000, 0x00000000a5500000| Untracked 
|  72|0x00000000a5600000, 0x00000000a5600000, 0x00000000a5700000|  0%| F|  |TAMS 0x00000000a5600000, 0x00000000a5600000| Untracked 
|  73|0x00000000a5700000, 0x00000000a5700000, 0x00000000a5800000|  0%| F|  |TAMS 0x00000000a5700000, 0x00000000a5700000| Untracked 
|  74|0x00000000a5800000, 0x00000000a5800000, 0x00000000a5900000|  0%| F|  |TAMS 0x00000000a5800000, 0x00000000a5800000| Untracked 
|  75|0x00000000a5900000, 0x00000000a5900000, 0x00000000a5a00000|  0%| F|  |TAMS 0x00000000a5900000, 0x00000000a5900000| Untracked 
|  76|0x00000000a5a00000, 0x00000000a5a00000, 0x00000000a5b00000|  0%| F|  |TAMS 0x00000000a5a00000, 0x00000000a5a00000| Untracked 
|  77|0x00000000a5b00000, 0x00000000a5b00000, 0x00000000a5c00000|  0%| F|  |TAMS 0x00000000a5b00000, 0x00000000a5b00000| Untracked 
|  78|0x00000000a5c00000, 0x00000000a5c00000, 0x00000000a5d00000|  0%| F|  |TAMS 0x00000000a5c00000, 0x00000000a5c00000| Untracked 
|  79|0x00000000a5d00000, 0x00000000a5d00000, 0x00000000a5e00000|  0%| F|  |TAMS 0x00000000a5d00000, 0x00000000a5d00000| Untracked 
|  80|0x00000000a5e00000, 0x00000000a5e00000, 0x00000000a5f00000|  0%| F|  |TAMS 0x00000000a5e00000, 0x00000000a5e00000| Untracked 
|  81|0x00000000a5f00000, 0x00000000a5f00000, 0x00000000a6000000|  0%| F|  |TAMS 0x00000000a5f00000, 0x00000000a5f00000| Untracked 
|  82|0x00000000a6000000, 0x00000000a6000000, 0x00000000a6100000|  0%| F|  |TAMS 0x00000000a6000000, 0x00000000a6000000| Untracked 
|  83|0x00000000a6100000, 0x00000000a6100000, 0x00000000a6200000|  0%| F|  |TAMS 0x00000000a6100000, 0x00000000a6100000| Untracked 
|  84|0x00000000a6200000, 0x00000000a6200000, 0x00000000a6300000|  0%| F|  |TAMS 0x00000000a6200000, 0x00000000a6200000| Untracked 
|  85|0x00000000a6300000, 0x00000000a6300000, 0x00000000a6400000|  0%| F|  |TAMS 0x00000000a6300000, 0x00000000a6300000| Untracked 
|  86|0x00000000a6400000, 0x00000000a6400000, 0x00000000a6500000|  0%| F|  |TAMS 0x00000000a6400000, 0x00000000a6400000| Untracked 
|  87|0x00000000a6500000, 0x00000000a6500000, 0x00000000a6600000|  0%| F|  |TAMS 0x00000000a6500000, 0x00000000a6500000| Untracked 
|  88|0x00000000a6600000, 0x00000000a6600000, 0x00000000a6700000|  0%| F|  |TAMS 0x00000000a6600000, 0x00000000a6600000| Untracked 
|  89|0x00000000a6700000, 0x00000000a6700000, 0x00000000a6800000|  0%| F|  |TAMS 0x00000000a6700000, 0x00000000a6700000| Untracked 
|  90|0x00000000a6800000, 0x00000000a6800000, 0x00000000a6900000|  0%| F|  |TAMS 0x00000000a6800000, 0x00000000a6800000| Untracked 
|  91|0x00000000a6900000, 0x00000000a6900000, 0x00000000a6a00000|  0%| F|  |TAMS 0x00000000a6900000, 0x00000000a6900000| Untracked 
|  92|0x00000000a6a00000, 0x00000000a6a00000, 0x00000000a6b00000|  0%| F|  |TAMS 0x00000000a6a00000, 0x00000000a6a00000| Untracked 
|  93|0x00000000a6b00000, 0x00000000a6b00000, 0x00000000a6c00000|  0%| F|  |TAMS 0x00000000a6b00000, 0x00000000a6b00000| Untracked 
|  94|0x00000000a6c00000, 0x00000000a6d00000, 0x00000000a6d00000|100%| E|  |TAMS 0x00000000a6c00000, 0x00000000a6c00000| Complete 
|  95|0x00000000a6d00000, 0x00000000a6e00000, 0x00000000a6e00000|100%| E|CS|TAMS 0x00000000a6d00000, 0x00000000a6d00000| Complete 

Card table byte_map: [0x00000266e20c0000,0x00000266e23c0000] _byte_map_base: 0x00000266e1bb9000

Marking Bits (Prev, Next): (CMBitMap*) 0x00000266c9748bc0, (CMBitMap*) 0x00000266c9748c00
 Prev Bits: [0x00000266e26c0000, 0x00000266e3e88000)
 Next Bits: [0x00000266e3e90000, 0x00000266e5658000)

Polling page: 0x00000266c9590000

Metaspace:

Usage:
  Non-class:     15.34 MB used.
      Class:      1.95 MB used.
       Both:     17.28 MB used.

Virtual space:
  Non-class space:       16.00 MB reserved,      15.44 MB ( 96%) committed,  2 nodes.
      Class space:        1.00 GB reserved,       2.06 MB ( <1%) committed,  1 nodes.
             Both:        1.02 GB reserved,      17.50 MB (  2%) committed. 

Chunk freelists:
   Non-Class:  528.00 KB
       Class:  1.94 MB
        Both:  2.45 MB

MaxMetaspaceSize: unlimited
CompressedClassSpaceSize: 1.00 GB
Initial GC threshold: 21.00 MB
Current GC threshold: 21.00 MB
CDS: on
MetaspaceReclaimPolicy: balanced
 - commit_granule_bytes: 65536.
 - commit_granule_words: 8192.
 - virtual_space_node_default_size: 1048576.
 - enlarge_chunks_in_place: 1.
 - new_chunks_are_fully_committed: 0.
 - uncommit_free_chunks: 1.
 - use_allocation_guard: 0.
 - handle_deallocations: 1.


Internal statistics:

num_allocs_failed_limit: 0.
num_arena_births: 158.
num_arena_deaths: 0.
num_vsnodes_births: 3.
num_vsnodes_deaths: 0.
num_space_committed: 280.
num_space_uncommitted: 0.
num_chunks_returned_to_freelist: 0.
num_chunks_taken_from_freelist: 371.
num_chunk_merges: 0.
num_chunk_splits: 215.
num_chunks_enlarged: 119.
num_purges: 0.
num_inconsistent_stats: 0.

CodeHeap 'non-profiled nmethods': size=120000Kb used=782Kb max_used=782Kb free=119217Kb
 bounds [0x00000266da270000, 0x00000266da4e0000, 0x00000266e17a0000]
CodeHeap 'profiled nmethods': size=120000Kb used=4299Kb max_used=4299Kb free=115700Kb
 bounds [0x00000266d2d40000, 0x00000266d3180000, 0x00000266da270000]
CodeHeap 'non-nmethods': size=5760Kb used=1368Kb max_used=1421Kb free=4391Kb
 bounds [0x00000266d27a0000, 0x00000266d2a10000, 0x00000266d2d40000]
 total_blobs=3117 nmethods=2403 adapters=626
 compilation: enabled
              stopped_count=0, restarted_count=0
 full_count=0

Compilation events (20 events):
Event: 11.789 Thread 0x00000266e7be1510 2434       2       sun.java2d.SunGraphics2D::create (8 bytes)
Event: 11.789 Thread 0x00000266e7be1510 nmethod 2434 0x00000266d3170990 code [0x00000266d3170b20, 0x00000266d3170c68]
Event: 11.789 Thread 0x00000266e7be1510 2435   !   2       sun.java2d.SunGraphics2D::clone (114 bytes)
Event: 11.790 Thread 0x00000266e7be1510 nmethod 2435 0x00000266d3170d10 code [0x00000266d3170f20, 0x00000266d31715a8]
Event: 11.790 Thread 0x00000266e7be1510 2436       2       java.awt.Rectangle::reshape (22 bytes)
Event: 11.790 Thread 0x00000266e7be1510 nmethod 2436 0x00000266d3171990 code [0x00000266d3171b20, 0x00000266d3171c38]
Event: 11.797 Thread 0x00000266e7be1510 2437       2       sun.java2d.pipe.ValidatePipe::fillRect (25 bytes)
Event: 11.797 Thread 0x00000266e7be1510 nmethod 2437 0x00000266d3171d10 code [0x00000266d3171ee0, 0x00000266d3172168]
Event: 11.797 Thread 0x00000266e7be1510 2438       2       sun.java2d.d3d.D3DPaints$Gradient::isPaintValid (26 bytes)
Event: 11.798 Thread 0x00000266e7be1510 nmethod 2438 0x00000266d3172310 code [0x00000266d31724c0, 0x00000266d31726a8]
Event: 11.798 Thread 0x00000266e7be1510 2439       1       java.awt.GradientPaint::getColor1 (5 bytes)
Event: 11.798 Thread 0x00000266e7be1510 nmethod 2439 0x00000266da333210 code [0x00000266da3333a0, 0x00000266da333478]
Event: 11.798 Thread 0x00000266e7be1510 2440       1       java.awt.GradientPaint::getColor2 (5 bytes)
Event: 11.798 Thread 0x00000266e7be1510 nmethod 2440 0x00000266da333510 code [0x00000266da3336a0, 0x00000266da333778]
Event: 11.798 Thread 0x00000266e7be1510 2441       1       java.awt.GradientPaint::isCyclic (5 bytes)
Event: 11.798 Thread 0x00000266e7be1510 nmethod 2441 0x00000266da333810 code [0x00000266da3339a0, 0x00000266da333a78]
Event: 11.799 Thread 0x00000266e7be1510 2442       2       sun.awt.image.SunVolatileImage::getWidth (5 bytes)
Event: 11.799 Thread 0x00000266e7be1510 nmethod 2442 0x00000266d3172890 code [0x00000266d3172a20, 0x00000266d3172b38]
Event: 11.799 Thread 0x00000266e7be1510 2443       2       sun.awt.image.SunVolatileImage::getHeight (5 bytes)
Event: 11.799 Thread 0x00000266e7be1510 nmethod 2443 0x00000266d3172c10 code [0x00000266d3172da0, 0x00000266d3172eb8]

GC Heap History (6 events):
Event: 1.460 GC heap before
{Heap before GC invocations=0 (full 0):
 garbage-first heap   total 98304K, used 12288K [0x00000000a0e00000, 0x0000000100000000)
  region size 1024K, 13 young (13312K), 0 survivors (0K)
 Metaspace       used 7995K, committed 8256K, reserved 1056768K
  class space    used 904K, committed 1024K, reserved 1048576K
}
Event: 1.467 GC heap after
{Heap after GC invocations=1 (full 0):
 garbage-first heap   total 98304K, used 4216K [0x00000000a0e00000, 0x0000000100000000)
  region size 1024K, 2 young (2048K), 2 survivors (2048K)
 Metaspace       used 7995K, committed 8256K, reserved 1056768K
  class space    used 904K, committed 1024K, reserved 1048576K
}
Event: 5.054 GC heap before
{Heap before GC invocations=1 (full 0):
 garbage-first heap   total 98304K, used 11384K [0x00000000a0e00000, 0x0000000100000000)
  region size 1024K, 9 young (9216K), 2 survivors (2048K)
 Metaspace       used 8720K, committed 8896K, reserved 1056768K
  class space    used 985K, committed 1024K, reserved 1048576K
}
Event: 5.058 GC heap after
{Heap after GC invocations=2 (full 0):
 garbage-first heap   total 98304K, used 4953K [0x00000000a0e00000, 0x0000000100000000)
  region size 1024K, 1 young (1024K), 1 survivors (1024K)
 Metaspace       used 8720K, committed 8896K, reserved 1056768K
  class space    used 985K, committed 1024K, reserved 1048576K
}
Event: 11.662 GC heap before
{Heap before GC invocations=2 (full 0):
 garbage-first heap   total 98304K, used 39769K [0x00000000a0e00000, 0x0000000100000000)
  region size 1024K, 28 young (28672K), 1 survivors (1024K)
 Metaspace       used 17549K, committed 17792K, reserved 1064960K
  class space    used 1986K, committed 2112K, reserved 1048576K
}
Event: 11.665 GC heap after
{Heap after GC invocations=3 (full 0):
 garbage-first heap   total 98304K, used 15541K [0x00000000a0e00000, 0x0000000100000000)
  region size 1024K, 3 young (3072K), 3 survivors (3072K)
 Metaspace       used 17549K, committed 17792K, reserved 1064960K
  class space    used 1986K, committed 2112K, reserved 1048576K
}

Deoptimization events (20 events):
Event: 11.277 Thread 0x00000266ed2bc3a0 DEOPT PACKING pc=0x00000266da3025ac sp=0x000000929c4fade0
Event: 11.277 Thread 0x00000266ed2bc3a0 DEOPT UNPACKING pc=0x00000266d27f23a3 sp=0x000000929c4fad78 mode 2
Event: 11.290 Thread 0x00000266ed2bc3a0 Uncommon trap: trap_request=0xffffffc6 fr.pc=0x00000266da3025ac relative=0x000000000000008c
Event: 11.290 Thread 0x00000266ed2bc3a0 Uncommon trap: reason=bimorphic_or_optimized_type_check action=maybe_recompile pc=0x00000266da3025ac method=java.lang.ref.Reference.refersTo(Ljava/lang/Object;)Z @ 2 c2
Event: 11.290 Thread 0x00000266ed2bc3a0 DEOPT PACKING pc=0x00000266da3025ac sp=0x000000929c4fade0
Event: 11.290 Thread 0x00000266ed2bc3a0 DEOPT UNPACKING pc=0x00000266d27f23a3 sp=0x000000929c4fad78 mode 2
Event: 11.477 Thread 0x00000266ed2bc3a0 Uncommon trap: trap_request=0xffffff45 fr.pc=0x00000266da2bf130 relative=0x0000000000000290
Event: 11.477 Thread 0x00000266ed2bc3a0 Uncommon trap: reason=unstable_if action=reinterpret pc=0x00000266da2bf130 method=java.nio.Buffer.<init>(IIIILjdk/internal/access/foreign/MemorySegmentProxy;)V @ 50 c2
Event: 11.477 Thread 0x00000266ed2bc3a0 DEOPT PACKING pc=0x00000266da2bf130 sp=0x000000929c4fd690
Event: 11.477 Thread 0x00000266ed2bc3a0 DEOPT UNPACKING pc=0x00000266d27f23a3 sp=0x000000929c4fd5d8 mode 2
Event: 11.506 Thread 0x00000266ed2bc3a0 Uncommon trap: trap_request=0xffffff45 fr.pc=0x00000266da2e2f60 relative=0x0000000000000240
Event: 11.506 Thread 0x00000266ed2bc3a0 Uncommon trap: reason=unstable_if action=reinterpret pc=0x00000266da2e2f60 method=java.lang.StringLatin1.trim([B)Ljava/lang/String; @ 44 c2
Event: 11.506 Thread 0x00000266ed2bc3a0 DEOPT PACKING pc=0x00000266da2e2f60 sp=0x000000929c4fbf90
Event: 11.506 Thread 0x00000266ed2bc3a0 DEOPT UNPACKING pc=0x00000266d27f23a3 sp=0x000000929c4fbf58 mode 2
Event: 11.511 Thread 0x00000266ed2bc3a0 DEOPT PACKING pc=0x00000266d3122c9a sp=0x000000929c4fd140
Event: 11.511 Thread 0x00000266ed2bc3a0 DEOPT UNPACKING pc=0x00000266d27f2b43 sp=0x000000929c4fc598 mode 0
Event: 11.511 Thread 0x00000266ed2bc3a0 DEOPT PACKING pc=0x00000266d3122c9a sp=0x000000929c4fd0b0
Event: 11.511 Thread 0x00000266ed2bc3a0 DEOPT UNPACKING pc=0x00000266d27f2b43 sp=0x000000929c4fc508 mode 0
Event: 11.542 Thread 0x00000266ed2bc3a0 DEOPT PACKING pc=0x00000266d3120aa8 sp=0x000000929c4fd460
Event: 11.542 Thread 0x00000266ed2bc3a0 DEOPT UNPACKING pc=0x00000266d27f2b43 sp=0x000000929c4fc8a0 mode 0

Classes unloaded (0 events):
No events

Classes redefined (0 events):
No events

Internal exceptions (20 events):
Event: 0.578 Thread 0x00000266c9711690 Exception <a 'java/lang/NoSuchMethodError'{0x00000000a6a8e9f0}: 'java.lang.Object java.lang.invoke.DirectMethodHandle$Holder.invokeStatic(java.lang.Object, int, java.lang.Object, java.lang.Object, java.lang.Object, java.lang.Object)'> (0x00000000a6a8e9f0) 
thrown [t:\workspace\open\src\hotspot\share\interpreter\linkResolver.cpp, line 766]
Event: 0.582 Thread 0x00000266c9711690 Exception <a 'java/lang/NoSuchMethodError'{0x00000000a6ab41b0}: 'java.lang.Object java.lang.invoke.DirectMethodHandle$Holder.invokeStatic(java.lang.Object, int, java.lang.Object)'> (0x00000000a6ab41b0) 
thrown [t:\workspace\open\src\hotspot\share\interpreter\linkResolver.cpp, line 766]
Event: 0.605 Thread 0x00000266c9711690 Exception <a 'java/lang/ClassNotFoundException'{0x00000000a696c780}: com/sun/swing/internal/plaf/metal/resources/spi/metalProvider> (0x00000000a696c780) 
thrown [t:\workspace\open\src\hotspot\share\classfile\systemDictionary.cpp, line 256]
Event: 0.606 Thread 0x00000266c9711690 Exception <a 'java/lang/ClassNotFoundException'{0x00000000a6970628}: com/sun/swing/internal/plaf/basic/resources/spi/basicProvider> (0x00000000a6970628) 
thrown [t:\workspace\open\src\hotspot\share\classfile\systemDictionary.cpp, line 256]
Event: 0.713 Thread 0x00000266ed24b0c0 Exception <a 'java/lang/NoSuchMethodError'{0x00000000a673d4b0}: 'java.lang.Object java.lang.invoke.DirectMethodHandle$Holder.newInvokeSpecial(java.lang.Object, java.lang.Object, java.lang.Object, int, int, int, int, int)'> (0x00000000a673d4b0) 
thrown [t:\workspace\open\src\hotspot\share\interpreter\linkResolver.cpp, line 766]
Event: 0.772 Thread 0x00000266e8afb5d0 Exception <a 'java/lang/NoSuchMethodError'{0x00000000a6a10288}: 'void java.lang.invoke.DirectMethodHandle$Holder.invokeVirtual(java.lang.Object, java.lang.Object)'> (0x00000000a6a10288) 
thrown [t:\workspace\open\src\hotspot\share\interpreter\linkResolver.cpp, line 766]
Event: 0.789 Thread 0x00000266c9711690 Exception <a 'java/lang/NoSuchMethodError'{0x00000000a66d9b28}: 'void java.lang.invoke.DirectMethodHandle$Holder.invokeStaticInit(java.lang.Object)'> (0x00000000a66d9b28) 
thrown [t:\workspace\open\src\hotspot\share\interpreter\linkResolver.cpp, line 766]
Event: 5.112 Thread 0x00000266ed2bc3a0 Exception <a 'java/lang/NoSuchMethodError'{0x00000000a6788260}: 'void java.lang.invoke.DirectMethodHandle$Holder.invokeSpecial(java.lang.Object, java.lang.Object, java.lang.Object, java.lang.Object, java.lang.Object)'> (0x00000000a6788260) 
thrown [t:\workspace\open\src\hotspot\share\interpreter\linkResolver.cpp, line 766]
Event: 10.959 Thread 0x00000266ed2bc3a0 Implicit null exception at 0x00000266da2bdb7c to 0x00000266da2bdbec
Event: 10.995 Thread 0x00000266ed2bc3a0 Exception <a 'java/lang/NoSuchMethodError'{0x00000000a6430e40}: 'java.lang.Object java.lang.invoke.DirectMethodHandle$Holder.invokeInterface(java.lang.Object, java.lang.Object)'> (0x00000000a6430e40) 
thrown [t:\workspace\open\src\hotspot\share\interpreter\linkResolver.cpp, line 766]
Event: 11.018 Thread 0x00000266ed2bc3a0 Exception <a 'java/lang/NoSuchMethodError'{0x00000000a64b0118}: 'void java.lang.invoke.DirectMethodHandle$Holder.invokeStatic(java.lang.Object, java.lang.Object, java.lang.Object)'> (0x00000000a64b0118) 
thrown [t:\workspace\open\src\hotspot\share\interpreter\linkResolver.cpp, line 766]
Event: 11.019 Thread 0x00000266ed2bc3a0 Exception <a 'java/lang/NoSuchMethodError'{0x00000000a64ba290}: 'java.lang.Object java.lang.invoke.DirectMethodHandle$Holder.invokeVirtual(java.lang.Object, java.lang.Object, java.lang.Object)'> (0x00000000a64ba290) 
thrown [t:\workspace\open\src\hotspot\share\interpreter\linkResolver.cpp, line 766]
Event: 11.152 Thread 0x00000266ed2bc3a0 Exception <a 'java/lang/NoSuchMethodError'{0x00000000a61d07f0}: 'void java.lang.invoke.DirectMethodHandle$Holder.invokeStatic(java.lang.Object, java.lang.Object)'> (0x00000000a61d07f0) 
thrown [t:\workspace\open\src\hotspot\share\interpreter\linkResolver.cpp, line 766]
Event: 11.214 Thread 0x00000266ed2bc3a0 Exception <a 'java/lang/NoSuchMethodError'{0x00000000a5f73460}: 'void java.lang.invoke.DirectMethodHandle$Holder.invokeStaticInit(java.lang.Object, java.lang.Object)'> (0x00000000a5f73460) 
thrown [t:\workspace\open\src\hotspot\share\interpreter\linkResolver.cpp, line 766]
Event: 11.267 Thread 0x00000266ed2bc3a0 Exception <a 'sun/nio/fs/WindowsException'{0x00000000a5eb1190}> (0x00000000a5eb1190) 
thrown [t:\workspace\open\src\hotspot\share\prims\jni.cpp, line 516]
Event: 11.279 Thread 0x00000266ed2bc3a0 Exception <a 'java/lang/NoSuchMethodError'{0x00000000a5ed77b8}: 'int java.lang.invoke.DirectMethodHandle$Holder.invokeStaticInit(java.lang.Object, java.lang.Object, java.lang.Object, java.lang.Object)'> (0x00000000a5ed77b8) 
thrown [t:\workspace\open\src\hotspot\share\interpreter\linkResolver.cpp, line 766]
Event: 11.279 Thread 0x00000266ed2bc3a0 Exception <a 'java/lang/IncompatibleClassChangeError'{0x00000000a5ee0c48}: Found class java.lang.Object, but interface was expected> (0x00000000a5ee0c48) 
thrown [t:\workspace\open\src\hotspot\share\interpreter\linkResolver.cpp, line 833]
Event: 11.280 Thread 0x00000266ed2bc3a0 Exception <a 'java/lang/NoSuchMethodError'{0x00000000a5ee65d8}: 'int java.lang.invoke.DirectMethodHandle$Holder.invokeStaticInit(java.lang.Object, java.lang.Object)'> (0x00000000a5ee65d8) 
thrown [t:\workspace\open\src\hotspot\share\interpreter\linkResolver.cpp, line 766]
Event: 11.325 Thread 0x00000266ed2bc3a0 Exception <a 'java/lang/NoSuchMethodError'{0x00000000a5c62770}: 'java.lang.Object java.lang.invoke.DirectMethodHandle$Holder.invokeStaticInit(java.lang.Object, int, int, int, int)'> (0x00000000a5c62770) 
thrown [t:\workspace\open\src\hotspot\share\interpreter\linkResolver.cpp, line 766]
Event: 11.383 Thread 0x00000266ed2bc3a0 Exception <a 'java/lang/NoSuchMethodError'{0x00000000a5b26630}: 'java.lang.Object java.lang.invoke.DirectMethodHandle$Holder.invokeStaticInit(java.lang.Object, java.lang.Object, int, int, int, int)'> (0x00000000a5b26630) 
thrown [t:\workspace\open\src\hotspot\share\interpreter\linkResolver.cpp, line 766]

VM Operations (20 events):
Event: 10.179 Executing VM operation: Cleanup
Event: 10.179 Executing VM operation: Cleanup done
Event: 10.977 Executing VM operation: HandshakeAllThreads
Event: 10.977 Executing VM operation: HandshakeAllThreads done
Event: 11.103 Executing VM operation: HandshakeAllThreads
Event: 11.103 Executing VM operation: HandshakeAllThreads done
Event: 11.149 Executing VM operation: HandshakeAllThreads
Event: 11.149 Executing VM operation: HandshakeAllThreads done
Event: 11.194 Executing VM operation: HandshakeAllThreads
Event: 11.194 Executing VM operation: HandshakeAllThreads done
Event: 11.194 Executing VM operation: Cleanup
Event: 11.194 Executing VM operation: Cleanup done
Event: 11.273 Executing VM operation: HandshakeAllThreads
Event: 11.274 Executing VM operation: HandshakeAllThreads done
Event: 11.497 Executing VM operation: HandshakeAllThreads
Event: 11.497 Executing VM operation: HandshakeAllThreads done
Event: 11.661 Executing VM operation: G1CollectForAllocation
Event: 11.665 Executing VM operation: G1CollectForAllocation done
Event: 11.706 Executing VM operation: HandshakeAllThreads
Event: 11.706 Executing VM operation: HandshakeAllThreads done

Events (20 events):
Event: 11.704 loading class sun/swing/ImageCache
Event: 11.704 loading class sun/swing/ImageCache done
Event: 11.704 loading class sun/swing/ImageCache$Entry
Event: 11.704 loading class sun/swing/ImageCache$Entry done
Event: 11.705 loading class java/awt/GradientPaint
Event: 11.705 loading class java/awt/GradientPaint done
Event: 11.706 loading class sun/java2d/d3d/D3DPaints
Event: 11.706 loading class sun/java2d/d3d/D3DPaints done
Event: 11.706 loading class sun/java2d/d3d/D3DPaints$Gradient
Event: 11.706 loading class sun/java2d/d3d/D3DPaints$Gradient done
Event: 11.706 loading class sun/java2d/d3d/D3DPaints$LinearGradient
Event: 11.706 loading class sun/java2d/d3d/D3DPaints$MultiGradient
Event: 11.706 loading class sun/java2d/d3d/D3DPaints$MultiGradient done
Event: 11.706 loading class sun/java2d/d3d/D3DPaints$LinearGradient done
Event: 11.706 loading class sun/java2d/d3d/D3DPaints$RadialGradient
Event: 11.706 loading class sun/java2d/d3d/D3DPaints$RadialGradient done
Event: 11.706 loading class sun/java2d/d3d/D3DPaints$Texture
Event: 11.706 loading class sun/java2d/d3d/D3DPaints$Texture done
Event: 11.767 loading class java/awt/LightweightDispatcher$2
Event: 11.767 loading class java/awt/LightweightDispatcher$2 done


Dynamic libraries:
0x00007ff63fd80000 - 0x00007ff63fd90000 	C:\Program Files\Java\jdk-17.0.2\bin\java.exe
0x00007fff0d530000 - 0x00007fff0d728000 	C:\windows\SYSTEM32\ntdll.dll
0x00007fff0cc70000 - 0x00007fff0cd2d000 	C:\windows\System32\KERNEL32.DLL
0x00007fff0ada0000 - 0x00007fff0b096000 	C:\windows\System32\KERNELBASE.dll
0x00007fff0b0a0000 - 0x00007fff0b1a0000 	C:\windows\System32\ucrtbase.dll
0x00007ffef9fb0000 - 0x00007ffef9fca000 	C:\Program Files\Java\jdk-17.0.2\bin\VCRUNTIME140.dll
0x00007ffef3910000 - 0x00007ffef3928000 	C:\Program Files\Java\jdk-17.0.2\bin\jli.dll
0x00007fff0ce70000 - 0x00007fff0cf20000 	C:\windows\System32\ADVAPI32.dll
0x00007fff0b560000 - 0x00007fff0b5fe000 	C:\windows\System32\msvcrt.dll
0x00007fff0bef0000 - 0x00007fff0bf90000 	C:\windows\System32\sechost.dll
0x00007fff0d000000 - 0x00007fff0d125000 	C:\windows\System32\RPCRT4.dll
0x00007fff0ad70000 - 0x00007fff0ad97000 	C:\windows\System32\bcrypt.dll
0x00007fff0ca70000 - 0x00007fff0cc0e000 	C:\windows\System32\USER32.dll
0x00007ffef2ee0000 - 0x00007ffef317a000 	C:\windows\WinSxS\amd64_microsoft.windows.common-controls_6595b64144ccf1df_6.0.19041.3636_none_60b6a03d71f818d5\COMCTL32.dll
0x00007fff0b1a0000 - 0x00007fff0b1c2000 	C:\windows\System32\win32u.dll
0x00007fff0b600000 - 0x00007fff0b62b000 	C:\windows\System32\GDI32.dll
0x00007fff0b440000 - 0x00007fff0b557000 	C:\windows\System32\gdi32full.dll
0x00007fff0b1d0000 - 0x00007fff0b26d000 	C:\windows\System32\msvcp_win.dll
0x00007fff01570000 - 0x00007fff0157a000 	C:\windows\SYSTEM32\VERSION.dll
0x00007fff0b6d0000 - 0x00007fff0b702000 	C:\windows\System32\IMM32.DLL
0x00007ffefb4f0000 - 0x00007ffefb4fc000 	C:\Program Files\Java\jdk-17.0.2\bin\vcruntime140_1.dll
0x00007ffebd630000 - 0x00007ffebd6bd000 	C:\Program Files\Java\jdk-17.0.2\bin\msvcp140.dll
0x00007ffe8eb60000 - 0x00007ffe8f721000 	C:\Program Files\Java\jdk-17.0.2\bin\server\jvm.dll
0x00007fff0cf20000 - 0x00007fff0cf28000 	C:\windows\System32\PSAPI.DLL
0x00007ffef8a90000 - 0x00007ffef8ab7000 	C:\windows\SYSTEM32\WINMM.dll
0x00007ffef43d0000 - 0x00007ffef43d9000 	C:\windows\SYSTEM32\WSOCK32.dll
0x00007fff0cf30000 - 0x00007fff0cf9b000 	C:\windows\System32\WS2_32.dll
0x00007fff089b0000 - 0x00007fff089c2000 	C:\windows\SYSTEM32\kernel.appcore.dll
0x00007ffef9ef0000 - 0x00007ffef9efa000 	C:\Program Files\Java\jdk-17.0.2\bin\jimage.dll
0x00007fff037b0000 - 0x00007fff03994000 	C:\windows\SYSTEM32\DBGHELP.DLL
0x00007fff01b30000 - 0x00007fff01b64000 	C:\windows\SYSTEM32\dbgcore.DLL
0x00007fff0abe0000 - 0x00007fff0ac62000 	C:\windows\System32\bcryptPrimitives.dll
0x00007ffef9d30000 - 0x00007ffef9d55000 	C:\Program Files\Java\jdk-17.0.2\bin\java.dll
0x00007ffebd6c0000 - 0x00007ffebd796000 	C:\Program Files\Java\jdk-17.0.2\bin\jsvml.dll
0x00007fff0c240000 - 0x00007fff0c9ab000 	C:\windows\System32\SHELL32.dll
0x00007fff08c90000 - 0x00007fff0942e000 	C:\windows\SYSTEM32\windows.storage.dll
0x00007fff0d190000 - 0x00007fff0d4e3000 	C:\windows\System32\combase.dll
0x00007fff0a540000 - 0x00007fff0a56e000 	C:\windows\SYSTEM32\Wldp.dll
0x00007fff0bf90000 - 0x00007fff0c05d000 	C:\windows\System32\OLEAUT32.dll
0x00007fff0c9c0000 - 0x00007fff0ca6d000 	C:\windows\System32\SHCORE.dll
0x00007fff0b8c0000 - 0x00007fff0b915000 	C:\windows\System32\shlwapi.dll
0x00007fff0ab10000 - 0x00007fff0ab35000 	C:\windows\SYSTEM32\profapi.dll
0x00007ffef9d10000 - 0x00007ffef9d29000 	C:\Program Files\Java\jdk-17.0.2\bin\net.dll
0x00007fff01580000 - 0x00007fff0168a000 	C:\windows\SYSTEM32\WINHTTP.dll
0x00007fff0a2a0000 - 0x00007fff0a30a000 	C:\windows\system32\mswsock.dll
0x00007ffeee9f0000 - 0x00007ffeeea06000 	C:\Program Files\Java\jdk-17.0.2\bin\nio.dll
0x00007ffee9c70000 - 0x00007ffee9c88000 	C:\Program Files\Java\jdk-17.0.2\bin\zip.dll
0x00007ffe8f970000 - 0x00007ffe8faff000 	C:\Program Files\Java\jdk-17.0.2\bin\awt.dll
0x00007fff084c0000 - 0x00007fff08550000 	C:\windows\SYSTEM32\apphelp.dll
0x00007fff087d0000 - 0x00007fff087ff000 	C:\windows\system32\DWMAPI.DLL
0x00007fff086c0000 - 0x00007fff0875e000 	C:\windows\system32\uxtheme.dll
0x00007ffeba180000 - 0x00007ffeba2a5000 	C:\windows\system32\opengl32.dll
0x00007ffed7ec0000 - 0x00007ffed7eec000 	C:\windows\SYSTEM32\GLU32.dll
0x00007fff0cd30000 - 0x00007fff0ce45000 	C:\windows\System32\MSCTF.dll
0x00007fff0c060000 - 0x00007fff0c18b000 	C:\windows\System32\ole32.dll
0x00007ffebbd70000 - 0x00007ffebbf3d000 	C:\windows\system32\d3d9.dll
0x00007fff00e60000 - 0x00007fff0103b000 	C:\windows\System32\DriverStore\FileRepository\u0369008.inf_amd64_ee6506488a5aaa50\B366469\aticfx64.dll
0x00007ffef37f0000 - 0x00007ffef3823000 	C:\windows\System32\DriverStore\FileRepository\u0369008.inf_amd64_ee6506488a5aaa50\B366469\atiu9p64.dll
0x00007ffe89010000 - 0x00007ffe89d31000 	C:\windows\System32\DriverStore\FileRepository\u0369008.inf_amd64_ee6506488a5aaa50\B366469\atiumd64.dll
0x0000000072ed0000 - 0x0000000073d93000 	C:\windows\System32\DriverStore\FileRepository\u0369008.inf_amd64_ee6506488a5aaa50\B366469\atiumd6a.dll
0x00007fff0aac0000 - 0x00007fff0ab0b000 	C:\windows\SYSTEM32\POWRPROF.dll
0x00007fff0aa90000 - 0x00007fff0aaa2000 	C:\windows\SYSTEM32\UMPDC.dll
0x00007fff08370000 - 0x00007fff083a0000 	C:\windows\SYSTEM32\amdihk64.dll
0x00007fff06370000 - 0x00007fff063ab000 	C:\windows\SYSTEM32\dxcore.dll
0x00007fff0ad20000 - 0x00007fff0ad6e000 	C:\windows\System32\cfgmgr32.dll
0x00007ffef19e0000 - 0x00007ffef1a0d000 	C:\Program Files\Java\jdk-17.0.2\bin\javajpeg.dll
0x00007ffeb89c0000 - 0x00007ffeb8a49000 	C:\Program Files\Java\jdk-17.0.2\bin\freetype.dll
0x00007ffeb8910000 - 0x00007ffeb89b8000 	C:\Program Files\Java\jdk-17.0.2\bin\fontmanager.dll
0x00007fff0c190000 - 0x00007fff0c239000 	C:\windows\System32\clbcatq.dll
0x00007ffefe970000 - 0x00007ffefeb24000 	C:\windows\SYSTEM32\WindowsCodecs.dll
0x00007fff06d70000 - 0x00007fff06dae000 	C:\windows\system32\dataexchange.dll
0x00007fff069d0000 - 0x00007fff06c33000 	C:\windows\system32\d3d11.dll
0x00007fff07780000 - 0x00007fff07963000 	C:\windows\system32\dcomp.dll
0x00007fff09490000 - 0x00007fff09583000 	C:\windows\system32\dxgi.dll
0x00007fff05000000 - 0x00007fff05203000 	C:\windows\system32\twinapi.appcore.dll
0x00007fff016e0000 - 0x00007fff017d9000 	C:\windows\SYSTEM32\textinputframework.dll
0x00007fff07d60000 - 0x00007fff080bb000 	C:\windows\System32\CoreUIComponents.dll
0x00007fff081d0000 - 0x00007fff082c2000 	C:\windows\System32\CoreMessaging.dll
0x00007fff09d10000 - 0x00007fff09d43000 	C:\windows\SYSTEM32\ntmarta.dll
0x00007fff06870000 - 0x00007fff069c5000 	C:\windows\SYSTEM32\wintypes.dll
0x00007fff09fd0000 - 0x00007fff0a09b000 	C:\windows\SYSTEM32\DNSAPI.dll
0x00007fff09f90000 - 0x00007fff09fcb000 	C:\windows\SYSTEM32\IPHLPAPI.DLL
0x00007fff0b6c0000 - 0x00007fff0b6c8000 	C:\windows\System32\NSI.dll
0x0000000076320000 - 0x0000000076346000 	C:\Program Files\Bonjour\mdnsNSP.dll
0x00007fff03ff0000 - 0x00007fff03ffa000 	C:\Windows\System32\rasadhlp.dll
0x00007fff048f0000 - 0x00007fff04970000 	C:\windows\System32\fwpuclnt.dll
0x00007fff083e0000 - 0x00007fff083ee000 	C:\Program Files\Java\jdk-17.0.2\bin\sunmscapi.dll
0x00007fff0b2e0000 - 0x00007fff0b43d000 	C:\windows\System32\CRYPT32.dll
0x00007fff0a5b0000 - 0x00007fff0a5d8000 	C:\windows\SYSTEM32\ncrypt.dll
0x00007fff0a570000 - 0x00007fff0a5ab000 	C:\windows\SYSTEM32\NTASN1.dll
0x00007fff0a4a0000 - 0x00007fff0a4b8000 	C:\windows\SYSTEM32\CRYPTSP.dll
0x00007fff09bd0000 - 0x00007fff09c04000 	C:\windows\system32\rsaenh.dll
0x00007fff0aa20000 - 0x00007fff0aa4e000 	C:\windows\SYSTEM32\USERENV.dll
0x00007fff0a490000 - 0x00007fff0a49c000 	C:\windows\SYSTEM32\CRYPTBASE.dll
0x00007fff01c70000 - 0x00007fff01c87000 	C:\windows\SYSTEM32\dhcpcsvc6.DLL
0x00007fff02d70000 - 0x00007fff02d8d000 	C:\windows\SYSTEM32\dhcpcsvc.DLL

dbghelp: loaded successfully - version: 4.0.5 - missing functions: none
symbol engine: initialized successfully - sym options: 0x614 - pdb path: .;C:\Program Files\Java\jdk-17.0.2\bin;C:\windows\SYSTEM32;C:\windows\WinSxS\amd64_microsoft.windows.common-controls_6595b64144ccf1df_6.0.19041.3636_none_60b6a03d71f818d5;C:\Program Files\Java\jdk-17.0.2\bin\server;C:\windows\System32\DriverStore\FileRepository\u0369008.inf_amd64_ee6506488a5aaa50\B366469;C:\Program Files\Bonjour

VM Arguments:
jvm_args: -Dfile.encoding=UTF-8 --module-path=C:\Users\91734\Documents\NetBeansProjects\bank management system\build\classes 
java_command: bank.management.system.Login
java_class_path (initial): C:\Users\91734\Downloads\jcalendar-tz-1.3.3-4.jar;C:\Java;C:\Users\91734\Downloads\mysql-connector-java-8.0.28.jar;C:\Users\91734\Documents\NetBeansProjects\bank management system\build\classes
Launcher Type: SUN_STANDARD

[Global flags]
     intx CICompilerCount                          = 3                                         {product} {ergonomic}
     uint ConcGCThreads                            = 1                                         {product} {ergonomic}
     uint G1ConcRefinementThreads                  = 4                                         {product} {ergonomic}
   size_t G1HeapRegionSize                         = 1048576                                   {product} {ergonomic}
    uintx GCDrainStackTargetSize                   = 64                                        {product} {ergonomic}
   size_t InitialHeapSize                          = 100663296                                 {product} {ergonomic}
   size_t MarkStackSize                            = 4194304                                   {product} {ergonomic}
   size_t MaxHeapSize                              = 1595932672                                {product} {ergonomic}
   size_t MaxNewSize                               = 957349888                                 {product} {ergonomic}
   size_t MinHeapDeltaBytes                        = 1048576                                   {product} {ergonomic}
   size_t MinHeapSize                              = 8388608                                   {product} {ergonomic}
    uintx NonNMethodCodeHeapSize                   = 5832780                                {pd product} {ergonomic}
    uintx NonProfiledCodeHeapSize                  = 122912730                              {pd product} {ergonomic}
    uintx ProfiledCodeHeapSize                     = 122912730                              {pd product} {ergonomic}
    uintx ReservedCodeCacheSize                    = 251658240                              {pd product} {ergonomic}
     bool SegmentedCodeCache                       = true                                      {product} {ergonomic}
   size_t SoftMaxHeapSize                          = 1595932672                             {manageable} {ergonomic}
     bool UseCompressedClassPointers               = true                           {product lp64_product} {ergonomic}
     bool UseCompressedOops                        = true                           {product lp64_product} {ergonomic}
     bool UseG1GC                                  = true                                      {product} {ergonomic}
     bool UseLargePagesIndividualAllocation        = false                                  {pd product} {ergonomic}

Logging:
Log output configuration:
 #0: stdout all=warning uptime,level,tags
 #1: stderr all=off uptime,level,tags

Environment Variables:
PATH=C:\Program Files\Common Files\Oracle\Java\javapath;C:\Program Files (x86)\NVIDIA Corporation\PhysX\Common;C:\windows\system32;C:\windows;C:\windows\System32\Wbem;C:\windows\System32\WindowsPowerShell\v1.0\;C:\windows\System32\OpenSSH\;C:\Program Files (x86)\Windows Kits\8.1\Windows Performance Toolkit\;C:\Program Files\HP\HP One Agent;C:\Program Files\Java\jdk-17.0.2\bin;C:\Program Files\Java\jdk-17.0.2\bin;C:\Program Files\MySQL\MySQL Shell 8.0\bin\;C:\Users\91734\AppData\Local\Microsoft\WindowsApps
USERNAME=91734
OS=Windows_NT
PROCESSOR_IDENTIFIER=AMD64 Family 23 Model 24 Stepping 1, AuthenticAMD



---------------  S Y S T E M  ---------------

OS:
 Windows 10 , 64 bit Build 19041 (10.0.19041.3636)
OS uptime: 1 days 11:44 hours

CPU: total 4 (initial active 4) (4 cores per cpu, 2 threads per core) family 23 model 24 stepping 1 microcode 0x0, cx8, cmov, fxsr, ht, mmx, 3dnowpref, sse, sse2, sse3, ssse3, sse4a, sse4.1, sse4.2, popcnt, lzcnt, tsc, tscinvbit, avx, avx2, aes, clmul, bmi1, bmi2, adx, sha, fma, vzeroupper, clflush, clflushopt

Memory: 4k page, system-wide physical 6086M (292M free)
TotalPageFile size 24518M (AvailPageFile size 5M)
current process WorkingSet (physical memory assigned to process): 177M, peak: 177M
current process commit charge ("private bytes"): 289M, peak: 293M

vm_info: Java HotSpot(TM) 64-Bit Server VM (17.0.2+8-LTS-86) for windows-amd64 JRE (17.0.2+8-LTS-86), built on Dec  7 2021 21:51:03 by "mach5one" with MS VC++ 16.8 / 16.9 (VS2019)

END.
