#
# There is insufficient memory for the Java Runtime Environment to continue.
# Native memory allocation (malloc) failed to allocate 1402736 bytes for Chunk::new
# Possible reasons:
#   The system is out of physical RAM or swap space
#   The process is running with CompressedOops enabled, and the Java Heap may be blocking the growth of the native heap
# Possible solutions:
#   Reduce memory load on the system
#   Increase physical memory or swap space
#   Check if swap backing store is full
#   Decrease Java heap size (-Xmx/-Xms)
#   Decrease number of Java threads
#   Decrease Java thread stack sizes (-Xss)
#   Set larger code cache with -XX:ReservedCodeCacheSize=
#   JVM is running with Unscaled Compressed Oops mode in which the Java heap is
#     placed in the first 4GB address space. The Java Heap base address is the
#     maximum limit for the native heap growth. Please use -XX:HeapBaseMinAddress
#     to set the Java Heap base and to place the Java Heap above 4GB virtual address.
# This output file may be truncated or incomplete.
#
#  Out of Memory Error (arena.cpp:189), pid=26744, tid=24908
#
# JRE version: Java(TM) SE Runtime Environment (17.0.2+8) (build 17.0.2+8-LTS-86)
# Java VM: Java HotSpot(TM) 64-Bit Server VM (17.0.2+8-LTS-86, mixed mode, sharing, tiered, compressed oops, compressed class ptrs, g1 gc, windows-amd64)
# No core dump will be written. Minidumps are not enabled by default on client versions of Windows
#

---------------  S U M M A R Y ------------

Command Line: -Dfile.encoding=UTF-8 --module-path=C:\Users\91734\Documents\NetBeansProjects\bank management system\build\classes bank.management.system.SignupOne

Host: AMD Ryzen 3 3250U with Radeon Graphics         , 4 cores, 5G,  Windows 10 , 64 bit Build 19041 (10.0.19041.3636)
Time: Mon Jun 17 20:51:16 2024 India Standard Time elapsed time: 9908.260435 seconds (0d 2h 45m 8s)

---------------  T H R E A D  ---------------

Current thread (0x000001e1665c3a30):  JavaThread "C2 CompilerThread0" daemon [_thread_in_native, id=24908, stack(0x0000002ffca00000,0x0000002ffcb00000)]


Current CompileTask:
C2:9908260 4059       4       jdk.internal.loader.BuiltinClassLoader::findResourceOnClassPath (41 bytes)

Stack: [0x0000002ffca00000,0x0000002ffcb00000]
Native frames: (J=compiled Java code, j=interpreted, Vv=VM code, C=native code)
V  [jvm.dll+0x670baa]
V  [jvm.dll+0x7cfcb4]
V  [jvm.dll+0x7d145e]
V  [jvm.dll+0x7d1ac3]
V  [jvm.dll+0x242bc5]
V  [jvm.dll+0xaa57b]
V  [jvm.dll+0xaab0c]
V  [jvm.dll+0x35fd07]
V  [jvm.dll+0x32a331]
V  [jvm.dll+0x3297da]
V  [jvm.dll+0x215c91]
V  [jvm.dll+0x2150b1]
V  [jvm.dll+0x1a1bbd]
V  [jvm.dll+0x224908]
V  [jvm.dll+0x222a6c]
V  [jvm.dll+0x7859bb]
V  [jvm.dll+0x77ff7a]
V  [jvm.dll+0x66fa35]
C  [ucrtbase.dll+0x21bb2]
C  [KERNEL32.DLL+0x17344]
C  [ntdll.dll+0x526b1]


---------------  P R O C E S S  ---------------

Threads class SMR info:
_java_thread_list=0x000001e16df024d0, length=19, elements={
0x000001e1665a11e0, 0x000001e1665a4b90, 0x000001e1665b6170, 0x000001e1665b9c60,
0x000001e1665be340, 0x000001e1665bc190, 0x000001e1665c3a30, 0x000001e1665cc000,
0x000001e1665da520, 0x000001e1665bf1b0, 0x000001e1665bfb50, 0x000001e1665bd4d0,
0x000001e1665bc660, 0x000001e1665bcb30, 0x000001e1665bece0, 0x000001e1665be810,
0x000001e1665bf680, 0x000001e16bf3f7a0, 0x000001e16bf40fb0
}

Java Threads: ( => current thread )
  0x000001e1665a11e0 JavaThread "Reference Handler" daemon [_thread_blocked, id=27272, stack(0x0000002ffc400000,0x0000002ffc500000)]
  0x000001e1665a4b90 JavaThread "Finalizer" daemon [_thread_blocked, id=11412, stack(0x0000002ffc500000,0x0000002ffc600000)]
  0x000001e1665b6170 JavaThread "Signal Dispatcher" daemon [_thread_blocked, id=244, stack(0x0000002ffc600000,0x0000002ffc700000)]
  0x000001e1665b9c60 JavaThread "Attach Listener" daemon [_thread_blocked, id=5780, stack(0x0000002ffc700000,0x0000002ffc800000)]
  0x000001e1665be340 JavaThread "Service Thread" daemon [_thread_blocked, id=23412, stack(0x0000002ffc800000,0x0000002ffc900000)]
  0x000001e1665bc190 JavaThread "Monitor Deflation Thread" daemon [_thread_blocked, id=6764, stack(0x0000002ffc900000,0x0000002ffca00000)]
=>0x000001e1665c3a30 JavaThread "C2 CompilerThread0" daemon [_thread_in_native, id=24908, stack(0x0000002ffca00000,0x0000002ffcb00000)]
  0x000001e1665cc000 JavaThread "C1 CompilerThread0" daemon [_thread_blocked, id=14552, stack(0x0000002ffcb00000,0x0000002ffcc00000)]
  0x000001e1665da520 JavaThread "Sweeper thread" daemon [_thread_blocked, id=29012, stack(0x0000002ffcc00000,0x0000002ffcd00000)]
  0x000001e1665bf1b0 JavaThread "Common-Cleaner" daemon [_thread_blocked, id=28820, stack(0x0000002ffcd00000,0x0000002ffce00000)]
  0x000001e1665bfb50 JavaThread "Notification Thread" daemon [_thread_blocked, id=16668, stack(0x0000002ffce00000,0x0000002ffcf00000)]
  0x000001e1665bd4d0 JavaThread "Java2D Disposer" daemon [_thread_blocked, id=6176, stack(0x0000002ffd000000,0x0000002ffd100000)]
  0x000001e1665bc660 JavaThread "AWT-Windows" daemon [_thread_in_native, id=32408, stack(0x0000002ffd200000,0x0000002ffd300000)]
  0x000001e1665bcb30 JavaThread "AWT-Shutdown" [_thread_blocked, id=24492, stack(0x0000002ffd100000,0x0000002ffd200000)]
  0x000001e1665bece0 JavaThread "AWT-EventQueue-0" [_thread_blocked, id=5316, stack(0x0000002ffd900000,0x0000002ffda00000)]
  0x000001e1665be810 JavaThread "DestroyJavaVM" [_thread_blocked, id=25004, stack(0x0000002ffbd00000,0x0000002ffbe00000)]
  0x000001e1665bf680 JavaThread "D3D Screen Updater" daemon [_thread_blocked, id=768, stack(0x0000002ffdc00000,0x0000002ffdd00000)]
  0x000001e16bf3f7a0 JavaThread "TimerQueue" daemon [_thread_blocked, id=11032, stack(0x0000002ffe300000,0x0000002ffe400000)]
  0x000001e16bf40fb0 JavaThread "mysql-cj-abandoned-connection-cleanup" daemon [_thread_blocked, id=24764, stack(0x0000002ffbb00000,0x0000002ffbc00000)]

Other Threads:
  0x000001e16659d6e0 VMThread "VM Thread" [stack: 0x0000002ffc300000,0x0000002ffc400000] [id=29324]
  0x000001e167129af0 WatcherThread [stack: 0x0000002ffcf00000,0x0000002ffd000000] [id=20916]
  0x000001e14a036fb0 GCTaskThread "GC Thread#0" [stack: 0x0000002ffbe00000,0x0000002ffbf00000] [id=12572]
  0x000001e16bda03f0 GCTaskThread "GC Thread#1" [stack: 0x0000002ffda00000,0x0000002ffdb00000] [id=12744]
  0x000001e16bda06a0 GCTaskThread "GC Thread#2" [stack: 0x0000002ffdf00000,0x0000002ffe000000] [id=8464]
  0x000001e167272b50 GCTaskThread "GC Thread#3" [stack: 0x0000002ffe000000,0x0000002ffe100000] [id=27144]
  0x000001e14a045c60 ConcurrentGCThread "G1 Main Marker" [stack: 0x0000002ffbf00000,0x0000002ffc000000] [id=14444]
  0x000001e14a046d20 ConcurrentGCThread "G1 Conc#0" [stack: 0x0000002ffc000000,0x0000002ffc100000] [id=28324]
  0x000001e14a0d4ad0 ConcurrentGCThread "G1 Refine#0" [stack: 0x0000002ffc100000,0x0000002ffc200000] [id=4784]
  0x000001e16bf10fb0 ConcurrentGCThread "G1 Refine#1" [stack: 0x0000002ffe100000,0x0000002ffe200000] [id=6512]
  0x000001e16bf11290 ConcurrentGCThread "G1 Refine#2" [stack: 0x0000002ffe200000,0x0000002ffe300000] [id=30948]
  0x000001e166461a00 ConcurrentGCThread "G1 Service" [stack: 0x0000002ffc200000,0x0000002ffc300000] [id=29044]

Threads with active compile tasks:
C2 CompilerThread0  9919085 4059       4       jdk.internal.loader.BuiltinClassLoader::findResourceOnClassPath (41 bytes)

VM state: not at safepoint (normal execution)

VM Mutex/Monitor currently owned by a thread: None

Heap address: 0x00000000a0e00000, size: 1522 MB, Compressed Oops mode: 32-bit

CDS archive(s) mapped at: [0x0000000800000000-0x0000000800bc0000-0x0000000800bc0000), size 12320768, SharedBaseAddress: 0x0000000800000000, ArchiveRelocationMode: 0.
Compressed class space mapped at: 0x0000000800c00000-0x0000000840c00000, reserved size: 1073741824
Narrow klass base: 0x0000000800000000, Narrow klass shift: 0, Narrow klass range: 0x100000000

GC Precious Log:
 CPUs: 4 total, 4 available
 Memory: 6086M
 Large Page Support: Disabled
 NUMA Support: Disabled
 Compressed Oops: Enabled (32-bit)
 Heap Region Size: 1M
 Heap Min Capacity: 8M
 Heap Initial Capacity: 96M
 Heap Max Capacity: 1522M
 Pre-touch: Disabled
 Parallel Workers: 4
 Concurrent Workers: 1
 Concurrent Refinement Workers: 4
 Periodic GC: Disabled

Heap:
 garbage-first heap   total 98304K, used 25630K [0x00000000a0e00000, 0x0000000100000000)
  region size 1024K, 23 young (23552K), 2 survivors (2048K)
 Metaspace       used 20880K, committed 21120K, reserved 1073152K
  class space    used 2334K, committed 2432K, reserved 1048576K

Heap Regions: E=young(eden), S=young(survivor), O=old, HS=humongous(starts), HC=humongous(continues), CS=collection set, F=free, OA=open archive, CA=closed archive, TAMS=top-at-mark-start (previous, next)
|   0|0x00000000a0e00000, 0x00000000a0f00000, 0x00000000a0f00000|100%| O|  |TAMS 0x00000000a0e00000, 0x00000000a0e00000| Untracked 
|   1|0x00000000a0f00000, 0x00000000a1000000, 0x00000000a1000000|100%| O|  |TAMS 0x00000000a0f00000, 0x00000000a0f00000| Untracked 
|   2|0x00000000a1000000, 0x00000000a1100000, 0x00000000a1100000|100%| O|  |TAMS 0x00000000a1000000, 0x00000000a1000000| Untracked 
|   3|0x00000000a1100000, 0x00000000a11f3600, 0x00000000a1200000| 95%| O|  |TAMS 0x00000000a1100000, 0x00000000a1100000| Untracked 
|   4|0x00000000a1200000, 0x00000000a1200000, 0x00000000a1300000|  0%| F|  |TAMS 0x00000000a1200000, 0x00000000a1200000| Untracked 
|   5|0x00000000a1300000, 0x00000000a1300000, 0x00000000a1400000|  0%| F|  |TAMS 0x00000000a1300000, 0x00000000a1300000| Untracked 
|   6|0x00000000a1400000, 0x00000000a1400000, 0x00000000a1500000|  0%| F|  |TAMS 0x00000000a1400000, 0x00000000a1400000| Untracked 
|   7|0x00000000a1500000, 0x00000000a1500000, 0x00000000a1600000|  0%| F|  |TAMS 0x00000000a1500000, 0x00000000a1500000| Untracked 
|   8|0x00000000a1600000, 0x00000000a1600000, 0x00000000a1700000|  0%| F|  |TAMS 0x00000000a1600000, 0x00000000a1600000| Untracked 
|   9|0x00000000a1700000, 0x00000000a1700000, 0x00000000a1800000|  0%| F|  |TAMS 0x00000000a1700000, 0x00000000a1700000| Untracked 
|  10|0x00000000a1800000, 0x00000000a1800000, 0x00000000a1900000|  0%| F|  |TAMS 0x00000000a1800000, 0x00000000a1800000| Untracked 
|  11|0x00000000a1900000, 0x00000000a1900000, 0x00000000a1a00000|  0%| F|  |TAMS 0x00000000a1900000, 0x00000000a1900000| Untracked 
|  12|0x00000000a1a00000, 0x00000000a1a00000, 0x00000000a1b00000|  0%| F|  |TAMS 0x00000000a1a00000, 0x00000000a1a00000| Untracked 
|  13|0x00000000a1b00000, 0x00000000a1b00000, 0x00000000a1c00000|  0%| F|  |TAMS 0x00000000a1b00000, 0x00000000a1b00000| Untracked 
|  14|0x00000000a1c00000, 0x00000000a1c00000, 0x00000000a1d00000|  0%| F|  |TAMS 0x00000000a1c00000, 0x00000000a1c00000| Untracked 
|  15|0x00000000a1d00000, 0x00000000a1d00000, 0x00000000a1e00000|  0%| F|  |TAMS 0x00000000a1d00000, 0x00000000a1d00000| Untracked 
|  16|0x00000000a1e00000, 0x00000000a1e00000, 0x00000000a1f00000|  0%| F|  |TAMS 0x00000000a1e00000, 0x00000000a1e00000| Untracked 
|  17|0x00000000a1f00000, 0x00000000a1f00000, 0x00000000a2000000|  0%| F|  |TAMS 0x00000000a1f00000, 0x00000000a1f00000| Untracked 
|  18|0x00000000a2000000, 0x00000000a2000000, 0x00000000a2100000|  0%| F|  |TAMS 0x00000000a2000000, 0x00000000a2000000| Untracked 
|  19|0x00000000a2100000, 0x00000000a2100000, 0x00000000a2200000|  0%| F|  |TAMS 0x00000000a2100000, 0x00000000a2100000| Untracked 
|  20|0x00000000a2200000, 0x00000000a2200000, 0x00000000a2300000|  0%| F|  |TAMS 0x00000000a2200000, 0x00000000a2200000| Untracked 
|  21|0x00000000a2300000, 0x00000000a2300000, 0x00000000a2400000|  0%| F|  |TAMS 0x00000000a2300000, 0x00000000a2300000| Untracked 
|  22|0x00000000a2400000, 0x00000000a2400000, 0x00000000a2500000|  0%| F|  |TAMS 0x00000000a2400000, 0x00000000a2400000| Untracked 
|  23|0x00000000a2500000, 0x00000000a2500000, 0x00000000a2600000|  0%| F|  |TAMS 0x00000000a2500000, 0x00000000a2500000| Untracked 
|  24|0x00000000a2600000, 0x00000000a2600000, 0x00000000a2700000|  0%| F|  |TAMS 0x00000000a2600000, 0x00000000a2600000| Untracked 
|  25|0x00000000a2700000, 0x00000000a2700000, 0x00000000a2800000|  0%| F|  |TAMS 0x00000000a2700000, 0x00000000a2700000| Untracked 
|  26|0x00000000a2800000, 0x00000000a2800000, 0x00000000a2900000|  0%| F|  |TAMS 0x00000000a2800000, 0x00000000a2800000| Untracked 
|  27|0x00000000a2900000, 0x00000000a2900000, 0x00000000a2a00000|  0%| F|  |TAMS 0x00000000a2900000, 0x00000000a2900000| Untracked 
|  28|0x00000000a2a00000, 0x00000000a2a00000, 0x00000000a2b00000|  0%| F|  |TAMS 0x00000000a2a00000, 0x00000000a2a00000| Untracked 
|  29|0x00000000a2b00000, 0x00000000a2b00000, 0x00000000a2c00000|  0%| F|  |TAMS 0x00000000a2b00000, 0x00000000a2b00000| Untracked 
|  30|0x00000000a2c00000, 0x00000000a2c00000, 0x00000000a2d00000|  0%| F|  |TAMS 0x00000000a2c00000, 0x00000000a2c00000| Untracked 
|  31|0x00000000a2d00000, 0x00000000a2d00000, 0x00000000a2e00000|  0%| F|  |TAMS 0x00000000a2d00000, 0x00000000a2d00000| Untracked 
|  32|0x00000000a2e00000, 0x00000000a2e00000, 0x00000000a2f00000|  0%| F|  |TAMS 0x00000000a2e00000, 0x00000000a2e00000| Untracked 
|  33|0x00000000a2f00000, 0x00000000a2f00000, 0x00000000a3000000|  0%| F|  |TAMS 0x00000000a2f00000, 0x00000000a2f00000| Untracked 
|  34|0x00000000a3000000, 0x00000000a3000000, 0x00000000a3100000|  0%| F|  |TAMS 0x00000000a3000000, 0x00000000a3000000| Untracked 
|  35|0x00000000a3100000, 0x00000000a3100000, 0x00000000a3200000|  0%| F|  |TAMS 0x00000000a3100000, 0x00000000a3100000| Untracked 
|  36|0x00000000a3200000, 0x00000000a3200000, 0x00000000a3300000|  0%| F|  |TAMS 0x00000000a3200000, 0x00000000a3200000| Untracked 
|  37|0x00000000a3300000, 0x00000000a3300000, 0x00000000a3400000|  0%| F|  |TAMS 0x00000000a3300000, 0x00000000a3300000| Untracked 
|  38|0x00000000a3400000, 0x00000000a3400000, 0x00000000a3500000|  0%| F|  |TAMS 0x00000000a3400000, 0x00000000a3400000| Untracked 
|  39|0x00000000a3500000, 0x00000000a3500000, 0x00000000a3600000|  0%| F|  |TAMS 0x00000000a3500000, 0x00000000a3500000| Untracked 
|  40|0x00000000a3600000, 0x00000000a3600000, 0x00000000a3700000|  0%| F|  |TAMS 0x00000000a3600000, 0x00000000a3600000| Untracked 
|  41|0x00000000a3700000, 0x00000000a3700000, 0x00000000a3800000|  0%| F|  |TAMS 0x00000000a3700000, 0x00000000a3700000| Untracked 
|  42|0x00000000a3800000, 0x00000000a3800000, 0x00000000a3900000|  0%| F|  |TAMS 0x00000000a3800000, 0x00000000a3800000| Untracked 
|  43|0x00000000a3900000, 0x00000000a3900000, 0x00000000a3a00000|  0%| F|  |TAMS 0x00000000a3900000, 0x00000000a3900000| Untracked 
|  44|0x00000000a3a00000, 0x00000000a3a00000, 0x00000000a3b00000|  0%| F|  |TAMS 0x00000000a3a00000, 0x00000000a3a00000| Untracked 
|  45|0x00000000a3b00000, 0x00000000a3b00000, 0x00000000a3c00000|  0%| F|  |TAMS 0x00000000a3b00000, 0x00000000a3b00000| Untracked 
|  46|0x00000000a3c00000, 0x00000000a3c00000, 0x00000000a3d00000|  0%| F|  |TAMS 0x00000000a3c00000, 0x00000000a3c00000| Untracked 
|  47|0x00000000a3d00000, 0x00000000a3d00000, 0x00000000a3e00000|  0%| F|  |TAMS 0x00000000a3d00000, 0x00000000a3d00000| Untracked 
|  48|0x00000000a3e00000, 0x00000000a3e00000, 0x00000000a3f00000|  0%| F|  |TAMS 0x00000000a3e00000, 0x00000000a3e00000| Untracked 
|  49|0x00000000a3f00000, 0x00000000a3f00000, 0x00000000a4000000|  0%| F|  |TAMS 0x00000000a3f00000, 0x00000000a3f00000| Untracked 
|  50|0x00000000a4000000, 0x00000000a4000000, 0x00000000a4100000|  0%| F|  |TAMS 0x00000000a4000000, 0x00000000a4000000| Untracked 
|  51|0x00000000a4100000, 0x00000000a4100000, 0x00000000a4200000|  0%| F|  |TAMS 0x00000000a4100000, 0x00000000a4100000| Untracked 
|  52|0x00000000a4200000, 0x00000000a4200000, 0x00000000a4300000|  0%| F|  |TAMS 0x00000000a4200000, 0x00000000a4200000| Untracked 
|  53|0x00000000a4300000, 0x00000000a4300000, 0x00000000a4400000|  0%| F|  |TAMS 0x00000000a4300000, 0x00000000a4300000| Untracked 
|  54|0x00000000a4400000, 0x00000000a4400000, 0x00000000a4500000|  0%| F|  |TAMS 0x00000000a4400000, 0x00000000a4400000| Untracked 
|  55|0x00000000a4500000, 0x00000000a4500000, 0x00000000a4600000|  0%| F|  |TAMS 0x00000000a4500000, 0x00000000a4500000| Untracked 
|  56|0x00000000a4600000, 0x00000000a4600000, 0x00000000a4700000|  0%| F|  |TAMS 0x00000000a4600000, 0x00000000a4600000| Untracked 
|  57|0x00000000a4700000, 0x00000000a4700000, 0x00000000a4800000|  0%| F|  |TAMS 0x00000000a4700000, 0x00000000a4700000| Untracked 
|  58|0x00000000a4800000, 0x00000000a4800000, 0x00000000a4900000|  0%| F|  |TAMS 0x00000000a4800000, 0x00000000a4800000| Untracked 
|  59|0x00000000a4900000, 0x00000000a4900000, 0x00000000a4a00000|  0%| F|  |TAMS 0x00000000a4900000, 0x00000000a4900000| Untracked 
|  60|0x00000000a4a00000, 0x00000000a4a00000, 0x00000000a4b00000|  0%| F|  |TAMS 0x00000000a4a00000, 0x00000000a4a00000| Untracked 
|  61|0x00000000a4b00000, 0x00000000a4b00000, 0x00000000a4c00000|  0%| F|  |TAMS 0x00000000a4b00000, 0x00000000a4b00000| Untracked 
|  62|0x00000000a4c00000, 0x00000000a4c00000, 0x00000000a4d00000|  0%| F|  |TAMS 0x00000000a4c00000, 0x00000000a4c00000| Untracked 
|  63|0x00000000a4d00000, 0x00000000a4d00000, 0x00000000a4e00000|  0%| F|  |TAMS 0x00000000a4d00000, 0x00000000a4d00000| Untracked 
|  64|0x00000000a4e00000, 0x00000000a4e00000, 0x00000000a4f00000|  0%| F|  |TAMS 0x00000000a4e00000, 0x00000000a4e00000| Untracked 
|  65|0x00000000a4f00000, 0x00000000a4f00000, 0x00000000a5000000|  0%| F|  |TAMS 0x00000000a4f00000, 0x00000000a4f00000| Untracked 
|  66|0x00000000a5000000, 0x00000000a5000000, 0x00000000a5100000|  0%| F|  |TAMS 0x00000000a5000000, 0x00000000a5000000| Untracked 
|  67|0x00000000a5100000, 0x00000000a5100000, 0x00000000a5200000|  0%| F|  |TAMS 0x00000000a5100000, 0x00000000a5100000| Untracked 
|  68|0x00000000a5200000, 0x00000000a52143a0, 0x00000000a5300000|  7%| S|CS|TAMS 0x00000000a5200000, 0x00000000a5200000| Complete 
|  69|0x00000000a5300000, 0x00000000a5400000, 0x00000000a5400000|100%| S|CS|TAMS 0x00000000a5300000, 0x00000000a5300000| Complete 
|  70|0x00000000a5400000, 0x00000000a5400000, 0x00000000a5500000|  0%| F|  |TAMS 0x00000000a5400000, 0x00000000a5400000| Untracked 
|  71|0x00000000a5500000, 0x00000000a5500000, 0x00000000a5600000|  0%| F|  |TAMS 0x00000000a5500000, 0x00000000a5500000| Untracked 
|  72|0x00000000a5600000, 0x00000000a5600000, 0x00000000a5700000|  0%| F|  |TAMS 0x00000000a5600000, 0x00000000a5600000| Untracked 
|  73|0x00000000a5700000, 0x00000000a5700000, 0x00000000a5800000|  0%| F|  |TAMS 0x00000000a5700000, 0x00000000a5700000| Untracked 
|  74|0x00000000a5800000, 0x00000000a5800000, 0x00000000a5900000|  0%| F|  |TAMS 0x00000000a5800000, 0x00000000a5800000| Untracked 
|  75|0x00000000a5900000, 0x00000000a5a00000, 0x00000000a5a00000|100%| E|  |TAMS 0x00000000a5900000, 0x00000000a5900000| Complete 
|  76|0x00000000a5a00000, 0x00000000a5b00000, 0x00000000a5b00000|100%| E|CS|TAMS 0x00000000a5a00000, 0x00000000a5a00000| Complete 
|  77|0x00000000a5b00000, 0x00000000a5c00000, 0x00000000a5c00000|100%| E|CS|TAMS 0x00000000a5b00000, 0x00000000a5b00000| Complete 
|  78|0x00000000a5c00000, 0x00000000a5d00000, 0x00000000a5d00000|100%| E|CS|TAMS 0x00000000a5c00000, 0x00000000a5c00000| Complete 
|  79|0x00000000a5d00000, 0x00000000a5e00000, 0x00000000a5e00000|100%| E|CS|TAMS 0x00000000a5d00000, 0x00000000a5d00000| Complete 
|  80|0x00000000a5e00000, 0x00000000a5f00000, 0x00000000a5f00000|100%| E|CS|TAMS 0x00000000a5e00000, 0x00000000a5e00000| Complete 
|  81|0x00000000a5f00000, 0x00000000a6000000, 0x00000000a6000000|100%| E|CS|TAMS 0x00000000a5f00000, 0x00000000a5f00000| Complete 
|  82|0x00000000a6000000, 0x00000000a6100000, 0x00000000a6100000|100%| E|CS|TAMS 0x00000000a6000000, 0x00000000a6000000| Complete 
|  83|0x00000000a6100000, 0x00000000a6200000, 0x00000000a6200000|100%| E|CS|TAMS 0x00000000a6100000, 0x00000000a6100000| Complete 
|  84|0x00000000a6200000, 0x00000000a6300000, 0x00000000a6300000|100%| E|CS|TAMS 0x00000000a6200000, 0x00000000a6200000| Complete 
|  85|0x00000000a6300000, 0x00000000a6400000, 0x00000000a6400000|100%| E|CS|TAMS 0x00000000a6300000, 0x00000000a6300000| Complete 
|  86|0x00000000a6400000, 0x00000000a6500000, 0x00000000a6500000|100%| E|CS|TAMS 0x00000000a6400000, 0x00000000a6400000| Complete 
|  87|0x00000000a6500000, 0x00000000a6600000, 0x00000000a6600000|100%| E|CS|TAMS 0x00000000a6500000, 0x00000000a6500000| Complete 
|  88|0x00000000a6600000, 0x00000000a6700000, 0x00000000a6700000|100%| E|CS|TAMS 0x00000000a6600000, 0x00000000a6600000| Complete 
|  89|0x00000000a6700000, 0x00000000a6800000, 0x00000000a6800000|100%| E|CS|TAMS 0x00000000a6700000, 0x00000000a6700000| Complete 
|  90|0x00000000a6800000, 0x00000000a6900000, 0x00000000a6900000|100%| E|CS|TAMS 0x00000000a6800000, 0x00000000a6800000| Complete 
|  91|0x00000000a6900000, 0x00000000a6a00000, 0x00000000a6a00000|100%| E|CS|TAMS 0x00000000a6900000, 0x00000000a6900000| Complete 
|  92|0x00000000a6a00000, 0x00000000a6b00000, 0x00000000a6b00000|100%| E|CS|TAMS 0x00000000a6a00000, 0x00000000a6a00000| Complete 
|  93|0x00000000a6b00000, 0x00000000a6c00000, 0x00000000a6c00000|100%| E|CS|TAMS 0x00000000a6b00000, 0x00000000a6b00000| Complete 
|  94|0x00000000a6c00000, 0x00000000a6d00000, 0x00000000a6d00000|100%| E|CS|TAMS 0x00000000a6c00000, 0x00000000a6c00000| Complete 
|  95|0x00000000a6d00000, 0x00000000a6e00000, 0x00000000a6e00000|100%| E|CS|TAMS 0x00000000a6d00000, 0x00000000a6d00000| Complete 

Card table byte_map: [0x000001e160b60000,0x000001e160e60000] _byte_map_base: 0x000001e160659000

Marking Bits (Prev, Next): (CMBitMap*) 0x000001e14a0394f0, (CMBitMap*) 0x000001e14a039530
 Prev Bits: [0x000001e161160000, 0x000001e162928000)
 Next Bits: [0x000001e162930000, 0x000001e1640f8000)

Polling page: 0x000001e147fe0000

Metaspace:

Usage:
  Non-class:     18.11 MB used.
      Class:      2.28 MB used.
       Both:     20.39 MB used.

Virtual space:
  Non-class space:       24.00 MB reserved,      18.25 MB ( 76%) committed,  3 nodes.
      Class space:        1.00 GB reserved,       2.38 MB ( <1%) committed,  1 nodes.
             Both:        1.02 GB reserved,      20.62 MB (  2%) committed. 

Chunk freelists:
   Non-Class:  909.00 KB
       Class:  1.63 MB
        Both:  2.51 MB

MaxMetaspaceSize: unlimited
CompressedClassSpaceSize: 1.00 GB
Initial GC threshold: 21.00 MB
Current GC threshold: 21.00 MB
CDS: on
MetaspaceReclaimPolicy: balanced
 - commit_granule_bytes: 65536.
 - commit_granule_words: 8192.
 - virtual_space_node_default_size: 1048576.
 - enlarge_chunks_in_place: 1.
 - new_chunks_are_fully_committed: 0.
 - uncommit_free_chunks: 1.
 - use_allocation_guard: 0.
 - handle_deallocations: 1.


Internal statistics:

num_allocs_failed_limit: 0.
num_arena_births: 234.
num_arena_deaths: 0.
num_vsnodes_births: 4.
num_vsnodes_deaths: 0.
num_space_committed: 330.
num_space_uncommitted: 0.
num_chunks_returned_to_freelist: 0.
num_chunks_taken_from_freelist: 478.
num_chunk_merges: 0.
num_chunk_splits: 282.
num_chunks_enlarged: 139.
num_purges: 0.
num_inconsistent_stats: 0.

CodeHeap 'non-profiled nmethods': size=120000Kb used=1830Kb max_used=1830Kb free=118169Kb
 bounds [0x000001e159330000, 0x000001e1595a0000, 0x000001e160860000]
CodeHeap 'profiled nmethods': size=120000Kb used=8192Kb max_used=8192Kb free=111807Kb
 bounds [0x000001e151e00000, 0x000001e152610000, 0x000001e159330000]
CodeHeap 'non-nmethods': size=5760Kb used=1410Kb max_used=1453Kb free=4350Kb
 bounds [0x000001e151860000, 0x000001e151ad0000, 0x000001e151e00000]
 total_blobs=4815 nmethods=4054 adapters=672
 compilation: enabled
              stopped_count=0, restarted_count=0
 full_count=0

Compilation events (20 events):
Event: 3186.337 Thread 0x000001e1665c3a30 nmethod 4047 0x000001e1594e7710 code [0x000001e1594e78a0, 0x000001e1594e7a78]
Event: 3202.290 Thread 0x000001e1665cc000 4048   !   3       sun.java2d.d3d.D3DScreenUpdateManager::run (267 bytes)
Event: 3202.294 Thread 0x000001e1665cc000 nmethod 4048 0x000001e1525fc790 code [0x000001e1525fcbe0, 0x000001e1525ff328]
Event: 3213.721 Thread 0x000001e1665c3a30 4049       4       sun.java2d.StateTrackableDelegate$1::isCurrent (17 bytes)
Event: 3213.722 Thread 0x000001e1665c3a30 nmethod 4049 0x000001e1594e7c90 code [0x000001e1594e7e00, 0x000001e1594e7e98]
Event: 4067.894 Thread 0x000001e1665c3a30 4050       4       java.lang.String::replace (42 bytes)
Event: 4068.053 Thread 0x000001e1665c3a30 nmethod 4050 0x000001e1594e7f90 code [0x000001e1594e8120, 0x000001e1594e8718]
Event: 5387.380 Thread 0x000001e1665c3a30 4051 % !   4       sun.java2d.d3d.D3DScreenUpdateManager::run @ 0 (267 bytes)
Event: 5387.480 Thread 0x000001e1665c3a30 nmethod 4051% 0x000001e1594e8a10 code [0x000001e1594e8c00, 0x000001e1594e9a78]
Event: 5890.829 Thread 0x000001e1665c3a30 4052 % !   4       sun.java2d.d3d.D3DScreenUpdateManager::run @ 105 (267 bytes)
Event: 5890.918 Thread 0x000001e1665c3a30 nmethod 4052% 0x000001e1594ea210 code [0x000001e1594ea400, 0x000001e1594eb478]
Event: 8074.121 Thread 0x000001e1665c3a30 4054       4       java.lang.StringLatin1::indexOf (25 bytes)
Event: 8074.128 Thread 0x000001e1665c3a30 nmethod 4054 0x000001e1594ebc10 code [0x000001e1594ebd80, 0x000001e1594ebf78]
Event: 9026.280 Thread 0x000001e1665c3a30 4055       4       java.lang.String::regionMatches (150 bytes)
Event: 9027.032 Thread 0x000001e1665c3a30 nmethod 4055 0x000001e1594ec090 code [0x000001e1594ec260, 0x000001e1594ecab8]
Event: 9862.505 Thread 0x000001e1665c3a30 4056       4       jdk.internal.module.Resources::toPackageName (39 bytes)
Event: 9863.247 Thread 0x000001e1665c3a30 nmethod 4056 0x000001e1594ed090 code [0x000001e1594ed220, 0x000001e1594ed3f8]
Event: 9902.638 Thread 0x000001e1665c3a30 4058   !   4       jdk.internal.loader.BuiltinClassLoader::findResource (154 bytes)
Event: 9906.124 Thread 0x000001e1665c3a30 nmethod 4058 0x000001e1594ed590 code [0x000001e1594edb20, 0x000001e1594f50a0]
Event: 9906.125 Thread 0x000001e1665c3a30 4059       4       jdk.internal.loader.BuiltinClassLoader::findResourceOnClassPath (41 bytes)

GC Heap History (6 events):
Event: 9.211 GC heap before
{Heap before GC invocations=0 (full 0):
 garbage-first heap   total 98304K, used 13312K [0x00000000a0e00000, 0x0000000100000000)
  region size 1024K, 13 young (13312K), 0 survivors (0K)
 Metaspace       used 9961K, committed 10176K, reserved 1064960K
  class space    used 1241K, committed 1344K, reserved 1048576K
}
Event: 9.219 GC heap after
{Heap after GC invocations=1 (full 0):
 garbage-first heap   total 98304K, used 4012K [0x00000000a0e00000, 0x0000000100000000)
  region size 1024K, 2 young (2048K), 2 survivors (2048K)
 Metaspace       used 9961K, committed 10176K, reserved 1064960K
  class space    used 1241K, committed 1344K, reserved 1048576K
}
Event: 10.723 GC heap before
{Heap before GC invocations=1 (full 0):
 garbage-first heap   total 98304K, used 9132K [0x00000000a0e00000, 0x0000000100000000)
  region size 1024K, 8 young (8192K), 2 survivors (2048K)
 Metaspace       used 9987K, committed 10240K, reserved 1064960K
  class space    used 1242K, committed 1344K, reserved 1048576K
}
Event: 10.728 GC heap after
{Heap after GC invocations=2 (full 0):
 garbage-first heap   total 98304K, used 4623K [0x00000000a0e00000, 0x0000000100000000)
  region size 1024K, 1 young (1024K), 1 survivors (1024K)
 Metaspace       used 9987K, committed 10240K, reserved 1064960K
  class space    used 1242K, committed 1344K, reserved 1048576K
}
Event: 251.158 GC heap before
{Heap before GC invocations=2 (full 0):
 garbage-first heap   total 98304K, used 30223K [0x00000000a0e00000, 0x0000000100000000)
  region size 1024K, 26 young (26624K), 1 survivors (1024K)
 Metaspace       used 12324K, committed 12480K, reserved 1064960K
  class space    used 1378K, committed 1472K, reserved 1048576K
}
Event: 251.160 GC heap after
{Heap after GC invocations=3 (full 0):
 garbage-first heap   total 98304K, used 5150K [0x00000000a0e00000, 0x0000000100000000)
  region size 1024K, 2 young (2048K), 2 survivors (2048K)
 Metaspace       used 12324K, committed 12480K, reserved 1064960K
  class space    used 1378K, committed 1472K, reserved 1048576K
}

Deoptimization events (20 events):
Event: 338.826 Thread 0x000001e1665bece0 DEOPT PACKING pc=0x000001e159460c00 sp=0x0000002ffd9ff120
Event: 338.826 Thread 0x000001e1665bece0 DEOPT UNPACKING pc=0x000001e1518b23a3 sp=0x0000002ffd9fefe8 mode 2
Event: 338.826 Thread 0x000001e1665bece0 Uncommon trap: trap_request=0xffffffde fr.pc=0x000001e159458ec8 relative=0x00000000000014a8
Event: 338.826 Thread 0x000001e1665bece0 Uncommon trap: reason=class_check action=maybe_recompile pc=0x000001e159458ec8 method=java.awt.EventQueue.setCurrentEventAndMostRecentTimeImpl(Ljava/awt/AWTEvent;)V @ 141 c2
Event: 338.826 Thread 0x000001e1665bece0 DEOPT PACKING pc=0x000001e159458ec8 sp=0x0000002ffd9ff0d0
Event: 338.826 Thread 0x000001e1665bece0 DEOPT UNPACKING pc=0x000001e1518b23a3 sp=0x0000002ffd9fed90 mode 2
Event: 338.833 Thread 0x000001e1665bece0 Uncommon trap: trap_request=0xffffffde fr.pc=0x000001e159466aa8 relative=0x0000000000000a88
Event: 338.833 Thread 0x000001e1665bece0 Uncommon trap: reason=class_check action=maybe_recompile pc=0x000001e159466aa8 method=java.awt.EventQueue.dispatchEventImpl(Ljava/awt/AWTEvent;Ljava/lang/Object;)V @ 18 c2
Event: 338.833 Thread 0x000001e1665bece0 DEOPT PACKING pc=0x000001e159466aa8 sp=0x0000002ffd9fefe0
Event: 338.833 Thread 0x000001e1665bece0 DEOPT UNPACKING pc=0x000001e1518b23a3 sp=0x0000002ffd9fefb8 mode 2
Event: 338.833 Thread 0x000001e1665bece0 Uncommon trap: trap_request=0xffffffde fr.pc=0x000001e159458eb4 relative=0x0000000000001494
Event: 338.833 Thread 0x000001e1665bece0 Uncommon trap: reason=class_check action=maybe_recompile pc=0x000001e159458eb4 method=java.awt.EventQueue.dispatchEventImpl(Ljava/awt/AWTEvent;Ljava/lang/Object;)V @ 18 c2
Event: 338.833 Thread 0x000001e1665bece0 DEOPT PACKING pc=0x000001e159458eb4 sp=0x0000002ffd9ff090
Event: 338.833 Thread 0x000001e1665bece0 DEOPT UNPACKING pc=0x000001e1518b23a3 sp=0x0000002ffd9fedc8 mode 2
Event: 5835.022 Thread 0x000001e1665bf680 DEOPT PACKING pc=0x000001e1525fb51b sp=0x0000002ffdcff1c0
Event: 5835.022 Thread 0x000001e1665bf680 DEOPT UNPACKING pc=0x000001e1518b2b43 sp=0x0000002ffdcfe750 mode 0
Event: 8973.216 Thread 0x000001e1665bc660 Uncommon trap: trap_request=0xfffffff4 fr.pc=0x000001e1594813f0 relative=0x0000000000000170
Event: 8973.217 Thread 0x000001e1665bc660 Uncommon trap: reason=null_check action=make_not_entrant pc=0x000001e1594813f0 method=java.lang.reflect.Array.newInstance(Ljava/lang/Class;I)Ljava/lang/Object; @ 2 c2
Event: 8973.217 Thread 0x000001e1665bc660 DEOPT PACKING pc=0x000001e1594813f0 sp=0x0000002ffd2fe840
Event: 8973.217 Thread 0x000001e1665bc660 DEOPT UNPACKING pc=0x000001e1518b23a3 sp=0x0000002ffd2fe7d8 mode 2

Classes unloaded (0 events):
No events

Classes redefined (0 events):
No events

Internal exceptions (20 events):
Event: 204.651 Thread 0x000001e1665bece0 Implicit null exception at 0x000001e159418d0f to 0x000001e159419dd8
Event: 275.883 Thread 0x000001e1665bece0 Implicit null exception at 0x000001e1593ce0dc to 0x000001e1593ceec4
Event: 276.053 Thread 0x000001e1665bece0 Exception <a 'java/lang/NoSuchMethodError'{0x00000000a6a37a20}: 'java.lang.Object java.lang.invoke.DirectMethodHandle$Holder.invokeInterface(java.lang.Object, java.lang.Object)'> (0x00000000a6a37a20) 
thrown [t:\workspace\open\src\hotspot\share\interpreter\linkResolver.cpp, line 766]
Event: 276.418 Thread 0x000001e1665bece0 Exception <a 'java/lang/NoSuchMethodError'{0x00000000a6ab7478}: 'void java.lang.invoke.DirectMethodHandle$Holder.invokeStatic(java.lang.Object, java.lang.Object, java.lang.Object)'> (0x00000000a6ab7478) 
thrown [t:\workspace\open\src\hotspot\share\interpreter\linkResolver.cpp, line 766]
Event: 276.420 Thread 0x000001e1665bece0 Exception <a 'java/lang/NoSuchMethodError'{0x00000000a6ac1630}: 'java.lang.Object java.lang.invoke.DirectMethodHandle$Holder.invokeVirtual(java.lang.Object, java.lang.Object, java.lang.Object)'> (0x00000000a6ac1630) 
thrown [t:\workspace\open\src\hotspot\share\interpreter\linkResolver.cpp, line 766]
Event: 276.927 Thread 0x000001e1665bece0 Exception <a 'java/lang/NoSuchMethodError'{0x00000000a67d72e8}: 'void java.lang.invoke.DirectMethodHandle$Holder.invokeStatic(java.lang.Object, java.lang.Object)'> (0x00000000a67d72e8) 
thrown [t:\workspace\open\src\hotspot\share\interpreter\linkResolver.cpp, line 766]
Event: 277.715 Thread 0x000001e1665bece0 Exception <a 'java/lang/NoSuchMethodError'{0x00000000a6577980}: 'void java.lang.invoke.DirectMethodHandle$Holder.invokeStaticInit(java.lang.Object, java.lang.Object)'> (0x00000000a6577980) 
thrown [t:\workspace\open\src\hotspot\share\interpreter\linkResolver.cpp, line 766]
Event: 278.049 Thread 0x000001e1665bece0 Exception <a 'sun/nio/fs/WindowsException'{0x00000000a6494358}> (0x00000000a6494358) 
thrown [t:\workspace\open\src\hotspot\share\prims\jni.cpp, line 516]
Event: 278.167 Thread 0x000001e1665bece0 Exception <a 'java/lang/NoSuchMethodError'{0x00000000a64ba750}: 'int java.lang.invoke.DirectMethodHandle$Holder.invokeStaticInit(java.lang.Object, java.lang.Object, java.lang.Object, java.lang.Object)'> (0x00000000a64ba750) 
thrown [t:\workspace\open\src\hotspot\share\interpreter\linkResolver.cpp, line 766]
Event: 278.168 Thread 0x000001e1665bece0 Exception <a 'java/lang/IncompatibleClassChangeError'{0x00000000a64c3be0}: Found class java.lang.Object, but interface was expected> (0x00000000a64c3be0) 
thrown [t:\workspace\open\src\hotspot\share\interpreter\linkResolver.cpp, line 833]
Event: 278.169 Thread 0x000001e1665bece0 Exception <a 'java/lang/NoSuchMethodError'{0x00000000a64c92f0}: 'int java.lang.invoke.DirectMethodHandle$Holder.invokeStaticInit(java.lang.Object, java.lang.Object)'> (0x00000000a64c92f0) 
thrown [t:\workspace\open\src\hotspot\share\interpreter\linkResolver.cpp, line 766]
Event: 278.252 Thread 0x000001e1665bece0 Exception <a 'java/lang/NoSuchMethodError'{0x00000000a621a1c0}: 'java.lang.Object java.lang.invoke.DirectMethodHandle$Holder.invokeStaticInit(java.lang.Object, int, int, int, int)'> (0x00000000a621a1c0) 
thrown [t:\workspace\open\src\hotspot\share\interpreter\linkResolver.cpp, line 766]
Event: 283.755 Thread 0x000001e1665bece0 Exception <a 'java/lang/NoSuchMethodError'{0x00000000a62dc310}: 'java.lang.Object java.lang.invoke.DirectMethodHandle$Holder.invokeStaticInit(java.lang.Object, java.lang.Object, int, int, int, int)'> (0x00000000a62dc310) 
thrown [t:\workspace\open\src\hotspot\share\interpreter\linkResolver.cpp, line 766]
Event: 285.590 Thread 0x000001e1665bece0 Exception <a 'java/lang/NoSuchMethodError'{0x00000000a5fffbe8}: 'java.lang.Object java.lang.invoke.DirectMethodHandle$Holder.invokeSpecial(java.lang.Object, java.lang.Object, long, java.lang.Object, java.lang.Object, java.lang.Object, java.lang.Object, java.lang.Object, java.lang.Object, java.lang.Object, java.lang.Object, java.lang.Object, java.lang.Object, java.lang.Object)'> (0x00000000a5fffbe8) 
thrown [t:\workspace\open\src\hotspot\share\interpreter\linkResolver.cpp, line 766]
Event: 285.590 Thread 0x000001e1665bece0 Exception <a 'java/lang/NoSuchMethodError'{0x00000000a5e04be8}: 'java.lang.Object java.lang.invoke.DelegatingMethodHandle$Holder.reinvoke_L(java.lang.Object, long, java.lang.Object, java.lang.Object, java.lang.Object, java.lang.Object, java.lang.Object, java.lang.Object, java.lang.Object, java.lang.Object, java.lang.Object, java.lang.Object, java.lang.Object)'> (0x00000000a5e04be8) 
thrown [t:\workspace\open\src\hotspot\share\interpreter\linkResolver.cpp, line 766]
Event: 285.595 Thread 0x000001e1665bece0 Exception <a 'java/lang/NoSuchMethodError'{0x00000000a5e4df88}: 'java.lang.Object java.lang.invoke.DirectMethodHandle$Holder.invokeSpecial(java.lang.Object, java.lang.Object, java.lang.Object, java.lang.Object, java.lang.Object, java.lang.Object, java.lang.Object, java.lang.Object, java.lang.Object, java.lang.Object, java.lang.Object, java.lang.Object, java.lang.Object)'> (0x00000000a5e4df88) 
thrown [t:\workspace\open\src\hotspot\share\interpreter\linkResolver.cpp, line 766]
Event: 285.595 Thread 0x000001e1665bece0 Exception <a 'java/lang/NoSuchMethodError'{0x00000000a5e52a60}: 'java.lang.Object java.lang.invoke.Invokers$Holder.linkToTargetMethod(java.lang.Object, java.lang.Object, java.lang.Object, java.lang.Object, java.lang.Object, java.lang.Object, java.lang.Object, java.lang.Object, java.lang.Object, java.lang.Object, java.lang.Object, java.lang.Object)'> (0x00000000a5e52a60) 
thrown [t:\workspace\open\src\hotspot\share\interpreter\linkResolver.cpp, line 766]
Event: 285.621 Thread 0x000001e1665bece0 Implicit null exception at 0x000001e15946af35 to 0x000001e15946b13e
Event: 338.826 Thread 0x000001e1665bece0 Implicit null exception at 0x000001e159489473 to 0x000001e159489964
Event: 8973.216 Thread 0x000001e1665bc660 Implicit null exception at 0x000001e159481293 to 0x000001e1594813dc

VM Operations (20 events):
Event: 285.080 Executing VM operation: HandshakeAllThreads
Event: 285.080 Executing VM operation: HandshakeAllThreads done
Event: 285.487 Executing VM operation: HandshakeAllThreads
Event: 285.487 Executing VM operation: HandshakeAllThreads done
Event: 285.487 Executing VM operation: Cleanup
Event: 285.487 Executing VM operation: Cleanup done
Event: 286.488 Executing VM operation: Cleanup
Event: 286.488 Executing VM operation: Cleanup done
Event: 330.816 Executing VM operation: Cleanup
Event: 330.816 Executing VM operation: Cleanup done
Event: 331.822 Executing VM operation: Cleanup
Event: 331.822 Executing VM operation: Cleanup done
Event: 338.888 Executing VM operation: Cleanup
Event: 338.888 Executing VM operation: Cleanup done
Event: 892.685 Executing VM operation: Cleanup
Event: 892.685 Executing VM operation: Cleanup done
Event: 1319.156 Executing VM operation: Cleanup
Event: 1319.156 Executing VM operation: Cleanup done
Event: 3214.130 Executing VM operation: Cleanup
Event: 3214.130 Executing VM operation: Cleanup done

Events (20 events):
Event: 285.736 loading class java/lang/StringIndexOutOfBoundsException
Event: 285.736 loading class java/lang/StringIndexOutOfBoundsException done
Event: 285.739 loading class java/util/concurrent/atomic/AtomicReferenceFieldUpdater
Event: 285.760 loading class java/util/concurrent/atomic/AtomicReferenceFieldUpdater done
Event: 285.760 loading class java/util/concurrent/atomic/AtomicReferenceFieldUpdater$AtomicReferenceFieldUpdaterImpl
Event: 285.760 loading class java/util/concurrent/atomic/AtomicReferenceFieldUpdater$AtomicReferenceFieldUpdaterImpl done
Event: 285.760 loading class java/util/concurrent/atomic/AtomicReferenceFieldUpdater$AtomicReferenceFieldUpdaterImpl$1
Event: 285.760 loading class java/util/concurrent/atomic/AtomicReferenceFieldUpdater$AtomicReferenceFieldUpdaterImpl$1 done
Event: 330.723 Thread 0x000001e16df76030 Thread added: 0x000001e16df76030
Event: 330.945 Thread 0x000001e16df76030 Thread exited: 0x000001e16df76030
Event: 338.059 loading class java/awt/LightweightDispatcher$2
Event: 338.059 loading class java/awt/LightweightDispatcher$2 done
Event: 338.818 loading class java/awt/KeyboardFocusManager$2
Event: 338.819 loading class java/awt/KeyboardFocusManager$2 done
Event: 338.819 loading class sun/awt/SunToolkit$1
Event: 338.819 loading class sun/awt/SunToolkit$1 done
Event: 8972.929 loading class java/awt/desktop/SystemSleepListener
Event: 8973.148 loading class java/awt/desktop/SystemEventListener
Event: 8973.174 loading class java/awt/desktop/SystemEventListener done
Event: 8973.203 loading class java/awt/desktop/SystemSleepListener done


Dynamic libraries:
0x00007ff63f950000 - 0x00007ff63f960000 	C:\Program Files\Java\jdk-17.0.2\bin\java.exe
0x00007ff8432d0000 - 0x00007ff8434c8000 	C:\windows\SYSTEM32\ntdll.dll
0x00007ff842e30000 - 0x00007ff842eed000 	C:\windows\System32\KERNEL32.DLL
0x00007ff840b10000 - 0x00007ff840e06000 	C:\windows\System32\KERNELBASE.dll
0x00007ff840fc0000 - 0x00007ff8410c0000 	C:\windows\System32\ucrtbase.dll
0x00007ff83bf80000 - 0x00007ff83bf9a000 	C:\Program Files\Java\jdk-17.0.2\bin\VCRUNTIME140.dll
0x00007ff825080000 - 0x00007ff825098000 	C:\Program Files\Java\jdk-17.0.2\bin\jli.dll
0x00007ff8421d0000 - 0x00007ff842280000 	C:\windows\System32\ADVAPI32.dll
0x00007ff842b80000 - 0x00007ff842c1e000 	C:\windows\System32\msvcrt.dll
0x00007ff842d90000 - 0x00007ff842e30000 	C:\windows\System32\sechost.dll
0x00007ff842a50000 - 0x00007ff842b75000 	C:\windows\System32\RPCRT4.dll
0x00007ff8412d0000 - 0x00007ff8412f7000 	C:\windows\System32\bcrypt.dll
0x00007ff842360000 - 0x00007ff8424fe000 	C:\windows\System32\USER32.dll
0x00007ff840f00000 - 0x00007ff840f22000 	C:\windows\System32\win32u.dll
0x00007ff842c30000 - 0x00007ff842c5b000 	C:\windows\System32\GDI32.dll
0x00007ff82b290000 - 0x00007ff82b52a000 	C:\windows\WinSxS\amd64_microsoft.windows.common-controls_6595b64144ccf1df_6.0.19041.3636_none_60b6a03d71f818d5\COMCTL32.dll
0x00007ff8409f0000 - 0x00007ff840b07000 	C:\windows\System32\gdi32full.dll
0x00007ff840e10000 - 0x00007ff840ead000 	C:\windows\System32\msvcp_win.dll
0x00007ff836320000 - 0x00007ff83632a000 	C:\windows\SYSTEM32\VERSION.dll
0x00007ff842a10000 - 0x00007ff842a42000 	C:\windows\System32\IMM32.DLL
0x00007ff83c7e0000 - 0x00007ff83c7ec000 	C:\Program Files\Java\jdk-17.0.2\bin\vcruntime140_1.dll
0x00007ff8045e0000 - 0x00007ff80466d000 	C:\Program Files\Java\jdk-17.0.2\bin\msvcp140.dll
0x00007fffc6bc0000 - 0x00007fffc7781000 	C:\Program Files\Java\jdk-17.0.2\bin\server\jvm.dll
0x00007ff843150000 - 0x00007ff843158000 	C:\windows\System32\PSAPI.DLL
0x00007ff8244c0000 - 0x00007ff8244c9000 	C:\windows\SYSTEM32\WSOCK32.dll
0x00007ff8362f0000 - 0x00007ff836317000 	C:\windows\SYSTEM32\WINMM.dll
0x00007ff842640000 - 0x00007ff8426ab000 	C:\windows\System32\WS2_32.dll
0x00007ff83e750000 - 0x00007ff83e762000 	C:\windows\SYSTEM32\kernel.appcore.dll
0x00007ff83c1f0000 - 0x00007ff83c1fa000 	C:\Program Files\Java\jdk-17.0.2\bin\jimage.dll
0x00007ff839780000 - 0x00007ff839964000 	C:\windows\SYSTEM32\DBGHELP.DLL
0x00007ff825a00000 - 0x00007ff825a34000 	C:\windows\SYSTEM32\dbgcore.DLL
0x00007ff840f30000 - 0x00007ff840fb2000 	C:\windows\System32\bcryptPrimitives.dll
0x00007ff825140000 - 0x00007ff825165000 	C:\Program Files\Java\jdk-17.0.2\bin\java.dll
0x00007ff801ae0000 - 0x00007ff801bb6000 	C:\Program Files\Java\jdk-17.0.2\bin\jsvml.dll
0x00007ff841a60000 - 0x00007ff8421cb000 	C:\windows\System32\SHELL32.dll
0x00007ff83ea30000 - 0x00007ff83f1ce000 	C:\windows\SYSTEM32\windows.storage.dll
0x00007ff8426b0000 - 0x00007ff842a03000 	C:\windows\System32\combase.dll
0x00007ff8402e0000 - 0x00007ff84030e000 	C:\windows\SYSTEM32\Wldp.dll
0x00007ff842cc0000 - 0x00007ff842d8d000 	C:\windows\System32\OLEAUT32.dll
0x00007ff841360000 - 0x00007ff84140d000 	C:\windows\System32\SHCORE.dll
0x00007ff842ef0000 - 0x00007ff842f45000 	C:\windows\System32\shlwapi.dll
0x00007ff8408b0000 - 0x00007ff8408d5000 	C:\windows\SYSTEM32\profapi.dll
0x00007ff825340000 - 0x00007ff825359000 	C:\Program Files\Java\jdk-17.0.2\bin\net.dll
0x00007ff8382f0000 - 0x00007ff8383fa000 	C:\windows\SYSTEM32\WINHTTP.dll
0x00007ff840040000 - 0x00007ff8400aa000 	C:\windows\system32\mswsock.dll
0x00007ff824d20000 - 0x00007ff824d36000 	C:\Program Files\Java\jdk-17.0.2\bin\nio.dll
0x00007ff824980000 - 0x00007ff824998000 	C:\Program Files\Java\jdk-17.0.2\bin\zip.dll
0x00007fffff100000 - 0x00007fffff28f000 	C:\Program Files\Java\jdk-17.0.2\bin\awt.dll
0x00007ff83e290000 - 0x00007ff83e320000 	C:\windows\SYSTEM32\apphelp.dll
0x00007ff83e720000 - 0x00007ff83e74f000 	C:\windows\system32\DWMAPI.DLL
0x00007ff83e460000 - 0x00007ff83e4fe000 	C:\windows\system32\uxtheme.dll
0x00007ffffe710000 - 0x00007ffffe835000 	C:\windows\system32\opengl32.dll
0x00007ff806f10000 - 0x00007ff806f3c000 	C:\windows\SYSTEM32\GLU32.dll
0x00007ff842f50000 - 0x00007ff843065000 	C:\windows\System32\MSCTF.dll
0x00007ff843160000 - 0x00007ff84328b000 	C:\windows\System32\ole32.dll
0x00007ffffe2e0000 - 0x00007ffffe4ad000 	C:\windows\system32\d3d9.dll
0x00007ff833a80000 - 0x00007ff833c5b000 	C:\windows\System32\DriverStore\FileRepository\u0369008.inf_amd64_ee6506488a5aaa50\B366469\aticfx64.dll
0x00007fffff7e0000 - 0x00007fffff813000 	C:\windows\System32\DriverStore\FileRepository\u0369008.inf_amd64_ee6506488a5aaa50\B366469\atiu9p64.dll
0x00007fffc5e90000 - 0x00007fffc6bb1000 	C:\windows\System32\DriverStore\FileRepository\u0369008.inf_amd64_ee6506488a5aaa50\B366469\atiumd64.dll
0x0000000064780000 - 0x0000000065643000 	C:\windows\System32\DriverStore\FileRepository\u0369008.inf_amd64_ee6506488a5aaa50\B366469\atiumd6a.dll
0x00007ff8407e0000 - 0x00007ff84082b000 	C:\windows\SYSTEM32\POWRPROF.dll
0x00007ff8407c0000 - 0x00007ff8407d2000 	C:\windows\SYSTEM32\UMPDC.dll
0x00007ff831980000 - 0x00007ff8319b0000 	C:\windows\SYSTEM32\amdihk64.dll
0x00007ff836330000 - 0x00007ff83636b000 	C:\windows\SYSTEM32\dxcore.dll
0x00007ff840eb0000 - 0x00007ff840efe000 	C:\windows\System32\cfgmgr32.dll
0x00007ff825320000 - 0x00007ff825330000 	C:\Program Files\Java\jdk-17.0.2\bin\verify.dll
0x00007fffffa60000 - 0x00007fffffae9000 	C:\Program Files\Java\jdk-17.0.2\bin\freetype.dll
0x00007fffff9b0000 - 0x00007fffffa58000 	C:\Program Files\Java\jdk-17.0.2\bin\fontmanager.dll
0x00007ff842500000 - 0x00007ff8425a9000 	C:\windows\System32\clbcatq.dll
0x00007ff836f20000 - 0x00007ff8370d4000 	C:\windows\SYSTEM32\WindowsCodecs.dll
0x00007ff836850000 - 0x00007ff83688e000 	C:\windows\system32\dataexchange.dll
0x00007ff83ceb0000 - 0x00007ff83d113000 	C:\windows\system32\d3d11.dll
0x00007ff83d6e0000 - 0x00007ff83d8c3000 	C:\windows\system32\dcomp.dll
0x00007ff83f230000 - 0x00007ff83f323000 	C:\windows\system32\dxgi.dll
0x00007ff83b090000 - 0x00007ff83b293000 	C:\windows\system32\twinapi.appcore.dll
0x00007ff837ab0000 - 0x00007ff837ba9000 	C:\windows\SYSTEM32\textinputframework.dll
0x00007ff83e130000 - 0x00007ff83e222000 	C:\windows\System32\CoreMessaging.dll
0x00007ff83dcd0000 - 0x00007ff83e02b000 	C:\windows\System32\CoreUIComponents.dll
0x00007ff83fab0000 - 0x00007ff83fae3000 	C:\windows\SYSTEM32\ntmarta.dll
0x00007ff83c8a0000 - 0x00007ff83c9f5000 	C:\windows\SYSTEM32\wintypes.dll
0x00007ff837db0000 - 0x00007ff837e1a000 	C:\windows\system32\Ninput.dll
0x00007ff83fd70000 - 0x00007ff83fe3b000 	C:\windows\SYSTEM32\DNSAPI.dll
0x00007ff83fd30000 - 0x00007ff83fd6b000 	C:\windows\SYSTEM32\IPHLPAPI.DLL
0x00007ff841a30000 - 0x00007ff841a38000 	C:\windows\System32\NSI.dll
0x0000000067cd0000 - 0x0000000067cf6000 	C:\Program Files\Bonjour\mdnsNSP.dll
0x00007ff836890000 - 0x00007ff83689a000 	C:\Windows\System32\rasadhlp.dll
0x00007ff8271d0000 - 0x00007ff827250000 	C:\windows\System32\fwpuclnt.dll
0x00007ff840240000 - 0x00007ff840258000 	C:\windows\SYSTEM32\CRYPTSP.dll
0x00007ff83f970000 - 0x00007ff83f9a4000 	C:\windows\system32\rsaenh.dll
0x00007ff840870000 - 0x00007ff84089e000 	C:\windows\SYSTEM32\USERENV.dll
0x00007ff840230000 - 0x00007ff84023c000 	C:\windows\SYSTEM32\CRYPTBASE.dll
0x00007ff838eb0000 - 0x00007ff838ec7000 	C:\windows\SYSTEM32\dhcpcsvc6.DLL
0x00007ff838ef0000 - 0x00007ff838f0d000 	C:\windows\SYSTEM32\dhcpcsvc.DLL
0x00007ff83c220000 - 0x00007ff83c22e000 	C:\Program Files\Java\jdk-17.0.2\bin\sunmscapi.dll
0x00007ff841170000 - 0x00007ff8412cd000 	C:\windows\System32\CRYPT32.dll
0x00007ff840390000 - 0x00007ff8403b8000 	C:\windows\SYSTEM32\ncrypt.dll
0x00007ff840310000 - 0x00007ff84034b000 	C:\windows\SYSTEM32\NTASN1.dll

dbghelp: loaded successfully - version: 4.0.5 - missing functions: none
symbol engine: initialized successfully - sym options: 0x614 - pdb path: .;C:\Program Files\Java\jdk-17.0.2\bin;C:\windows\SYSTEM32;C:\windows\WinSxS\amd64_microsoft.windows.common-controls_6595b64144ccf1df_6.0.19041.3636_none_60b6a03d71f818d5;C:\Program Files\Java\jdk-17.0.2\bin\server;C:\windows\System32\DriverStore\FileRepository\u0369008.inf_amd64_ee6506488a5aaa50\B366469;C:\Program Files\Bonjour

VM Arguments:
jvm_args: -Dfile.encoding=UTF-8 --module-path=C:\Users\91734\Documents\NetBeansProjects\bank management system\build\classes 
java_command: bank.management.system.SignupOne
java_class_path (initial): C:\Users\91734\Downloads\jcalendar-tz-1.3.3-4.jar;C:\Java;C:\Users\91734\Downloads\mysql-connector-java-8.0.28.jar;C:\Users\91734\Documents\NetBeansProjects\bank management system\build\classes
Launcher Type: SUN_STANDARD

[Global flags]
     intx CICompilerCount                          = 3                                         {product} {ergonomic}
     uint ConcGCThreads                            = 1                                         {product} {ergonomic}
     uint G1ConcRefinementThreads                  = 4                                         {product} {ergonomic}
   size_t G1HeapRegionSize                         = 1048576                                   {product} {ergonomic}
    uintx GCDrainStackTargetSize                   = 64                                        {product} {ergonomic}
   size_t InitialHeapSize                          = 100663296                                 {product} {ergonomic}
   size_t MarkStackSize                            = 4194304                                   {product} {ergonomic}
   size_t MaxHeapSize                              = 1595932672                                {product} {ergonomic}
   size_t MaxNewSize                               = 957349888                                 {product} {ergonomic}
   size_t MinHeapDeltaBytes                        = 1048576                                   {product} {ergonomic}
   size_t MinHeapSize                              = 8388608                                   {product} {ergonomic}
    uintx NonNMethodCodeHeapSize                   = 5832780                                {pd product} {ergonomic}
    uintx NonProfiledCodeHeapSize                  = 122912730                              {pd product} {ergonomic}
    uintx ProfiledCodeHeapSize                     = 122912730                              {pd product} {ergonomic}
    uintx ReservedCodeCacheSize                    = 251658240                              {pd product} {ergonomic}
     bool SegmentedCodeCache                       = true                                      {product} {ergonomic}
   size_t SoftMaxHeapSize                          = 1595932672                             {manageable} {ergonomic}
     bool UseCompressedClassPointers               = true                           {product lp64_product} {ergonomic}
     bool UseCompressedOops                        = true                           {product lp64_product} {ergonomic}
     bool UseG1GC                                  = true                                      {product} {ergonomic}
     bool UseLargePagesIndividualAllocation        = false                                  {pd product} {ergonomic}

Logging:
Log output configuration:
 #0: stdout all=warning uptime,level,tags
 #1: stderr all=off uptime,level,tags

Environment Variables:
PATH=C:\Program Files\Common Files\Oracle\Java\javapath;C:\Program Files (x86)\NVIDIA Corporation\PhysX\Common;C:\windows\system32;C:\windows;C:\windows\System32\Wbem;C:\windows\System32\WindowsPowerShell\v1.0\;C:\windows\System32\OpenSSH\;C:\Program Files (x86)\Windows Kits\8.1\Windows Performance Toolkit\;C:\Program Files\HP\HP One Agent;C:\Program Files\Java\jdk-17.0.2\bin;C:\Program Files\Java\jdk-17.0.2\bin;C:\Program Files\MySQL\MySQL Shell 8.0\bin\;C:\Users\91734\AppData\Local\Microsoft\WindowsApps;
USERNAME=91734
OS=Windows_NT
PROCESSOR_IDENTIFIER=AMD64 Family 23 Model 24 Stepping 1, AuthenticAMD



---------------  S Y S T E M  ---------------

OS:
 Windows 10 , 64 bit Build 19041 (10.0.19041.3636)
OS uptime: 4 days 13:10 hours

CPU: total 4 (initial active 4) (4 cores per cpu, 2 threads per core) family 23 model 24 stepping 1 microcode 0x0, cx8, cmov, fxsr, ht, mmx, 3dnowpref, sse, sse2, sse3, ssse3, sse4a, sse4.1, sse4.2, popcnt, lzcnt, tsc, tscinvbit, avx, avx2, aes, clmul, bmi1, bmi2, adx, sha, fma, vzeroupper, clflush, clflushopt

Memory: 4k page, system-wide physical 6086M (483M free)
TotalPageFile size 24518M (AvailPageFile size 54M)
current process WorkingSet (physical memory assigned to process): 26M, peak: 157M
current process commit charge ("private bytes"): 270M, peak: 280M

vm_info: Java HotSpot(TM) 64-Bit Server VM (17.0.2+8-LTS-86) for windows-amd64 JRE (17.0.2+8-LTS-86), built on Dec  7 2021 21:51:03 by "mach5one" with MS VC++ 16.8 / 16.9 (VS2019)

END.
