#
# There is insufficient memory for the Java Runtime Environment to continue.
# Native memory allocation (malloc) failed to allocate 120096 bytes for Chunk::new
# Possible reasons:
#   The system is out of physical RAM or swap space
#   The process is running with CompressedOops enabled, and the Java Heap may be blocking the growth of the native heap
# Possible solutions:
#   Reduce memory load on the system
#   Increase physical memory or swap space
#   Check if swap backing store is full
#   Decrease Java heap size (-Xmx/-Xms)
#   Decrease number of Java threads
#   Decrease Java thread stack sizes (-Xss)
#   Set larger code cache with -XX:ReservedCodeCacheSize=
#   JVM is running with Unscaled Compressed Oops mode in which the Java heap is
#     placed in the first 4GB address space. The Java Heap base address is the
#     maximum limit for the native heap growth. Please use -XX:HeapBaseMinAddress
#     to set the Java Heap base and to place the Java Heap above 4GB virtual address.
# This output file may be truncated or incomplete.
#
#  Out of Memory Error (arena.cpp:189), pid=10964, tid=26584
#
# JRE version: Java(TM) SE Runtime Environment (17.0.2+8) (build 17.0.2+8-LTS-86)
# Java VM: Java HotSpot(TM) 64-Bit Server VM (17.0.2+8-LTS-86, mixed mode, sharing, tiered, compressed oops, compressed class ptrs, g1 gc, windows-amd64)
# No core dump will be written. Minidumps are not enabled by default on client versions of Windows
#

---------------  S U M M A R Y ------------

Command Line: -Dapplication.home=C:\Program Files\Java\jdk-17.0.2 --add-modules=ALL-DEFAULT -Xms8m -Djdk.module.main=jdk.compiler jdk.compiler/com.sun.tools.javac.Main -d C:\Users\91734\Documents\NetBeansProjects\bank management system\build\classes -classpath C:\Users\91734\Documents\NetBeansProjects\bank management system\build\classes;C:\Users\91734\Downloads\jcalendar-tz-1.3.3-4.jar;C:\Java;C:\Users\91734\Downloads\mysql-connector-java-8.0.28.jar -sourcepath C:\Users\91734\Documents\NetBeansProjects\bank management system\build\empty -target 17 -encoding UTF-8 -g -processorpath C:\Users\91734\Downloads\jcalendar-tz-1.3.3-4.jar;C:\Java;C:\Users\91734\Downloads\mysql-connector-java-8.0.28.jar;C:\Users\91734\Documents\NetBeansProjects\bank management system\build\empty -s C:\Users\91734\Documents\NetBeansProjects\bank management system\build\generated-sources\ap-source-output -source 17 C:\Users\91734\Documents\NetBeansProjects\bank management system\src\bank\management\system\Conn.java C:\Users\91734\Documents\NetBeansProjects\bank management system\src\bank\management\system\Login.java C:\Users\91734\Documents\NetBeansProjects\bank management system\src\bank\management\system\SignupOne.java C:\Users\91734\Documents\NetBeansProjects\bank management system\src\bank\management\system\SignupTwo.java

Host: AMD Ryzen 3 3250U with Radeon Graphics         , 4 cores, 5G,  Windows 10 , 64 bit Build 19041 (10.0.19041.3636)
Time: Mon Jun 17 20:31:13 2024 India Standard Time elapsed time: 0.750876 seconds (0d 0h 0m 0s)

---------------  T H R E A D  ---------------

Current thread (0x000001954f44c510):  JavaThread "C2 CompilerThread0" daemon [_thread_in_native, id=26584, stack(0x00000037f0500000,0x00000037f0600000)]


Current CompileTask:
C2:    751  478       4       java.lang.StringLatin1::replace (198 bytes)

Stack: [0x00000037f0500000,0x00000037f0600000]
Native frames: (J=compiled Java code, j=interpreted, Vv=VM code, C=native code)
V  [jvm.dll+0x670baa]
V  [jvm.dll+0x7cfcb4]
V  [jvm.dll+0x7d145e]
V  [jvm.dll+0x7d1ac3]
V  [jvm.dll+0x242bc5]
V  [jvm.dll+0xaa57b]
V  [jvm.dll+0xaab0c]
V  [jvm.dll+0x2a991f]
V  [jvm.dll+0x5792d9]
V  [jvm.dll+0x21de3d]
V  [jvm.dll+0x21e21f]
V  [jvm.dll+0x217ae5]
V  [jvm.dll+0x214fab]
V  [jvm.dll+0x1a1bbd]
V  [jvm.dll+0x224908]
V  [jvm.dll+0x222a6c]
V  [jvm.dll+0x7859bb]
V  [jvm.dll+0x77ff7a]
V  [jvm.dll+0x66fa35]
C  [ucrtbase.dll+0x21bb2]
C  [KERNEL32.DLL+0x17344]
C  [ntdll.dll+0x526b1]


---------------  P R O C E S S  ---------------

Threads class SMR info:
_java_thread_list=0x000001955002eba0, length=12, elements={
0x0000019532f35e40, 0x0000019532fffc20, 0x00000195330006e0, 0x000001954f446960,
0x000001954f447320, 0x000001954f448b90, 0x000001954f44b460, 0x000001954f44c510,
0x000001954f44cec0, 0x000001954f4b9ef0, 0x000001954f54f750, 0x000001955006e5d0
}

Java Threads: ( => current thread )
  0x0000019532f35e40 JavaThread "main" [_thread_in_vm, id=31632, stack(0x00000037ef800000,0x00000037ef900000)]
  0x0000019532fffc20 JavaThread "Reference Handler" daemon [_thread_blocked, id=27320, stack(0x00000037eff00000,0x00000037f0000000)]
  0x00000195330006e0 JavaThread "Finalizer" daemon [_thread_blocked, id=33624, stack(0x00000037f0000000,0x00000037f0100000)]
  0x000001954f446960 JavaThread "Signal Dispatcher" daemon [_thread_blocked, id=32204, stack(0x00000037f0100000,0x00000037f0200000)]
  0x000001954f447320 JavaThread "Attach Listener" daemon [_thread_blocked, id=15676, stack(0x00000037f0200000,0x00000037f0300000)]
  0x000001954f448b90 JavaThread "Service Thread" daemon [_thread_blocked, id=11084, stack(0x00000037f0300000,0x00000037f0400000)]
  0x000001954f44b460 JavaThread "Monitor Deflation Thread" daemon [_thread_blocked, id=30672, stack(0x00000037f0400000,0x00000037f0500000)]
=>0x000001954f44c510 JavaThread "C2 CompilerThread0" daemon [_thread_in_native, id=26584, stack(0x00000037f0500000,0x00000037f0600000)]
  0x000001954f44cec0 JavaThread "C1 CompilerThread0" daemon [_thread_blocked, id=30628, stack(0x00000037f0600000,0x00000037f0700000)]
  0x000001954f4b9ef0 JavaThread "Sweeper thread" daemon [_thread_blocked, id=35072, stack(0x00000037f0700000,0x00000037f0800000)]
  0x000001954f54f750 JavaThread "Common-Cleaner" daemon [_thread_blocked, id=34568, stack(0x00000037f0800000,0x00000037f0900000)]
  0x000001955006e5d0 JavaThread "Notification Thread" daemon [_thread_blocked, id=9920, stack(0x00000037f0900000,0x00000037f0a00000)]

Other Threads:
  0x0000019532ff7e00 VMThread "VM Thread" [stack: 0x00000037efe00000,0x00000037eff00000] [id=24316]
  0x000001955005a800 WatcherThread [stack: 0x00000037f0a00000,0x00000037f0b00000] [id=20528]
  0x0000019532f6b160 GCTaskThread "GC Thread#0" [stack: 0x00000037ef900000,0x00000037efa00000] [id=31120]
  0x00000195501c0c20 GCTaskThread "GC Thread#1" [stack: 0x00000037f0b00000,0x00000037f0c00000] [id=32096]
  0x0000019550203840 GCTaskThread "GC Thread#2" [stack: 0x00000037f0c00000,0x00000037f0d00000] [id=24268]
  0x00000195502259e0 GCTaskThread "GC Thread#3" [stack: 0x00000037f0d00000,0x00000037f0e00000] [id=1208]
  0x0000019532f79cb0 ConcurrentGCThread "G1 Main Marker" [stack: 0x00000037efa00000,0x00000037efb00000] [id=16480]
  0x0000019532f7b480 ConcurrentGCThread "G1 Conc#0" [stack: 0x00000037efb00000,0x00000037efc00000] [id=33696]
  0x0000019532f91460 ConcurrentGCThread "G1 Refine#0" [stack: 0x00000037efc00000,0x00000037efd00000] [id=35792]
  0x0000019532f92c40 ConcurrentGCThread "G1 Service" [stack: 0x00000037efd00000,0x00000037efe00000] [id=35640]

Threads with active compile tasks:
C2 CompilerThread0      879  478       4       java.lang.StringLatin1::replace (198 bytes)

VM state: not at safepoint (normal execution)

VM Mutex/Monitor currently owned by a thread:  ([mutex/lock_event])
[0x0000019532f2f7e0] Metaspace_lock - owner thread: 0x0000019532f35e40

Heap address: 0x00000000a0e00000, size: 1522 MB, Compressed Oops mode: 32-bit

CDS archive(s) mapped at: [0x0000000800000000-0x0000000800bc0000-0x0000000800bc0000), size 12320768, SharedBaseAddress: 0x0000000800000000, ArchiveRelocationMode: 0.
Compressed class space mapped at: 0x0000000800c00000-0x0000000840c00000, reserved size: 1073741824
Narrow klass base: 0x0000000800000000, Narrow klass shift: 0, Narrow klass range: 0x100000000

GC Precious Log:
 CPUs: 4 total, 4 available
 Memory: 6086M
 Large Page Support: Disabled
 NUMA Support: Disabled
 Compressed Oops: Enabled (32-bit)
 Heap Region Size: 1M
 Heap Min Capacity: 8M
 Heap Initial Capacity: 8M
 Heap Max Capacity: 1522M
 Pre-touch: Disabled
 Parallel Workers: 4
 Concurrent Workers: 1
 Concurrent Refinement Workers: 4
 Periodic GC: Disabled

Heap:
 garbage-first heap   total 8192K, used 1168K [0x00000000a0e00000, 0x0000000100000000)
  region size 1024K, 2 young (2048K), 1 survivors (1024K)
 Metaspace       used 3826K, committed 3968K, reserved 1056768K
  class space    used 467K, committed 576K, reserved 1048576K

Heap Regions: E=young(eden), S=young(survivor), O=old, HS=humongous(starts), HC=humongous(continues), CS=collection set, F=free, OA=open archive, CA=closed archive, TAMS=top-at-mark-start (previous, next)
|   0|0x00000000a0e00000, 0x00000000a0e24000, 0x00000000a0f00000| 14%| O|  |TAMS 0x00000000a0e00000, 0x00000000a0e00000| Untracked 
|   1|0x00000000a0f00000, 0x00000000a0f00000, 0x00000000a1000000|  0%| F|  |TAMS 0x00000000a0f00000, 0x00000000a0f00000| Untracked 
|   2|0x00000000a1000000, 0x00000000a1000000, 0x00000000a1100000|  0%| F|  |TAMS 0x00000000a1000000, 0x00000000a1000000| Untracked 
|   3|0x00000000a1100000, 0x00000000a1100000, 0x00000000a1200000|  0%| F|  |TAMS 0x00000000a1100000, 0x00000000a1100000| Untracked 
|   4|0x00000000a1200000, 0x00000000a1300000, 0x00000000a1300000|100%| S|CS|TAMS 0x00000000a1200000, 0x00000000a1200000| Complete 
|   5|0x00000000a1300000, 0x00000000a1300000, 0x00000000a1400000|  0%| F|  |TAMS 0x00000000a1300000, 0x00000000a1300000| Untracked 
|   6|0x00000000a1400000, 0x00000000a1400000, 0x00000000a1500000|  0%| F|  |TAMS 0x00000000a1400000, 0x00000000a1400000| Untracked 
|   7|0x00000000a1500000, 0x00000000a15a8230, 0x00000000a1600000| 65%| E|  |TAMS 0x00000000a1500000, 0x00000000a1500000| Complete 

Card table byte_map: [0x0000019549a90000,0x0000019549d90000] _byte_map_base: 0x0000019549589000

Marking Bits (Prev, Next): (CMBitMap*) 0x0000019532f6d540, (CMBitMap*) 0x0000019532f6d580
 Prev Bits: [0x000001954a090000, 0x000001954b858000)
 Next Bits: [0x000001954b860000, 0x000001954d028000)

Polling page: 0x0000019530e90000

Metaspace:

Usage:
  Non-class:      3.28 MB used.
      Class:    467.99 KB used.
       Both:      3.74 MB used.

Virtual space:
  Non-class space:        8.00 MB reserved,       3.31 MB ( 41%) committed,  1 nodes.
      Class space:        1.00 GB reserved,     576.00 KB ( <1%) committed,  1 nodes.
             Both:        1.01 GB reserved,       3.88 MB ( <1%) committed. 

Chunk freelists:
   Non-Class:  1.67 MB
       Class:  3.36 MB
        Both:  5.03 MB

MaxMetaspaceSize: unlimited
CompressedClassSpaceSize: 1.00 GB
Initial GC threshold: 21.00 MB
Current GC threshold: 21.00 MB
CDS: on
MetaspaceReclaimPolicy: balanced
 - commit_granule_bytes: 65536.
 - commit_granule_words: 8192.
 - virtual_space_node_default_size: 1048576.
 - enlarge_chunks_in_place: 1.
 - new_chunks_are_fully_committed: 0.
 - uncommit_free_chunks: 1.
 - use_allocation_guard: 0.
 - handle_deallocations: 1.


Internal statistics:

num_allocs_failed_limit: 0.
num_arena_births: 40.
num_arena_deaths: 0.
num_vsnodes_births: 2.
num_vsnodes_deaths: 0.
num_space_committed: 62.
num_space_uncommitted: 0.
num_chunks_returned_to_freelist: 0.
num_chunks_taken_from_freelist: 168.
num_chunk_merges: 0.
num_chunk_splits: 112.
num_chunks_enlarged: 77.
num_purges: 0.
num_inconsistent_stats: 0.

CodeHeap 'non-profiled nmethods': size=120000Kb used=150Kb max_used=150Kb free=119849Kb
 bounds [0x0000019542260000, 0x00000195424d0000, 0x0000019549790000]
CodeHeap 'profiled nmethods': size=120000Kb used=659Kb max_used=659Kb free=119340Kb
 bounds [0x000001953ad30000, 0x000001953afa0000, 0x0000019542260000]
CodeHeap 'non-nmethods': size=5760Kb used=1113Kb max_used=1127Kb free=4646Kb
 bounds [0x000001953a790000, 0x000001953aa00000, 0x000001953ad30000]
 total_blobs=880 nmethods=486 adapters=307
 compilation: enabled
              stopped_count=0, restarted_count=0
 full_count=0

Compilation events (20 events):
Event: 0.731 Thread 0x000001954f44cec0 nmethod 470 0x000001953adc8b90 code [0x000001953adc8d20, 0x000001953adc8eb8]
Event: 0.731 Thread 0x000001954f44cec0  472       3       sun.net.util.URLUtil::urlNoFragString (114 bytes)
Event: 0.733 Thread 0x000001954f44cec0 nmethod 472 0x000001953adc8f90 code [0x000001953adc92c0, 0x000001953adca308]
Event: 0.733 Thread 0x000001954f44cec0  473       3       java.net.URL::getDefaultPort (8 bytes)
Event: 0.734 Thread 0x000001954f44cec0 nmethod 473 0x000001953adca890 code [0x000001953adcaa20, 0x000001953adcac18]
Event: 0.734 Thread 0x000001954f44cec0  474       3       java.security.SecureClassLoader::getProtectionDomain (38 bytes)
Event: 0.734 Thread 0x000001954f44cec0 nmethod 474 0x000001953adcad10 code [0x000001953adcaf00, 0x000001953adcb588]
Event: 0.734 Thread 0x000001954f44c510  478       4       java.lang.StringLatin1::replace (198 bytes)
Event: 0.734 Thread 0x000001954f44cec0  475       3       java.security.SecureClassLoader$CodeSourceKey::<init> (10 bytes)
Event: 0.735 Thread 0x000001954f44cec0 nmethod 475 0x000001953adcb790 code [0x000001953adcb920, 0x000001953adcbad8]
Event: 0.735 Thread 0x000001954f44cec0  479       3       jdk.internal.org.objectweb.asm.SymbolTable::addConstantUtf8Reference (101 bytes)
Event: 0.735 Thread 0x000001954f44cec0 nmethod 479 0x000001953adcbb90 code [0x000001953adcbda0, 0x000001953adcc398]
Event: 0.735 Thread 0x000001954f44cec0  476       3       java.security.SecureClassLoader$CodeSourceKey::equals (60 bytes)
Event: 0.736 Thread 0x000001954f44cec0 nmethod 476 0x000001953adcc690 code [0x000001953adcc880, 0x000001953adccf18]
Event: 0.736 Thread 0x000001954f44cec0  477       3       java.security.CodeSource::matchCerts (254 bytes)
Event: 0.737 Thread 0x000001954f44cec0 nmethod 477 0x000001953adcd110 code [0x000001953adcd380, 0x000001953adcdf98]
Event: 0.737 Thread 0x000001954f44cec0  480   !   3       jdk.internal.jimage.BasicImageReader::readBuffer (238 bytes)
Event: 0.739 Thread 0x000001954f44cec0 nmethod 480 0x000001953adce390 code [0x000001953adce680, 0x000001953adcf3f8]
Event: 0.740 Thread 0x000001954f44cec0  481       3       java.lang.StringLatin1::inflate (34 bytes)
Event: 0.740 Thread 0x000001954f44cec0 nmethod 481 0x000001953adcf910 code [0x000001953adcfac0, 0x000001953adcfcd8]

GC Heap History (2 events):
Event: 0.693 GC heap before
{Heap before GC invocations=0 (full 0):
 garbage-first heap   total 8192K, used 3072K [0x00000000a0e00000, 0x0000000100000000)
  region size 1024K, 3 young (3072K), 0 survivors (0K)
 Metaspace       used 2735K, committed 2880K, reserved 1056768K
  class space    used 335K, committed 384K, reserved 1048576K
}
Event: 0.699 GC heap after
{Heap after GC invocations=1 (full 0):
 garbage-first heap   total 8192K, used 1168K [0x00000000a0e00000, 0x0000000100000000)
  region size 1024K, 1 young (1024K), 1 survivors (1024K)
 Metaspace       used 2735K, committed 2880K, reserved 1056768K
  class space    used 335K, committed 384K, reserved 1048576K
}

Deoptimization events (14 events):
Event: 0.326 Thread 0x0000019532f35e40 Uncommon trap: trap_request=0xfffffff4 fr.pc=0x000001954226e2c4 relative=0x00000000000001a4
Event: 0.326 Thread 0x0000019532f35e40 Uncommon trap: reason=null_check action=make_not_entrant pc=0x000001954226e2c4 method=java.lang.String.equals(Ljava/lang/Object;)Z @ 8 c2
Event: 0.326 Thread 0x0000019532f35e40 DEOPT PACKING pc=0x000001954226e2c4 sp=0x00000037ef8fc050
Event: 0.326 Thread 0x0000019532f35e40 DEOPT UNPACKING pc=0x000001953a7e23a3 sp=0x00000037ef8fbff8 mode 2
Event: 0.536 Thread 0x0000019532f35e40 Uncommon trap: trap_request=0xffffffde fr.pc=0x000001954226c20c relative=0x000000000000042c
Event: 0.536 Thread 0x0000019532f35e40 Uncommon trap: reason=class_check action=maybe_recompile pc=0x000001954226c20c method=java.util.HashMap.putVal(ILjava/lang/Object;Ljava/lang/Object;ZZ)Ljava/lang/Object; @ 253 c2
Event: 0.536 Thread 0x0000019532f35e40 DEOPT PACKING pc=0x000001954226c20c sp=0x00000037ef8fea20
Event: 0.536 Thread 0x0000019532f35e40 DEOPT UNPACKING pc=0x000001953a7e23a3 sp=0x00000037ef8fe9d0 mode 2
Event: 0.536 Thread 0x0000019532f35e40 Uncommon trap: trap_request=0xffffff45 fr.pc=0x000001954226c678 relative=0x0000000000000898
Event: 0.536 Thread 0x0000019532f35e40 Uncommon trap: reason=unstable_if action=reinterpret pc=0x000001954226c678 method=java.util.HashMap.putVal(ILjava/lang/Object;Ljava/lang/Object;ZZ)Ljava/lang/Object; @ 181 c2
Event: 0.536 Thread 0x0000019532f35e40 DEOPT PACKING pc=0x000001954226c678 sp=0x00000037ef8fea20
Event: 0.536 Thread 0x0000019532f35e40 DEOPT UNPACKING pc=0x000001953a7e23a3 sp=0x00000037ef8fe9d0 mode 2
Event: 0.655 Thread 0x0000019532f35e40 DEOPT PACKING pc=0x000001953ad56a67 sp=0x00000037ef8fca00
Event: 0.655 Thread 0x0000019532f35e40 DEOPT UNPACKING pc=0x000001953a7e2b43 sp=0x00000037ef8fbe20 mode 0

Classes unloaded (0 events):
No events

Classes redefined (0 events):
No events

Internal exceptions (10 events):
Event: 0.326 Thread 0x0000019532f35e40 Implicit null exception at 0x000001954226e155 to 0x000001954226e2b4
Event: 0.512 Thread 0x0000019532f35e40 Exception <a 'java/lang/NoSuchMethodError'{0x00000000a14e51e0}: 'void java.lang.invoke.DirectMethodHandle$Holder.invokeSpecial(java.lang.Object, java.lang.Object, java.lang.Object)'> (0x00000000a14e51e0) 
thrown [t:\workspace\open\src\hotspot\share\interpreter\linkResolver.cpp, line 766]
Event: 0.592 Thread 0x0000019532f35e40 Exception <a 'java/lang/NoSuchMethodError'{0x00000000a1342868}: 'java.lang.Object java.lang.invoke.DirectMethodHandle$Holder.invokeVirtual(java.lang.Object, java.lang.Object, java.lang.Object)'> (0x00000000a1342868) 
thrown [t:\workspace\open\src\hotspot\share\interpreter\linkResolver.cpp, line 766]
Event: 0.598 Thread 0x0000019532f35e40 Exception <a 'java/lang/NoSuchMethodError'{0x00000000a134db30}: 'int java.lang.invoke.DirectMethodHandle$Holder.invokeInterface(java.lang.Object, java.lang.Object)'> (0x00000000a134db30) 
thrown [t:\workspace\open\src\hotspot\share\interpreter\linkResolver.cpp, line 766]
Event: 0.643 Thread 0x0000019532f35e40 Exception <a 'sun/nio/fs/WindowsException'{0x00000000a139d558}> (0x00000000a139d558) 
thrown [t:\workspace\open\src\hotspot\share\prims\jni.cpp, line 516]
Event: 0.644 Thread 0x0000019532f35e40 Exception <a 'sun/nio/fs/WindowsException'{0x00000000a139dd70}> (0x00000000a139dd70) 
thrown [t:\workspace\open\src\hotspot\share\prims\jni.cpp, line 516]
Event: 0.645 Thread 0x0000019532f35e40 Exception <a 'sun/nio/fs/WindowsException'{0x00000000a139ea30}> (0x00000000a139ea30) 
thrown [t:\workspace\open\src\hotspot\share\prims\jni.cpp, line 516]
Event: 0.645 Thread 0x0000019532f35e40 Exception <a 'sun/nio/fs/WindowsException'{0x00000000a139ed78}> (0x00000000a139ed78) 
thrown [t:\workspace\open\src\hotspot\share\prims\jni.cpp, line 516]
Event: 0.647 Thread 0x0000019532f35e40 Exception <a 'java/lang/NoSuchMethodError'{0x00000000a13a3d20}: 'int java.lang.invoke.DirectMethodHandle$Holder.invokeVirtual(java.lang.Object, java.lang.Object, java.lang.Object)'> (0x00000000a13a3d20) 
thrown [t:\workspace\open\src\hotspot\share\interpreter\linkResolver.cpp, line 766]
Event: 0.649 Thread 0x0000019532f35e40 Exception <a 'java/lang/NoSuchMethodError'{0x00000000a13aa5f0}: 'void java.lang.invoke.DirectMethodHandle$Holder.invokeInterface(java.lang.Object, java.lang.Object, java.lang.Object)'> (0x00000000a13aa5f0) 
thrown [t:\workspace\open\src\hotspot\share\interpreter\linkResolver.cpp, line 766]

VM Operations (10 events):
Event: 0.186 Executing VM operation: HandshakeAllThreads
Event: 0.186 Executing VM operation: HandshakeAllThreads done
Event: 0.517 Executing VM operation: HandshakeAllThreads
Event: 0.517 Executing VM operation: HandshakeAllThreads done
Event: 0.590 Executing VM operation: HandshakeAllThreads
Event: 0.590 Executing VM operation: HandshakeAllThreads done
Event: 0.605 Executing VM operation: HandshakeAllThreads
Event: 0.605 Executing VM operation: HandshakeAllThreads done
Event: 0.692 Executing VM operation: G1CollectForAllocation
Event: 0.699 Executing VM operation: G1CollectForAllocation done

Events (20 events):
Event: 0.616 loading class jdk/internal/jimage/ImageBufferCache$2 done
Event: 0.616 loading class java/util/AbstractMap$SimpleEntry
Event: 0.617 loading class java/util/AbstractMap$SimpleEntry done
Event: 0.617 loading class java/io/InputStreamReader
Event: 0.617 loading class java/io/InputStreamReader done
Event: 0.617 loading class sun/nio/cs/StreamDecoder
Event: 0.617 loading class sun/nio/cs/StreamDecoder done
Event: 0.618 loading class sun/nio/cs/UTF_8$Decoder
Event: 0.618 loading class sun/nio/cs/UTF_8$Decoder done
Event: 0.619 loading class java/util/LinkedHashMap$LinkedKeySet
Event: 0.619 loading class java/util/LinkedHashMap$LinkedKeySet done
Event: 0.619 loading class java/util/LinkedHashMap$LinkedKeyIterator
Event: 0.619 loading class java/util/LinkedHashMap$LinkedKeyIterator done
Event: 0.627 Loaded shared library C:\Program Files\Java\jdk-17.0.2\bin\zip.dll
Event: 0.643 loading class sun/nio/fs/WindowsException
Event: 0.643 loading class sun/nio/fs/WindowsException done
Event: 0.643 loading class sun/nio/fs/WindowsDirectoryStream
Event: 0.643 loading class sun/nio/fs/WindowsDirectoryStream done
Event: 0.672 loading class java/io/StringWriter
Event: 0.673 loading class java/io/StringWriter done


Dynamic libraries:
0x00007ff7d8020000 - 0x00007ff7d8028000 	C:\Program Files\Java\jdk-17.0.2\bin\javac.exe
0x00007ff8432d0000 - 0x00007ff8434c8000 	C:\windows\SYSTEM32\ntdll.dll
0x00007ff842e30000 - 0x00007ff842eed000 	C:\windows\System32\KERNEL32.DLL
0x00007ff840b10000 - 0x00007ff840e06000 	C:\windows\System32\KERNELBASE.dll
0x00007ff840fc0000 - 0x00007ff8410c0000 	C:\windows\System32\ucrtbase.dll
0x00007ff83bf80000 - 0x00007ff83bf9a000 	C:\Program Files\Java\jdk-17.0.2\bin\VCRUNTIME140.dll
0x00007ff825080000 - 0x00007ff825098000 	C:\Program Files\Java\jdk-17.0.2\bin\jli.dll
0x00007ff8421d0000 - 0x00007ff842280000 	C:\windows\System32\ADVAPI32.dll
0x00007ff842b80000 - 0x00007ff842c1e000 	C:\windows\System32\msvcrt.dll
0x00007ff842d90000 - 0x00007ff842e30000 	C:\windows\System32\sechost.dll
0x00007ff842a50000 - 0x00007ff842b75000 	C:\windows\System32\RPCRT4.dll
0x00007ff8412d0000 - 0x00007ff8412f7000 	C:\windows\System32\bcrypt.dll
0x00007ff842360000 - 0x00007ff8424fe000 	C:\windows\System32\USER32.dll
0x00007ff840f00000 - 0x00007ff840f22000 	C:\windows\System32\win32u.dll
0x00007ff842c30000 - 0x00007ff842c5b000 	C:\windows\System32\GDI32.dll
0x00007ff8409f0000 - 0x00007ff840b07000 	C:\windows\System32\gdi32full.dll
0x00007ff840e10000 - 0x00007ff840ead000 	C:\windows\System32\msvcp_win.dll
0x00007ff82b290000 - 0x00007ff82b52a000 	C:\windows\WinSxS\amd64_microsoft.windows.common-controls_6595b64144ccf1df_6.0.19041.3636_none_60b6a03d71f818d5\COMCTL32.dll
0x00007ff836320000 - 0x00007ff83632a000 	C:\windows\SYSTEM32\VERSION.dll
0x00007ff842a10000 - 0x00007ff842a42000 	C:\windows\System32\IMM32.DLL
0x00007ff83c7e0000 - 0x00007ff83c7ec000 	C:\Program Files\Java\jdk-17.0.2\bin\vcruntime140_1.dll
0x00007ff8045e0000 - 0x00007ff80466d000 	C:\Program Files\Java\jdk-17.0.2\bin\msvcp140.dll
0x00007fffc6bc0000 - 0x00007fffc7781000 	C:\Program Files\Java\jdk-17.0.2\bin\server\jvm.dll
0x00007ff843150000 - 0x00007ff843158000 	C:\windows\System32\PSAPI.DLL
0x00007ff8244c0000 - 0x00007ff8244c9000 	C:\windows\SYSTEM32\WSOCK32.dll
0x00007ff842640000 - 0x00007ff8426ab000 	C:\windows\System32\WS2_32.dll
0x00007ff8362f0000 - 0x00007ff836317000 	C:\windows\SYSTEM32\WINMM.dll
0x00007ff83e750000 - 0x00007ff83e762000 	C:\windows\SYSTEM32\kernel.appcore.dll
0x00007ff83c1f0000 - 0x00007ff83c1fa000 	C:\Program Files\Java\jdk-17.0.2\bin\jimage.dll
0x00007ff839780000 - 0x00007ff839964000 	C:\windows\SYSTEM32\DBGHELP.DLL
0x00007ff825a00000 - 0x00007ff825a34000 	C:\windows\SYSTEM32\dbgcore.DLL
0x00007ff840f30000 - 0x00007ff840fb2000 	C:\windows\System32\bcryptPrimitives.dll
0x00007ff825140000 - 0x00007ff825165000 	C:\Program Files\Java\jdk-17.0.2\bin\java.dll
0x00007ff801ae0000 - 0x00007ff801bb6000 	C:\Program Files\Java\jdk-17.0.2\bin\jsvml.dll
0x00007ff841a60000 - 0x00007ff8421cb000 	C:\windows\System32\SHELL32.dll
0x00007ff83ea30000 - 0x00007ff83f1ce000 	C:\windows\SYSTEM32\windows.storage.dll
0x00007ff8426b0000 - 0x00007ff842a03000 	C:\windows\System32\combase.dll
0x00007ff8402e0000 - 0x00007ff84030e000 	C:\windows\SYSTEM32\Wldp.dll
0x00007ff842cc0000 - 0x00007ff842d8d000 	C:\windows\System32\OLEAUT32.dll
0x00007ff841360000 - 0x00007ff84140d000 	C:\windows\System32\SHCORE.dll
0x00007ff842ef0000 - 0x00007ff842f45000 	C:\windows\System32\shlwapi.dll
0x00007ff8408b0000 - 0x00007ff8408d5000 	C:\windows\SYSTEM32\profapi.dll
0x00007ff825340000 - 0x00007ff825359000 	C:\Program Files\Java\jdk-17.0.2\bin\net.dll
0x00007ff8382f0000 - 0x00007ff8383fa000 	C:\windows\SYSTEM32\WINHTTP.dll
0x00007ff840040000 - 0x00007ff8400aa000 	C:\windows\system32\mswsock.dll
0x00007ff824d20000 - 0x00007ff824d36000 	C:\Program Files\Java\jdk-17.0.2\bin\nio.dll
0x00007ff824980000 - 0x00007ff824998000 	C:\Program Files\Java\jdk-17.0.2\bin\zip.dll

dbghelp: loaded successfully - version: 4.0.5 - missing functions: none
symbol engine: initialized successfully - sym options: 0x614 - pdb path: .;C:\Program Files\Java\jdk-17.0.2\bin;C:\windows\SYSTEM32;C:\windows\WinSxS\amd64_microsoft.windows.common-controls_6595b64144ccf1df_6.0.19041.3636_none_60b6a03d71f818d5;C:\Program Files\Java\jdk-17.0.2\bin\server

VM Arguments:
jvm_args: -Dapplication.home=C:\Program Files\Java\jdk-17.0.2 --add-modules=ALL-DEFAULT -Xms8m -Djdk.module.main=jdk.compiler 
java_command: jdk.compiler/com.sun.tools.javac.Main -d C:\Users\91734\Documents\NetBeansProjects\bank management system\build\classes -classpath C:\Users\91734\Documents\NetBeansProjects\bank management system\build\classes;C:\Users\91734\Downloads\jcalendar-tz-1.3.3-4.jar;C:\Java;C:\Users\91734\Downloads\mysql-connector-java-8.0.28.jar -sourcepath C:\Users\91734\Documents\NetBeansProjects\bank management system\build\empty -target 17 -encoding UTF-8 -g -processorpath C:\Users\91734\Downloads\jcalendar-tz-1.3.3-4.jar;C:\Java;C:\Users\91734\Downloads\mysql-connector-java-8.0.28.jar;C:\Users\91734\Documents\NetBeansProjects\bank management system\build\empty -s C:\Users\91734\Documents\NetBeansProjects\bank management system\build\generated-sources\ap-source-output -source 17 C:\Users\91734\Documents\NetBeansProjects\bank management system\src\bank\management\system\Conn.java C:\Users\91734\Documents\NetBeansProjects\bank management system\src\bank\management\system\Login.java C:\Users\91734\Documents\NetBeansProjects\bank management system\src\bank\management\system\SignupOne.java C:\Users\91734\Documents\NetBeansProjects\bank management system\src\bank\management\system\SignupTwo.java
java_class_path (initial): <not set>
Launcher Type: SUN_STANDARD

[Global flags]
     intx CICompilerCount                          = 3                                         {product} {ergonomic}
     uint ConcGCThreads                            = 1                                         {product} {ergonomic}
     uint G1ConcRefinementThreads                  = 4                                         {product} {ergonomic}
   size_t G1HeapRegionSize                         = 1048576                                   {product} {ergonomic}
    uintx GCDrainStackTargetSize                   = 64                                        {product} {ergonomic}
   size_t InitialHeapSize                          = 8388608                                   {product} {command line}
   size_t MarkStackSize                            = 4194304                                   {product} {ergonomic}
   size_t MaxHeapSize                              = 1595932672                                {product} {ergonomic}
   size_t MaxNewSize                               = 957349888                                 {product} {ergonomic}
   size_t MinHeapDeltaBytes                        = 1048576                                   {product} {ergonomic}
   size_t MinHeapSize                              = 8388608                                   {product} {command line}
    uintx NonNMethodCodeHeapSize                   = 5832780                                {pd product} {ergonomic}
    uintx NonProfiledCodeHeapSize                  = 122912730                              {pd product} {ergonomic}
    uintx ProfiledCodeHeapSize                     = 122912730                              {pd product} {ergonomic}
    uintx ReservedCodeCacheSize                    = 251658240                              {pd product} {ergonomic}
     bool SegmentedCodeCache                       = true                                      {product} {ergonomic}
   size_t SoftMaxHeapSize                          = 1595932672                             {manageable} {ergonomic}
     bool UseCompressedClassPointers               = true                           {product lp64_product} {ergonomic}
     bool UseCompressedOops                        = true                           {product lp64_product} {ergonomic}
     bool UseG1GC                                  = true                                      {product} {ergonomic}
     bool UseLargePagesIndividualAllocation        = false                                  {pd product} {ergonomic}

Logging:
Log output configuration:
 #0: stdout all=warning uptime,level,tags
 #1: stderr all=off uptime,level,tags

Environment Variables:
PATH=C:\Program Files\Common Files\Oracle\Java\javapath;C:\Program Files (x86)\NVIDIA Corporation\PhysX\Common;C:\windows\system32;C:\windows;C:\windows\System32\Wbem;C:\windows\System32\WindowsPowerShell\v1.0\;C:\windows\System32\OpenSSH\;C:\Program Files (x86)\Windows Kits\8.1\Windows Performance Toolkit\;C:\Program Files\HP\HP One Agent;C:\Program Files\Java\jdk-17.0.2\bin;C:\Program Files\Java\jdk-17.0.2\bin;C:\Program Files\MySQL\MySQL Shell 8.0\bin\;C:\Users\91734\AppData\Local\Microsoft\WindowsApps;
USERNAME=91734
OS=Windows_NT
PROCESSOR_IDENTIFIER=AMD64 Family 23 Model 24 Stepping 1, AuthenticAMD



---------------  S Y S T E M  ---------------

OS:
 Windows 10 , 64 bit Build 19041 (10.0.19041.3636)
OS uptime: 4 days 12:50 hours

CPU: total 4 (initial active 4) (4 cores per cpu, 2 threads per core) family 23 model 24 stepping 1 microcode 0x0, cx8, cmov, fxsr, ht, mmx, 3dnowpref, sse, sse2, sse3, ssse3, sse4a, sse4.1, sse4.2, popcnt, lzcnt, tsc, tscinvbit, avx, avx2, aes, clmul, bmi1, bmi2, adx, sha, fma, vzeroupper, clflush, clflushopt

Memory: 4k page, system-wide physical 6086M (627M free)
TotalPageFile size 24518M (AvailPageFile size 4M)
current process WorkingSet (physical memory assigned to process): 44M, peak: 44M
current process commit charge ("private bytes"): 82M, peak: 82M

vm_info: Java HotSpot(TM) 64-Bit Server VM (17.0.2+8-LTS-86) for windows-amd64 JRE (17.0.2+8-LTS-86), built on Dec  7 2021 21:51:03 by "mach5one" with MS VC++ 16.8 / 16.9 (VS2019)

END.
