#
# There is insufficient memory for the Java Runtime Environment to continue.
# Native memory allocation (malloc) failed to allocate 32744 bytes for ChunkPool::allocate
# Possible reasons:
#   The system is out of physical RAM or swap space
#   The process is running with CompressedOops enabled, and the Java Heap may be blocking the growth of the native heap
# Possible solutions:
#   Reduce memory load on the system
#   Increase physical memory or swap space
#   Check if swap backing store is full
#   Decrease Java heap size (-Xmx/-Xms)
#   Decrease number of Java threads
#   Decrease Java thread stack sizes (-Xss)
#   Set larger code cache with -XX:ReservedCodeCacheSize=
#   JVM is running with Unscaled Compressed Oops mode in which the Java heap is
#     placed in the first 4GB address space. The Java Heap base address is the
#     maximum limit for the native heap growth. Please use -XX:HeapBaseMinAddress
#     to set the Java Heap base and to place the Java Heap above 4GB virtual address.
# This output file may be truncated or incomplete.
#
#  Out of Memory Error (arena.cpp:78), pid=29248, tid=30472
#
# JRE version: Java(TM) SE Runtime Environment (17.0.2+8) (build 17.0.2+8-LTS-86)
# Java VM: Java HotSpot(TM) 64-Bit Server VM (17.0.2+8-LTS-86, mixed mode, tiered, compressed oops, compressed class ptrs, g1 gc, windows-amd64)
# No core dump will be written. Minidumps are not enabled by default on client versions of Windows
#

---------------  S U M M A R Y ------------

Command Line: -Dfile.encoding=UTF-8 --module-path=C:\Users\91734\Documents\NetBeansProjects\bank management system\build\classes bank.management.system.SignupTwo

Host: AMD Ryzen 3 3250U with Radeon Graphics         , 4 cores, 5G,  Windows 10 , 64 bit Build 19041 (10.0.19041.3636)
Time: Mon Jun 17 21:16:42 2024 India Standard Time elapsed time: 0.154417 seconds (0d 0h 0m 0s)

---------------  T H R E A D  ---------------

Current thread (0x000001435db84ab0):  JavaThread "C2 CompilerThread0" daemon [_thread_in_native, id=30472, stack(0x00000031a0000000,0x00000031a0100000)]


Current CompileTask:
C2:    154   17       4       java.lang.StringLatin1::hashCode (42 bytes)

Stack: [0x00000031a0000000,0x00000031a0100000]
Native frames: (J=compiled Java code, j=interpreted, Vv=VM code, C=native code)
V  [jvm.dll+0x670baa]
V  [jvm.dll+0x7cfcb4]
V  [jvm.dll+0x7d145e]
V  [jvm.dll+0x7d1ac3]
V  [jvm.dll+0x242bc5]
V  [jvm.dll+0xaa7c0]
V  [jvm.dll+0xaab0c]
V  [jvm.dll+0x64daa8]
V  [jvm.dll+0x64d5ce]
V  [jvm.dll+0x6c9ace]
V  [jvm.dll+0x56c4e2]
V  [jvm.dll+0x56d082]
V  [jvm.dll+0x570863]
V  [jvm.dll+0x57234c]
V  [jvm.dll+0x571e9d]
V  [jvm.dll+0x571d80]
V  [jvm.dll+0x579b8d]
V  [jvm.dll+0x21de3d]
V  [jvm.dll+0x217792]
V  [jvm.dll+0x214fab]
V  [jvm.dll+0x1a1bbd]
V  [jvm.dll+0x224908]
V  [jvm.dll+0x222a6c]
V  [jvm.dll+0x7859bb]
V  [jvm.dll+0x77ff7a]
V  [jvm.dll+0x66fa35]
C  [ucrtbase.dll+0x21bb2]
C  [KERNEL32.DLL+0x17344]
C  [ntdll.dll+0x526b1]


---------------  P R O C E S S  ---------------

Threads class SMR info:
_java_thread_list=0x000001435db89040, length=10, elements={
0x00000143415919a0, 0x000001435db51630, 0x000001435db56df0, 0x000001435db285b0,
0x000001435db66350, 0x000001435db6aa10, 0x000001435db6b2d0, 0x000001435db84ab0,
0x000001435db85460, 0x000001435db91d70
}

Java Threads: ( => current thread )
  0x00000143415919a0 JavaThread "main" [_thread_in_vm, id=35060, stack(0x000000319f300000,0x000000319f400000)]
  0x000001435db51630 JavaThread "Reference Handler" daemon [_thread_blocked, id=36780, stack(0x000000319fa00000,0x000000319fb00000)]
  0x000001435db56df0 JavaThread "Finalizer" daemon [_thread_blocked, id=35496, stack(0x000000319fb00000,0x000000319fc00000)]
  0x000001435db285b0 JavaThread "Signal Dispatcher" daemon [_thread_blocked, id=29168, stack(0x000000319fc00000,0x000000319fd00000)]
  0x000001435db66350 JavaThread "Attach Listener" daemon [_thread_blocked, id=36240, stack(0x000000319fd00000,0x000000319fe00000)]
  0x000001435db6aa10 JavaThread "Service Thread" daemon [_thread_blocked, id=27136, stack(0x000000319fe00000,0x000000319ff00000)]
  0x000001435db6b2d0 JavaThread "Monitor Deflation Thread" daemon [_thread_blocked, id=37252, stack(0x000000319ff00000,0x00000031a0000000)]
=>0x000001435db84ab0 JavaThread "C2 CompilerThread0" daemon [_thread_in_native, id=30472, stack(0x00000031a0000000,0x00000031a0100000)]
  0x000001435db85460 JavaThread "C1 CompilerThread0" daemon [_thread_blocked, id=10068, stack(0x00000031a0100000,0x00000031a0200000)]
  0x000001435db91d70 JavaThread "Sweeper thread" daemon [_thread_blocked, id=10916, stack(0x00000031a0200000,0x00000031a0300000)]

Other Threads:
  0x000001435daeffa0 VMThread "VM Thread" [stack: 0x000000319f900000,0x000000319fa00000] [id=27760]
  0x00000143415c6590 GCTaskThread "GC Thread#0" [stack: 0x000000319f400000,0x000000319f500000] [id=35996]
  0x00000143415d5640 ConcurrentGCThread "G1 Main Marker" [stack: 0x000000319f500000,0x000000319f600000] [id=27532]
  0x00000143415d5f60 ConcurrentGCThread "G1 Conc#0" [stack: 0x000000319f600000,0x000000319f700000] [id=35692]
  0x0000014341639f10 ConcurrentGCThread "G1 Refine#0" [stack: 0x000000319f700000,0x000000319f800000] [id=36000]
  0x000001434163a840 ConcurrentGCThread "G1 Service" [stack: 0x000000319f800000,0x000000319f900000] [id=36336]

Threads with active compile tasks:
C2 CompilerThread0      424   17       4       java.lang.StringLatin1::hashCode (42 bytes)

VM state: not at safepoint (normal execution)

VM Mutex/Monitor currently owned by a thread:  ([mutex/lock_event])
[0x000001434158ae30] Metaspace_lock - owner thread: 0x00000143415919a0

Heap address: 0x00000000a0e00000, size: 1522 MB, Compressed Oops mode: 32-bit

CDS archive(s) not mapped
Compressed class space mapped at: 0x0000000100000000-0x0000000140000000, reserved size: 1073741824
Narrow klass base: 0x0000000000000000, Narrow klass shift: 3, Narrow klass range: 0x140000000

GC Precious Log:
 CPUs: 4 total, 4 available
 Memory: 6086M
 Large Page Support: Disabled
 NUMA Support: Disabled
 Compressed Oops: Enabled (32-bit)
 Heap Region Size: 1M
 Heap Min Capacity: 8M
 Heap Initial Capacity: 96M
 Heap Max Capacity: 1522M
 Pre-touch: Disabled
 Parallel Workers: 4
 Concurrent Workers: 1
 Concurrent Refinement Workers: 4
 Periodic GC: Disabled

Heap:
 garbage-first heap   total 98304K, used 0K [0x00000000a0e00000, 0x0000000100000000)
  region size 1024K, 1 young (1024K), 0 survivors (0K)
 Metaspace       used 3678K, committed 3712K, reserved 1056768K
  class space    used 286K, committed 320K, reserved 1048576K

Heap Regions: E=young(eden), S=young(survivor), O=old, HS=humongous(starts), HC=humongous(continues), CS=collection set, F=free, OA=open archive, CA=closed archive, TAMS=top-at-mark-start (previous, next)
|   0|0x00000000a0e00000, 0x00000000a0e00000, 0x00000000a0f00000|  0%| F|  |TAMS 0x00000000a0e00000, 0x00000000a0e00000| Untracked 
|   1|0x00000000a0f00000, 0x00000000a0f00000, 0x00000000a1000000|  0%| F|  |TAMS 0x00000000a0f00000, 0x00000000a0f00000| Untracked 
|   2|0x00000000a1000000, 0x00000000a1000000, 0x00000000a1100000|  0%| F|  |TAMS 0x00000000a1000000, 0x00000000a1000000| Untracked 
|   3|0x00000000a1100000, 0x00000000a1100000, 0x00000000a1200000|  0%| F|  |TAMS 0x00000000a1100000, 0x00000000a1100000| Untracked 
|   4|0x00000000a1200000, 0x00000000a1200000, 0x00000000a1300000|  0%| F|  |TAMS 0x00000000a1200000, 0x00000000a1200000| Untracked 
|   5|0x00000000a1300000, 0x00000000a1300000, 0x00000000a1400000|  0%| F|  |TAMS 0x00000000a1300000, 0x00000000a1300000| Untracked 
|   6|0x00000000a1400000, 0x00000000a1400000, 0x00000000a1500000|  0%| F|  |TAMS 0x00000000a1400000, 0x00000000a1400000| Untracked 
|   7|0x00000000a1500000, 0x00000000a1500000, 0x00000000a1600000|  0%| F|  |TAMS 0x00000000a1500000, 0x00000000a1500000| Untracked 
|   8|0x00000000a1600000, 0x00000000a1600000, 0x00000000a1700000|  0%| F|  |TAMS 0x00000000a1600000, 0x00000000a1600000| Untracked 
|   9|0x00000000a1700000, 0x00000000a1700000, 0x00000000a1800000|  0%| F|  |TAMS 0x00000000a1700000, 0x00000000a1700000| Untracked 
|  10|0x00000000a1800000, 0x00000000a1800000, 0x00000000a1900000|  0%| F|  |TAMS 0x00000000a1800000, 0x00000000a1800000| Untracked 
|  11|0x00000000a1900000, 0x00000000a1900000, 0x00000000a1a00000|  0%| F|  |TAMS 0x00000000a1900000, 0x00000000a1900000| Untracked 
|  12|0x00000000a1a00000, 0x00000000a1a00000, 0x00000000a1b00000|  0%| F|  |TAMS 0x00000000a1a00000, 0x00000000a1a00000| Untracked 
|  13|0x00000000a1b00000, 0x00000000a1b00000, 0x00000000a1c00000|  0%| F|  |TAMS 0x00000000a1b00000, 0x00000000a1b00000| Untracked 
|  14|0x00000000a1c00000, 0x00000000a1c00000, 0x00000000a1d00000|  0%| F|  |TAMS 0x00000000a1c00000, 0x00000000a1c00000| Untracked 
|  15|0x00000000a1d00000, 0x00000000a1d00000, 0x00000000a1e00000|  0%| F|  |TAMS 0x00000000a1d00000, 0x00000000a1d00000| Untracked 
|  16|0x00000000a1e00000, 0x00000000a1e00000, 0x00000000a1f00000|  0%| F|  |TAMS 0x00000000a1e00000, 0x00000000a1e00000| Untracked 
|  17|0x00000000a1f00000, 0x00000000a1f00000, 0x00000000a2000000|  0%| F|  |TAMS 0x00000000a1f00000, 0x00000000a1f00000| Untracked 
|  18|0x00000000a2000000, 0x00000000a2000000, 0x00000000a2100000|  0%| F|  |TAMS 0x00000000a2000000, 0x00000000a2000000| Untracked 
|  19|0x00000000a2100000, 0x00000000a2100000, 0x00000000a2200000|  0%| F|  |TAMS 0x00000000a2100000, 0x00000000a2100000| Untracked 
|  20|0x00000000a2200000, 0x00000000a2200000, 0x00000000a2300000|  0%| F|  |TAMS 0x00000000a2200000, 0x00000000a2200000| Untracked 
|  21|0x00000000a2300000, 0x00000000a2300000, 0x00000000a2400000|  0%| F|  |TAMS 0x00000000a2300000, 0x00000000a2300000| Untracked 
|  22|0x00000000a2400000, 0x00000000a2400000, 0x00000000a2500000|  0%| F|  |TAMS 0x00000000a2400000, 0x00000000a2400000| Untracked 
|  23|0x00000000a2500000, 0x00000000a2500000, 0x00000000a2600000|  0%| F|  |TAMS 0x00000000a2500000, 0x00000000a2500000| Untracked 
|  24|0x00000000a2600000, 0x00000000a2600000, 0x00000000a2700000|  0%| F|  |TAMS 0x00000000a2600000, 0x00000000a2600000| Untracked 
|  25|0x00000000a2700000, 0x00000000a2700000, 0x00000000a2800000|  0%| F|  |TAMS 0x00000000a2700000, 0x00000000a2700000| Untracked 
|  26|0x00000000a2800000, 0x00000000a2800000, 0x00000000a2900000|  0%| F|  |TAMS 0x00000000a2800000, 0x00000000a2800000| Untracked 
|  27|0x00000000a2900000, 0x00000000a2900000, 0x00000000a2a00000|  0%| F|  |TAMS 0x00000000a2900000, 0x00000000a2900000| Untracked 
|  28|0x00000000a2a00000, 0x00000000a2a00000, 0x00000000a2b00000|  0%| F|  |TAMS 0x00000000a2a00000, 0x00000000a2a00000| Untracked 
|  29|0x00000000a2b00000, 0x00000000a2b00000, 0x00000000a2c00000|  0%| F|  |TAMS 0x00000000a2b00000, 0x00000000a2b00000| Untracked 
|  30|0x00000000a2c00000, 0x00000000a2c00000, 0x00000000a2d00000|  0%| F|  |TAMS 0x00000000a2c00000, 0x00000000a2c00000| Untracked 
|  31|0x00000000a2d00000, 0x00000000a2d00000, 0x00000000a2e00000|  0%| F|  |TAMS 0x00000000a2d00000, 0x00000000a2d00000| Untracked 
|  32|0x00000000a2e00000, 0x00000000a2e00000, 0x00000000a2f00000|  0%| F|  |TAMS 0x00000000a2e00000, 0x00000000a2e00000| Untracked 
|  33|0x00000000a2f00000, 0x00000000a2f00000, 0x00000000a3000000|  0%| F|  |TAMS 0x00000000a2f00000, 0x00000000a2f00000| Untracked 
|  34|0x00000000a3000000, 0x00000000a3000000, 0x00000000a3100000|  0%| F|  |TAMS 0x00000000a3000000, 0x00000000a3000000| Untracked 
|  35|0x00000000a3100000, 0x00000000a3100000, 0x00000000a3200000|  0%| F|  |TAMS 0x00000000a3100000, 0x00000000a3100000| Untracked 
|  36|0x00000000a3200000, 0x00000000a3200000, 0x00000000a3300000|  0%| F|  |TAMS 0x00000000a3200000, 0x00000000a3200000| Untracked 
|  37|0x00000000a3300000, 0x00000000a3300000, 0x00000000a3400000|  0%| F|  |TAMS 0x00000000a3300000, 0x00000000a3300000| Untracked 
|  38|0x00000000a3400000, 0x00000000a3400000, 0x00000000a3500000|  0%| F|  |TAMS 0x00000000a3400000, 0x00000000a3400000| Untracked 
|  39|0x00000000a3500000, 0x00000000a3500000, 0x00000000a3600000|  0%| F|  |TAMS 0x00000000a3500000, 0x00000000a3500000| Untracked 
|  40|0x00000000a3600000, 0x00000000a3600000, 0x00000000a3700000|  0%| F|  |TAMS 0x00000000a3600000, 0x00000000a3600000| Untracked 
|  41|0x00000000a3700000, 0x00000000a3700000, 0x00000000a3800000|  0%| F|  |TAMS 0x00000000a3700000, 0x00000000a3700000| Untracked 
|  42|0x00000000a3800000, 0x00000000a3800000, 0x00000000a3900000|  0%| F|  |TAMS 0x00000000a3800000, 0x00000000a3800000| Untracked 
|  43|0x00000000a3900000, 0x00000000a3900000, 0x00000000a3a00000|  0%| F|  |TAMS 0x00000000a3900000, 0x00000000a3900000| Untracked 
|  44|0x00000000a3a00000, 0x00000000a3a00000, 0x00000000a3b00000|  0%| F|  |TAMS 0x00000000a3a00000, 0x00000000a3a00000| Untracked 
|  45|0x00000000a3b00000, 0x00000000a3b00000, 0x00000000a3c00000|  0%| F|  |TAMS 0x00000000a3b00000, 0x00000000a3b00000| Untracked 
|  46|0x00000000a3c00000, 0x00000000a3c00000, 0x00000000a3d00000|  0%| F|  |TAMS 0x00000000a3c00000, 0x00000000a3c00000| Untracked 
|  47|0x00000000a3d00000, 0x00000000a3d00000, 0x00000000a3e00000|  0%| F|  |TAMS 0x00000000a3d00000, 0x00000000a3d00000| Untracked 
|  48|0x00000000a3e00000, 0x00000000a3e00000, 0x00000000a3f00000|  0%| F|  |TAMS 0x00000000a3e00000, 0x00000000a3e00000| Untracked 
|  49|0x00000000a3f00000, 0x00000000a3f00000, 0x00000000a4000000|  0%| F|  |TAMS 0x00000000a3f00000, 0x00000000a3f00000| Untracked 
|  50|0x00000000a4000000, 0x00000000a4000000, 0x00000000a4100000|  0%| F|  |TAMS 0x00000000a4000000, 0x00000000a4000000| Untracked 
|  51|0x00000000a4100000, 0x00000000a4100000, 0x00000000a4200000|  0%| F|  |TAMS 0x00000000a4100000, 0x00000000a4100000| Untracked 
|  52|0x00000000a4200000, 0x00000000a4200000, 0x00000000a4300000|  0%| F|  |TAMS 0x00000000a4200000, 0x00000000a4200000| Untracked 
|  53|0x00000000a4300000, 0x00000000a4300000, 0x00000000a4400000|  0%| F|  |TAMS 0x00000000a4300000, 0x00000000a4300000| Untracked 
|  54|0x00000000a4400000, 0x00000000a4400000, 0x00000000a4500000|  0%| F|  |TAMS 0x00000000a4400000, 0x00000000a4400000| Untracked 
|  55|0x00000000a4500000, 0x00000000a4500000, 0x00000000a4600000|  0%| F|  |TAMS 0x00000000a4500000, 0x00000000a4500000| Untracked 
|  56|0x00000000a4600000, 0x00000000a4600000, 0x00000000a4700000|  0%| F|  |TAMS 0x00000000a4600000, 0x00000000a4600000| Untracked 
|  57|0x00000000a4700000, 0x00000000a4700000, 0x00000000a4800000|  0%| F|  |TAMS 0x00000000a4700000, 0x00000000a4700000| Untracked 
|  58|0x00000000a4800000, 0x00000000a4800000, 0x00000000a4900000|  0%| F|  |TAMS 0x00000000a4800000, 0x00000000a4800000| Untracked 
|  59|0x00000000a4900000, 0x00000000a4900000, 0x00000000a4a00000|  0%| F|  |TAMS 0x00000000a4900000, 0x00000000a4900000| Untracked 
|  60|0x00000000a4a00000, 0x00000000a4a00000, 0x00000000a4b00000|  0%| F|  |TAMS 0x00000000a4a00000, 0x00000000a4a00000| Untracked 
|  61|0x00000000a4b00000, 0x00000000a4b00000, 0x00000000a4c00000|  0%| F|  |TAMS 0x00000000a4b00000, 0x00000000a4b00000| Untracked 
|  62|0x00000000a4c00000, 0x00000000a4c00000, 0x00000000a4d00000|  0%| F|  |TAMS 0x00000000a4c00000, 0x00000000a4c00000| Untracked 
|  63|0x00000000a4d00000, 0x00000000a4d00000, 0x00000000a4e00000|  0%| F|  |TAMS 0x00000000a4d00000, 0x00000000a4d00000| Untracked 
|  64|0x00000000a4e00000, 0x00000000a4e00000, 0x00000000a4f00000|  0%| F|  |TAMS 0x00000000a4e00000, 0x00000000a4e00000| Untracked 
|  65|0x00000000a4f00000, 0x00000000a4f00000, 0x00000000a5000000|  0%| F|  |TAMS 0x00000000a4f00000, 0x00000000a4f00000| Untracked 
|  66|0x00000000a5000000, 0x00000000a5000000, 0x00000000a5100000|  0%| F|  |TAMS 0x00000000a5000000, 0x00000000a5000000| Untracked 
|  67|0x00000000a5100000, 0x00000000a5100000, 0x00000000a5200000|  0%| F|  |TAMS 0x00000000a5100000, 0x00000000a5100000| Untracked 
|  68|0x00000000a5200000, 0x00000000a5200000, 0x00000000a5300000|  0%| F|  |TAMS 0x00000000a5200000, 0x00000000a5200000| Untracked 
|  69|0x00000000a5300000, 0x00000000a5300000, 0x00000000a5400000|  0%| F|  |TAMS 0x00000000a5300000, 0x00000000a5300000| Untracked 
|  70|0x00000000a5400000, 0x00000000a5400000, 0x00000000a5500000|  0%| F|  |TAMS 0x00000000a5400000, 0x00000000a5400000| Untracked 
|  71|0x00000000a5500000, 0x00000000a5500000, 0x00000000a5600000|  0%| F|  |TAMS 0x00000000a5500000, 0x00000000a5500000| Untracked 
|  72|0x00000000a5600000, 0x00000000a5600000, 0x00000000a5700000|  0%| F|  |TAMS 0x00000000a5600000, 0x00000000a5600000| Untracked 
|  73|0x00000000a5700000, 0x00000000a5700000, 0x00000000a5800000|  0%| F|  |TAMS 0x00000000a5700000, 0x00000000a5700000| Untracked 
|  74|0x00000000a5800000, 0x00000000a5800000, 0x00000000a5900000|  0%| F|  |TAMS 0x00000000a5800000, 0x00000000a5800000| Untracked 
|  75|0x00000000a5900000, 0x00000000a5900000, 0x00000000a5a00000|  0%| F|  |TAMS 0x00000000a5900000, 0x00000000a5900000| Untracked 
|  76|0x00000000a5a00000, 0x00000000a5a00000, 0x00000000a5b00000|  0%| F|  |TAMS 0x00000000a5a00000, 0x00000000a5a00000| Untracked 
|  77|0x00000000a5b00000, 0x00000000a5b00000, 0x00000000a5c00000|  0%| F|  |TAMS 0x00000000a5b00000, 0x00000000a5b00000| Untracked 
|  78|0x00000000a5c00000, 0x00000000a5c00000, 0x00000000a5d00000|  0%| F|  |TAMS 0x00000000a5c00000, 0x00000000a5c00000| Untracked 
|  79|0x00000000a5d00000, 0x00000000a5d00000, 0x00000000a5e00000|  0%| F|  |TAMS 0x00000000a5d00000, 0x00000000a5d00000| Untracked 
|  80|0x00000000a5e00000, 0x00000000a5e00000, 0x00000000a5f00000|  0%| F|  |TAMS 0x00000000a5e00000, 0x00000000a5e00000| Untracked 
|  81|0x00000000a5f00000, 0x00000000a5f00000, 0x00000000a6000000|  0%| F|  |TAMS 0x00000000a5f00000, 0x00000000a5f00000| Untracked 
|  82|0x00000000a6000000, 0x00000000a6000000, 0x00000000a6100000|  0%| F|  |TAMS 0x00000000a6000000, 0x00000000a6000000| Untracked 
|  83|0x00000000a6100000, 0x00000000a6100000, 0x00000000a6200000|  0%| F|  |TAMS 0x00000000a6100000, 0x00000000a6100000| Untracked 
|  84|0x00000000a6200000, 0x00000000a6200000, 0x00000000a6300000|  0%| F|  |TAMS 0x00000000a6200000, 0x00000000a6200000| Untracked 
|  85|0x00000000a6300000, 0x00000000a6300000, 0x00000000a6400000|  0%| F|  |TAMS 0x00000000a6300000, 0x00000000a6300000| Untracked 
|  86|0x00000000a6400000, 0x00000000a6400000, 0x00000000a6500000|  0%| F|  |TAMS 0x00000000a6400000, 0x00000000a6400000| Untracked 
|  87|0x00000000a6500000, 0x00000000a6500000, 0x00000000a6600000|  0%| F|  |TAMS 0x00000000a6500000, 0x00000000a6500000| Untracked 
|  88|0x00000000a6600000, 0x00000000a6600000, 0x00000000a6700000|  0%| F|  |TAMS 0x00000000a6600000, 0x00000000a6600000| Untracked 
|  89|0x00000000a6700000, 0x00000000a6700000, 0x00000000a6800000|  0%| F|  |TAMS 0x00000000a6700000, 0x00000000a6700000| Untracked 
|  90|0x00000000a6800000, 0x00000000a6800000, 0x00000000a6900000|  0%| F|  |TAMS 0x00000000a6800000, 0x00000000a6800000| Untracked 
|  91|0x00000000a6900000, 0x00000000a6900000, 0x00000000a6a00000|  0%| F|  |TAMS 0x00000000a6900000, 0x00000000a6900000| Untracked 
|  92|0x00000000a6a00000, 0x00000000a6a00000, 0x00000000a6b00000|  0%| F|  |TAMS 0x00000000a6a00000, 0x00000000a6a00000| Untracked 
|  93|0x00000000a6b00000, 0x00000000a6b00000, 0x00000000a6c00000|  0%| F|  |TAMS 0x00000000a6b00000, 0x00000000a6b00000| Untracked 
|  94|0x00000000a6c00000, 0x00000000a6c00000, 0x00000000a6d00000|  0%| F|  |TAMS 0x00000000a6c00000, 0x00000000a6c00000| Untracked 
|  95|0x00000000a6d00000, 0x00000000a6dc7c20, 0x00000000a6e00000| 78%| E|  |TAMS 0x00000000a6d00000, 0x00000000a6d00000| Complete 

Card table byte_map: [0x00000143580f0000,0x00000143583f0000] _byte_map_base: 0x0000014357be9000

Marking Bits (Prev, Next): (CMBitMap*) 0x00000143415c8ed0, (CMBitMap*) 0x00000143415c8f10
 Prev Bits: [0x00000143586f0000, 0x0000014359eb8000)
 Next Bits: [0x0000014359ec0000, 0x000001435b688000)

Polling page: 0x000001433f470000

Metaspace:

Usage:
  Non-class:      3.31 MB used.
      Class:    286.80 KB used.
       Both:      3.59 MB used.

Virtual space:
  Non-class space:        8.00 MB reserved,       3.31 MB ( 41%) committed,  1 nodes.
      Class space:        1.00 GB reserved,     320.00 KB ( <1%) committed,  1 nodes.
             Both:        1.01 GB reserved,       3.62 MB ( <1%) committed. 

Chunk freelists:
   Non-Class:  0 bytes
       Class:  3.62 MB
        Both:  3.62 MB

MaxMetaspaceSize: unlimited
CompressedClassSpaceSize: 1.00 GB
Initial GC threshold: 21.00 MB
Current GC threshold: 21.00 MB
CDS: off
MetaspaceReclaimPolicy: balanced
 - commit_granule_bytes: 65536.
 - commit_granule_words: 8192.
 - virtual_space_node_default_size: 1048576.
 - enlarge_chunks_in_place: 1.
 - new_chunks_are_fully_committed: 0.
 - uncommit_free_chunks: 1.
 - use_allocation_guard: 0.
 - handle_deallocations: 1.


Internal statistics:

num_allocs_failed_limit: 0.
num_arena_births: 2.
num_arena_deaths: 0.
num_vsnodes_births: 2.
num_vsnodes_deaths: 0.
num_space_committed: 58.
num_space_uncommitted: 0.
num_chunks_returned_to_freelist: 0.
num_chunks_taken_from_freelist: 4.
num_chunk_merges: 0.
num_chunk_splits: 1.
num_chunks_enlarged: 0.
num_purges: 0.
num_inconsistent_stats: 0.

CodeHeap 'non-profiled nmethods': size=120000Kb used=1Kb max_used=1Kb free=119998Kb
 bounds [0x00000143508c0000, 0x0000014350b30000, 0x0000014357df0000]
CodeHeap 'profiled nmethods': size=120000Kb used=37Kb max_used=37Kb free=119962Kb
 bounds [0x0000014349390000, 0x0000014349600000, 0x00000143508c0000]
CodeHeap 'non-nmethods': size=5760Kb used=1037Kb max_used=1037Kb free=4722Kb
 bounds [0x0000014348df0000, 0x0000014349060000, 0x0000014349390000]
 total_blobs=322 nmethods=30 adapters=205
 compilation: enabled
              stopped_count=0, restarted_count=0
 full_count=0

Compilation events (20 events):
Event: 0.150 Thread 0x000001435db85460 nmethod 9 0x0000014349392b10 code [0x0000014349392cc0, 0x0000014349392fa8]
Event: 0.150 Thread 0x000001435db85460   11       3       java.lang.StringLatin1::equals (36 bytes)
Event: 0.150 Thread 0x000001435db85460 nmethod 11 0x0000014349393110 code [0x00000143493932c0, 0x0000014349393578]
Event: 0.150 Thread 0x000001435db85460   10       3       java.lang.String::equals (56 bytes)
Event: 0.150 Thread 0x000001435db85460 nmethod 10 0x0000014349393690 code [0x0000014349393860, 0x0000014349393cc8]
Event: 0.151 Thread 0x000001435db85460   12       3       java.util.Objects::equals (23 bytes)
Event: 0.151 Thread 0x000001435db85460 nmethod 12 0x0000014349393d90 code [0x0000014349393f40, 0x00000143493941a8]
Event: 0.151 Thread 0x000001435db85460   13       3       java.util.Set::of (4 bytes)
Event: 0.151 Thread 0x000001435db85460 nmethod 13 0x0000014349394290 code [0x0000014349394420, 0x0000014349394518]
Event: 0.151 Thread 0x000001435db85460   15       3       java.util.Objects::requireNonNull (14 bytes)
Event: 0.151 Thread 0x000001435db84ab0   17       4       java.lang.StringLatin1::hashCode (42 bytes)
Event: 0.151 Thread 0x000001435db85460 nmethod 15 0x0000014349394590 code [0x0000014349394740, 0x0000014349394928]
Event: 0.151 Thread 0x000001435db85460   14       3       java.lang.module.ModuleDescriptor$Exports::<init> (20 bytes)
Event: 0.151 Thread 0x000001435db85460 nmethod 14 0x0000014349394a10 code [0x0000014349394bc0, 0x0000014349394e38]
Event: 0.151 Thread 0x000001435db85460   16       3       java.lang.module.ModuleDescriptor$Exports::hashCode (38 bytes)
Event: 0.151 Thread 0x000001435db85460 nmethod 16 0x0000014349394f10 code [0x00000143493950e0, 0x00000143493953e8]
Event: 0.151 Thread 0x000001435db85460   18       3       java.util.AbstractCollection::<init> (5 bytes)
Event: 0.152 Thread 0x000001435db85460 nmethod 18 0x0000014349395510 code [0x00000143493956a0, 0x00000143493957f8]
Event: 0.152 Thread 0x000001435db85460   19       3       java.util.ImmutableCollections$AbstractImmutableCollection::<init> (5 bytes)
Event: 0.152 Thread 0x000001435db85460 nmethod 19 0x0000014349395890 code [0x0000014349395a40, 0x0000014349395bf8]

GC Heap History (0 events):
No events

Deoptimization events (0 events):
No events

Classes unloaded (0 events):
No events

Classes redefined (0 events):
No events

Internal exceptions (0 events):
No events

VM Operations (0 events):
No events

Events (20 events):
Event: 0.147 loading class jdk/internal/module/SystemModules$all
Event: 0.148 loading class jdk/internal/module/SystemModules
Event: 0.148 loading class jdk/internal/module/SystemModules done
Event: 0.148 loading class jdk/internal/module/SystemModules$all done
Event: 0.148 loading class jdk/internal/module/Builder
Event: 0.148 loading class jdk/internal/module/Builder done
Event: 0.148 loading class java/lang/module/ModuleDescriptor$Requires
Event: 0.148 loading class java/lang/module/ModuleDescriptor$Requires done
Event: 0.148 loading class java/lang/module/ModuleDescriptor$Exports
Event: 0.148 loading class java/lang/module/ModuleDescriptor$Exports done
Event: 0.149 loading class java/lang/module/ModuleDescriptor$Opens
Event: 0.149 loading class java/lang/module/ModuleDescriptor$Opens done
Event: 0.149 loading class java/lang/module/ModuleDescriptor$Provides
Event: 0.149 loading class java/lang/module/ModuleDescriptor$Provides done
Event: 0.149 loading class java/lang/module/ModuleDescriptor$Version
Event: 0.149 loading class java/lang/module/ModuleDescriptor$Version done
Event: 0.149 loading class java/lang/module/ModuleDescriptor$Modifier
Event: 0.149 loading class java/lang/module/ModuleDescriptor$Modifier done
Event: 0.149 loading class java/lang/module/ModuleDescriptor$Requires$Modifier
Event: 0.149 loading class java/lang/module/ModuleDescriptor$Requires$Modifier done


Dynamic libraries:
0x00007ff63f950000 - 0x00007ff63f960000 	C:\Program Files\Java\jdk-17.0.2\bin\java.exe
0x00007ff8432d0000 - 0x00007ff8434c8000 	C:\windows\SYSTEM32\ntdll.dll
0x00007ff842e30000 - 0x00007ff842eed000 	C:\windows\System32\KERNEL32.DLL
0x00007ff840b10000 - 0x00007ff840e06000 	C:\windows\System32\KERNELBASE.dll
0x00007ff840fc0000 - 0x00007ff8410c0000 	C:\windows\System32\ucrtbase.dll
0x00007ff83bf80000 - 0x00007ff83bf9a000 	C:\Program Files\Java\jdk-17.0.2\bin\VCRUNTIME140.dll
0x00007ff825080000 - 0x00007ff825098000 	C:\Program Files\Java\jdk-17.0.2\bin\jli.dll
0x00007ff8421d0000 - 0x00007ff842280000 	C:\windows\System32\ADVAPI32.dll
0x00007ff842b80000 - 0x00007ff842c1e000 	C:\windows\System32\msvcrt.dll
0x00007ff842d90000 - 0x00007ff842e30000 	C:\windows\System32\sechost.dll
0x00007ff842a50000 - 0x00007ff842b75000 	C:\windows\System32\RPCRT4.dll
0x00007ff8412d0000 - 0x00007ff8412f7000 	C:\windows\System32\bcrypt.dll
0x00007ff842360000 - 0x00007ff8424fe000 	C:\windows\System32\USER32.dll
0x00007ff840f00000 - 0x00007ff840f22000 	C:\windows\System32\win32u.dll
0x00007ff842c30000 - 0x00007ff842c5b000 	C:\windows\System32\GDI32.dll
0x00007ff8409f0000 - 0x00007ff840b07000 	C:\windows\System32\gdi32full.dll
0x00007ff840e10000 - 0x00007ff840ead000 	C:\windows\System32\msvcp_win.dll
0x00007ff82b290000 - 0x00007ff82b52a000 	C:\windows\WinSxS\amd64_microsoft.windows.common-controls_6595b64144ccf1df_6.0.19041.3636_none_60b6a03d71f818d5\COMCTL32.dll
0x00007ff836320000 - 0x00007ff83632a000 	C:\windows\SYSTEM32\VERSION.dll
0x00007ff842a10000 - 0x00007ff842a42000 	C:\windows\System32\IMM32.DLL
0x00007ff83c7e0000 - 0x00007ff83c7ec000 	C:\Program Files\Java\jdk-17.0.2\bin\vcruntime140_1.dll
0x00007ff8045e0000 - 0x00007ff80466d000 	C:\Program Files\Java\jdk-17.0.2\bin\msvcp140.dll
0x00007fffc6bc0000 - 0x00007fffc7781000 	C:\Program Files\Java\jdk-17.0.2\bin\server\jvm.dll
0x00007ff843150000 - 0x00007ff843158000 	C:\windows\System32\PSAPI.DLL
0x00007ff8244c0000 - 0x00007ff8244c9000 	C:\windows\SYSTEM32\WSOCK32.dll
0x00007ff842640000 - 0x00007ff8426ab000 	C:\windows\System32\WS2_32.dll
0x00007ff8362f0000 - 0x00007ff836317000 	C:\windows\SYSTEM32\WINMM.dll
0x00007ff83e750000 - 0x00007ff83e762000 	C:\windows\SYSTEM32\kernel.appcore.dll
0x00007ff83c1f0000 - 0x00007ff83c1fa000 	C:\Program Files\Java\jdk-17.0.2\bin\jimage.dll
0x00007ff839780000 - 0x00007ff839964000 	C:\windows\SYSTEM32\DBGHELP.DLL
0x00007ff825a00000 - 0x00007ff825a34000 	C:\windows\SYSTEM32\dbgcore.DLL
0x00007ff840f30000 - 0x00007ff840fb2000 	C:\windows\System32\bcryptPrimitives.dll
0x00007ff825140000 - 0x00007ff825165000 	C:\Program Files\Java\jdk-17.0.2\bin\java.dll
0x00007ff801ae0000 - 0x00007ff801bb6000 	C:\Program Files\Java\jdk-17.0.2\bin\jsvml.dll
0x00007ff841a60000 - 0x00007ff8421cb000 	C:\windows\System32\SHELL32.dll
0x00007ff83ea30000 - 0x00007ff83f1ce000 	C:\windows\SYSTEM32\windows.storage.dll
0x00007ff8426b0000 - 0x00007ff842a03000 	C:\windows\System32\combase.dll
0x00007ff8402e0000 - 0x00007ff84030e000 	C:\windows\SYSTEM32\Wldp.dll
0x00007ff842cc0000 - 0x00007ff842d8d000 	C:\windows\System32\OLEAUT32.dll
0x00007ff841360000 - 0x00007ff84140d000 	C:\windows\System32\SHCORE.dll
0x00007ff842ef0000 - 0x00007ff842f45000 	C:\windows\System32\shlwapi.dll
0x00007ff8408b0000 - 0x00007ff8408d5000 	C:\windows\SYSTEM32\profapi.dll

dbghelp: loaded successfully - version: 4.0.5 - missing functions: none
symbol engine: initialized successfully - sym options: 0x614 - pdb path: .;C:\Program Files\Java\jdk-17.0.2\bin;C:\windows\SYSTEM32;C:\windows\WinSxS\amd64_microsoft.windows.common-controls_6595b64144ccf1df_6.0.19041.3636_none_60b6a03d71f818d5;C:\Program Files\Java\jdk-17.0.2\bin\server

VM Arguments:
jvm_args: -Dfile.encoding=UTF-8 --module-path=C:\Users\91734\Documents\NetBeansProjects\bank management system\build\classes 
java_command: bank.management.system.SignupTwo
java_class_path (initial): C:\Users\91734\Downloads\jcalendar-tz-1.3.3-4.jar;C:\Java;C:\Users\91734\Downloads\mysql-connector-java-8.0.28.jar;C:\Users\91734\Documents\NetBeansProjects\bank management system\build\classes
Launcher Type: SUN_STANDARD

[Global flags]
     intx CICompilerCount                          = 3                                         {product} {ergonomic}
     uint ConcGCThreads                            = 1                                         {product} {ergonomic}
     uint G1ConcRefinementThreads                  = 4                                         {product} {ergonomic}
   size_t G1HeapRegionSize                         = 1048576                                   {product} {ergonomic}
    uintx GCDrainStackTargetSize                   = 64                                        {product} {ergonomic}
   size_t InitialHeapSize                          = 100663296                                 {product} {ergonomic}
   size_t MarkStackSize                            = 4194304                                   {product} {ergonomic}
   size_t MaxHeapSize                              = 1595932672                                {product} {ergonomic}
   size_t MaxNewSize                               = 957349888                                 {product} {ergonomic}
   size_t MinHeapDeltaBytes                        = 1048576                                   {product} {ergonomic}
   size_t MinHeapSize                              = 8388608                                   {product} {ergonomic}
    uintx NonNMethodCodeHeapSize                   = 5832780                                {pd product} {ergonomic}
    uintx NonProfiledCodeHeapSize                  = 122912730                              {pd product} {ergonomic}
    uintx ProfiledCodeHeapSize                     = 122912730                              {pd product} {ergonomic}
    uintx ReservedCodeCacheSize                    = 251658240                              {pd product} {ergonomic}
     bool SegmentedCodeCache                       = true                                      {product} {ergonomic}
   size_t SoftMaxHeapSize                          = 1595932672                             {manageable} {ergonomic}
     bool UseCompressedClassPointers               = true                           {product lp64_product} {ergonomic}
     bool UseCompressedOops                        = true                           {product lp64_product} {ergonomic}
     bool UseG1GC                                  = true                                      {product} {ergonomic}
     bool UseLargePagesIndividualAllocation        = false                                  {pd product} {ergonomic}

Logging:
Log output configuration:
 #0: stdout all=warning uptime,level,tags
 #1: stderr all=off uptime,level,tags

Environment Variables:
PATH=C:\Program Files\Common Files\Oracle\Java\javapath;C:\Program Files (x86)\NVIDIA Corporation\PhysX\Common;C:\windows\system32;C:\windows;C:\windows\System32\Wbem;C:\windows\System32\WindowsPowerShell\v1.0\;C:\windows\System32\OpenSSH\;C:\Program Files (x86)\Windows Kits\8.1\Windows Performance Toolkit\;C:\Program Files\HP\HP One Agent;C:\Program Files\Java\jdk-17.0.2\bin;C:\Program Files\Java\jdk-17.0.2\bin;C:\Program Files\MySQL\MySQL Shell 8.0\bin\;C:\Users\91734\AppData\Local\Microsoft\WindowsApps;
USERNAME=91734
OS=Windows_NT
PROCESSOR_IDENTIFIER=AMD64 Family 23 Model 24 Stepping 1, AuthenticAMD



---------------  S Y S T E M  ---------------

OS:
 Windows 10 , 64 bit Build 19041 (10.0.19041.3636)
OS uptime: 4 days 13:35 hours

CPU: total 4 (initial active 4) (4 cores per cpu, 2 threads per core) family 23 model 24 stepping 1 microcode 0x0, cx8, cmov, fxsr, ht, mmx, 3dnowpref, sse, sse2, sse3, ssse3, sse4a, sse4.1, sse4.2, popcnt, lzcnt, tsc, tscinvbit, avx, avx2, aes, clmul, bmi1, bmi2, adx, sha, fma, vzeroupper, clflush, clflushopt

Memory: 4k page, system-wide physical 6086M (546M free)
TotalPageFile size 24518M (AvailPageFile size 3M)
current process WorkingSet (physical memory assigned to process): 24M, peak: 24M
current process commit charge ("private bytes"): 159M, peak: 163M

vm_info: Java HotSpot(TM) 64-Bit Server VM (17.0.2+8-LTS-86) for windows-amd64 JRE (17.0.2+8-LTS-86), built on Dec  7 2021 21:51:03 by "mach5one" with MS VC++ 16.8 / 16.9 (VS2019)

END.
